2024-10-26 02:37:02,799 [INFO ] __main__: DEPARTURES  [*] Waiting for messages. To exit press CTRL+C
2024-10-26 02:37:02,812 [INFO ] __main__: DEPARTURES [x] Received {"date": "2024-10-24T02:00", "airport_iata": "DMM"}
2024-10-26 02:37:06,598 [ERROR] customer_flight_info_pipeline: DEPARTURES HTTP error 404 for endpoint https://api.lufthansa.com/v1/operations/customerflightinformation/departures/DMM/2024-10-24T02:00?limit=100
2024-10-26 02:37:06,599 [INFO ] __main__: DEPARTURES [x] Done
2024-10-26 02:37:06,602 [INFO ] __main__: DEPARTURES [x] Received {"date": "2024-10-24T02:00", "airport_iata": "DXB"}
2024-10-26 02:37:09,928 [ERROR] customer_flight_info_pipeline: DEPARTURES HTTP error 404 for endpoint https://api.lufthansa.com/v1/operations/customerflightinformation/departures/DXB/2024-10-24T02:00?limit=100
2024-10-26 02:37:09,929 [INFO ] __main__: DEPARTURES [x] Done
2024-10-26 02:37:09,932 [INFO ] __main__: DEPARTURES [x] Received {"date": "2024-10-24T02:00", "airport_iata": "PVG"}
2024-10-26 02:37:13,374 [ERROR] customer_flight_info_pipeline: DEPARTURES HTTP error 404 for endpoint https://api.lufthansa.com/v1/operations/customerflightinformation/departures/PVG/2024-10-24T02:00?limit=100
2024-10-26 02:37:13,375 [INFO ] __main__: DEPARTURES [x] Done
2024-10-26 02:37:13,377 [INFO ] __main__: DEPARTURES [x] Received {"date": "2024-10-24T02:00", "airport_iata": "BKK"}
2024-10-26 02:37:16,823 [ERROR] customer_flight_info_pipeline: DEPARTURES HTTP error 404 for endpoint https://api.lufthansa.com/v1/operations/customerflightinformation/departures/BKK/2024-10-24T02:00?limit=100
2024-10-26 02:37:16,824 [INFO ] __main__: DEPARTURES [x] Done
2024-10-26 02:37:16,826 [INFO ] __main__: DEPARTURES [x] Received {"date": "2024-10-24T02:00", "airport_iata": "IST"}
2024-10-26 02:37:19,268 [ERROR] customer_flight_info_pipeline: DEPARTURES HTTP error 404 for endpoint https://api.lufthansa.com/v1/operations/customerflightinformation/departures/IST/2024-10-24T02:00?limit=100
2024-10-26 02:37:19,269 [INFO ] __main__: DEPARTURES [x] Done
2024-10-26 02:37:19,271 [INFO ] __main__: DEPARTURES [x] Received {"date": "2024-10-24T02:00", "airport_iata": "HND"}
2024-10-26 02:37:23,381 [ERROR] customer_flight_info_pipeline: DEPARTURES HTTP error 404 for endpoint https://api.lufthansa.com/v1/operations/customerflightinformation/departures/HND/2024-10-24T02:00?limit=100
2024-10-26 02:37:23,382 [INFO ] __main__: DEPARTURES [x] Done
2024-10-26 02:37:23,384 [INFO ] __main__: DEPARTURES [x] Received {"date": "2024-10-24T02:00", "airport_iata": "PEK"}
2024-10-26 02:37:27,719 [ERROR] customer_flight_info_pipeline: DEPARTURES HTTP error 404 for endpoint https://api.lufthansa.com/v1/operations/customerflightinformation/departures/PEK/2024-10-24T02:00?limit=100
2024-10-26 02:37:27,720 [INFO ] __main__: DEPARTURES [x] Done
2024-10-26 02:37:27,722 [INFO ] __main__: DEPARTURES [x] Received {"date": "2024-10-24T02:00", "airport_iata": "DEL"}
2024-10-26 02:37:28,631 [INFO ] customer_flight_info_pipeline: DEPARTURES 1 rows were added into the database raw table.
2024-10-26 02:37:28,631 [WARNI] customer_flight_info_pipeline: DEPARTURES 0 rows couldn't be added because Exceptions.
2024-10-26 02:37:28,631 [INFO ] customer_flight_info_pipeline: DEPARTURES Connection closed to the database
2024-10-26 02:37:28,632 [INFO ] __main__: DEPARTURES [x] Done
2024-10-26 02:37:28,634 [INFO ] __main__: DEPARTURES [x] Received {"date": "2024-10-24T02:00", "airport_iata": "CAI"}
2024-10-26 02:37:30,154 [INFO ] customer_flight_info_pipeline: DEPARTURES 4 rows were added into the database raw table.
2024-10-26 02:37:30,155 [WARNI] customer_flight_info_pipeline: DEPARTURES 0 rows couldn't be added because Exceptions.
2024-10-26 02:37:30,155 [INFO ] customer_flight_info_pipeline: DEPARTURES Connection closed to the database
2024-10-26 02:37:30,156 [INFO ] __main__: DEPARTURES [x] Done
2024-10-26 02:37:30,158 [INFO ] __main__: DEPARTURES [x] Received {"date": "2024-10-24T02:00", "airport_iata": "CMN"}
2024-10-26 02:37:33,546 [ERROR] customer_flight_info_pipeline: DEPARTURES HTTP error 404 for endpoint https://api.lufthansa.com/v1/operations/customerflightinformation/departures/CMN/2024-10-24T02:00?limit=100
2024-10-26 02:37:33,547 [INFO ] __main__: DEPARTURES [x] Done
2024-10-26 02:37:33,548 [INFO ] __main__: DEPARTURES [x] Received {"date": "2024-10-24T02:00", "airport_iata": "CPT"}
2024-10-26 02:37:37,199 [ERROR] customer_flight_info_pipeline: DEPARTURES HTTP error 404 for endpoint https://api.lufthansa.com/v1/operations/customerflightinformation/departures/CPT/2024-10-24T02:00?limit=100
2024-10-26 02:37:37,200 [INFO ] __main__: DEPARTURES [x] Done
2024-10-26 02:37:37,208 [INFO ] __main__: DEPARTURES [x] Received {"date": "2024-10-24T02:00", "airport_iata": "LOS"}
2024-10-26 02:37:40,440 [ERROR] customer_flight_info_pipeline: DEPARTURES HTTP error 404 for endpoint https://api.lufthansa.com/v1/operations/customerflightinformation/departures/LOS/2024-10-24T02:00?limit=100
2024-10-26 02:37:40,441 [INFO ] __main__: DEPARTURES [x] Done
2024-10-26 02:37:40,444 [INFO ] __main__: DEPARTURES [x] Received {"date": "2024-10-24T02:00", "airport_iata": "ALG"}
2024-10-26 02:37:44,518 [ERROR] customer_flight_info_pipeline: DEPARTURES HTTP error 404 for endpoint https://api.lufthansa.com/v1/operations/customerflightinformation/departures/ALG/2024-10-24T02:00?limit=100
2024-10-26 02:37:44,519 [INFO ] __main__: DEPARTURES [x] Done
2024-10-26 02:37:44,521 [INFO ] __main__: DEPARTURES [x] Received {"date": "2024-10-24T02:00", "airport_iata": "NBO"}
2024-10-26 02:37:48,600 [ERROR] customer_flight_info_pipeline: DEPARTURES HTTP error 404 for endpoint https://api.lufthansa.com/v1/operations/customerflightinformation/departures/NBO/2024-10-24T02:00?limit=100
2024-10-26 02:37:48,601 [INFO ] __main__: DEPARTURES [x] Done
2024-10-26 02:37:48,602 [INFO ] __main__: DEPARTURES [x] Received {"date": "2024-10-24T02:00", "airport_iata": "SSH"}
2024-10-26 02:37:53,718 [ERROR] customer_flight_info_pipeline: DEPARTURES HTTP error 404 for endpoint https://api.lufthansa.com/v1/operations/customerflightinformation/departures/SSH/2024-10-24T02:00?limit=100
2024-10-26 02:37:53,719 [INFO ] __main__: DEPARTURES [x] Done
2024-10-26 02:37:53,721 [INFO ] __main__: DEPARTURES [x] Received {"date": "2024-10-24T02:00", "airport_iata": "MRU"}
2024-10-26 02:37:57,093 [ERROR] customer_flight_info_pipeline: DEPARTURES HTTP error 404 for endpoint https://api.lufthansa.com/v1/operations/customerflightinformation/departures/MRU/2024-10-24T02:00?limit=100
2024-10-26 02:37:57,094 [INFO ] __main__: DEPARTURES [x] Done
2024-10-26 02:37:57,096 [INFO ] __main__: DEPARTURES [x] Received {"date": "2024-10-24T02:00", "airport_iata": "ATL"}
