2024-10-25 01:13:37,700 [INFO ]  [x] Sent {"date": "2024-10-24T02:00", "airport_iata": "DMM"}
2024-10-25 01:13:37,701 [INFO ]  [x] Sent {"date": "2024-10-24T02:00", "airport_iata": "DXB"}
2024-10-25 01:13:37,702 [INFO ]  [x] Sent {"date": "2024-10-24T02:00", "airport_iata": "PVG"}
2024-10-25 01:13:37,703 [INFO ]  [x] Sent {"date": "2024-10-24T02:00", "airport_iata": "BKK"}
2024-10-25 01:13:37,704 [INFO ]  [x] Sent {"date": "2024-10-24T02:00", "airport_iata": "IST"}
2024-10-25 01:13:37,706 [INFO ]  [x] Sent {"date": "2024-10-24T02:00", "airport_iata": "HND"}
2024-10-25 01:13:37,707 [INFO ]  [x] Sent {"date": "2024-10-24T02:00", "airport_iata": "PEK"}
2024-10-25 01:13:37,709 [INFO ]  [x] Sent {"date": "2024-10-24T02:00", "airport_iata": "DEL"}
2024-10-25 01:13:37,710 [INFO ]  [x] Sent {"date": "2024-10-24T02:00", "airport_iata": "CAI"}
2024-10-25 01:13:37,711 [INFO ]  [x] Sent {"date": "2024-10-24T02:00", "airport_iata": "CMN"}
2024-10-25 01:13:37,713 [INFO ]  [x] Sent {"date": "2024-10-24T02:00", "airport_iata": "CPT"}
2024-10-25 01:13:37,715 [INFO ]  [x] Sent {"date": "2024-10-24T02:00", "airport_iata": "LOS"}
2024-10-25 01:13:37,716 [INFO ]  [x] Sent {"date": "2024-10-24T02:00", "airport_iata": "ALG"}
2024-10-25 01:13:37,717 [INFO ]  [x] Sent {"date": "2024-10-24T02:00", "airport_iata": "NBO"}
2024-10-25 01:13:37,718 [INFO ]  [x] Sent {"date": "2024-10-24T02:00", "airport_iata": "SSH"}
2024-10-25 01:13:37,720 [INFO ]  [x] Sent {"date": "2024-10-24T02:00", "airport_iata": "MRU"}
2024-10-25 01:13:37,722 [INFO ]  [x] Sent {"date": "2024-10-24T02:00", "airport_iata": "ATL"}
2024-10-25 01:13:37,723 [INFO ]  [x] Sent {"date": "2024-10-24T02:00", "airport_iata": "DFW"}
2024-10-25 01:13:37,724 [INFO ]  [x] Sent {"date": "2024-10-24T02:00", "airport_iata": "DEN"}
2024-10-25 01:13:37,725 [INFO ]  [x] Sent {"date": "2024-10-24T02:00", "airport_iata": "ORD"}
2024-10-25 01:13:37,726 [INFO ]  [x] Sent {"date": "2024-10-24T02:00", "airport_iata": "LAX"}
2024-10-25 01:13:37,727 [INFO ]  [x] Sent {"date": "2024-10-24T02:00", "airport_iata": "JFK"}
2024-10-25 01:13:37,729 [INFO ]  [x] Sent {"date": "2024-10-24T02:00", "airport_iata": "LAS"}
2024-10-25 01:13:37,730 [INFO ]  [x] Sent {"date": "2024-10-24T02:00", "airport_iata": "MIA"}
2024-10-25 01:13:37,731 [INFO ]  [x] Sent {"date": "2024-10-24T02:00", "airport_iata": "MCO"}
2024-10-25 01:13:37,732 [INFO ]  [x] Sent {"date": "2024-10-24T02:00", "airport_iata": "CLT"}
2024-10-25 01:13:37,734 [INFO ]  [x] Sent {"date": "2024-10-24T02:00", "airport_iata": "MEX"}
2024-10-25 01:13:37,735 [INFO ]  [x] Sent {"date": "2024-10-24T02:00", "airport_iata": "SEA"}
2024-10-25 01:13:37,737 [INFO ]  [x] Sent {"date": "2024-10-24T02:00", "airport_iata": "EWR"}
2024-10-25 01:13:37,739 [INFO ]  [x] Sent {"date": "2024-10-24T02:00", "airport_iata": "SFO"}
2024-10-25 01:13:37,740 [INFO ]  [x] Sent {"date": "2024-10-24T02:00", "airport_iata": "BOG"}
2024-10-25 01:13:37,742 [INFO ]  [x] Sent {"date": "2024-10-24T02:00", "airport_iata": "GRU"}
2024-10-25 01:13:37,743 [INFO ]  [x] Sent {"date": "2024-10-24T02:00", "airport_iata": "FRA"}
2024-10-25 01:13:37,745 [INFO ]  [x] Sent {"date": "2024-10-24T02:00", "airport_iata": "MUC"}
2024-10-25 01:13:37,746 [INFO ]  [x] Sent {"date": "2024-10-24T02:00", "airport_iata": "BER"}
2024-10-25 01:13:37,747 [INFO ]  [x] Sent {"date": "2024-10-24T02:00", "airport_iata": "AMS"}
2024-10-25 01:13:37,748 [INFO ]  [x] Sent {"date": "2024-10-24T02:00", "airport_iata": "LHR"}
2024-10-25 01:13:37,750 [INFO ]  [x] Sent {"date": "2024-10-24T02:00", "airport_iata": "MAN"}
2024-10-25 01:13:37,751 [INFO ]  [x] Sent {"date": "2024-10-24T02:00", "airport_iata": "OSL"}
2024-10-25 01:13:37,752 [INFO ]  [x] Sent {"date": "2024-10-24T02:00", "airport_iata": "ARN"}
2024-10-25 01:13:37,754 [INFO ]  [x] Sent {"date": "2024-10-24T02:00", "airport_iata": "MAD"}
2024-10-25 01:13:37,756 [INFO ]  [x] Sent {"date": "2024-10-24T02:00", "airport_iata": "LIS"}
2024-10-25 01:13:37,757 [INFO ]  [x] Sent {"date": "2024-10-24T02:00", "airport_iata": "FCO"}
2024-10-25 01:13:37,758 [INFO ]  [x] Sent {"date": "2024-10-24T02:00", "airport_iata": "ATH"}
2024-10-25 01:13:37,759 [INFO ]  [x] Sent {"date": "2024-10-24T02:00", "airport_iata": "WAW"}
2024-10-25 01:13:37,760 [INFO ]  [x] Sent {"date": "2024-10-24T02:00", "airport_iata": "VIE"}
2024-10-25 01:13:37,761 [INFO ]  [x] Sent {"date": "2024-10-24T02:00", "airport_iata": "ZRH"}
2024-10-25 01:13:37,762 [INFO ]  [x] Sent {"date": "2024-10-24T02:00", "airport_iata": "DUB"}
2024-10-25 01:13:37,763 [INFO ]  [x] Sent {"date": "2024-10-24T02:00", "airport_iata": "NCE"}
2024-10-25 01:13:37,765 [INFO ]  [x] Sent {"date": "2024-10-24T02:00", "airport_iata": "CDG"}
2024-10-25 01:13:37,767 [INFO ]  [x] Sent {"date": "2024-10-24T06:00", "airport_iata": "DMM"}
2024-10-25 01:13:37,768 [INFO ]  [x] Sent {"date": "2024-10-24T06:00", "airport_iata": "DXB"}
2024-10-25 01:13:37,769 [INFO ]  [x] Sent {"date": "2024-10-24T06:00", "airport_iata": "PVG"}
2024-10-25 01:13:37,770 [INFO ]  [x] Sent {"date": "2024-10-24T06:00", "airport_iata": "BKK"}
2024-10-25 01:13:37,771 [INFO ]  [x] Sent {"date": "2024-10-24T06:00", "airport_iata": "IST"}
2024-10-25 01:13:37,772 [INFO ]  [x] Sent {"date": "2024-10-24T06:00", "airport_iata": "HND"}
2024-10-25 01:13:37,774 [INFO ]  [x] Sent {"date": "2024-10-24T06:00", "airport_iata": "PEK"}
2024-10-25 01:13:37,775 [INFO ]  [x] Sent {"date": "2024-10-24T06:00", "airport_iata": "DEL"}
2024-10-25 01:13:37,776 [INFO ]  [x] Sent {"date": "2024-10-24T06:00", "airport_iata": "CAI"}
2024-10-25 01:13:37,778 [INFO ]  [x] Sent {"date": "2024-10-24T06:00", "airport_iata": "CMN"}
2024-10-25 01:13:37,779 [INFO ]  [x] Sent {"date": "2024-10-24T06:00", "airport_iata": "CPT"}
2024-10-25 01:13:37,780 [INFO ]  [x] Sent {"date": "2024-10-24T06:00", "airport_iata": "LOS"}
2024-10-25 01:13:37,781 [INFO ]  [x] Sent {"date": "2024-10-24T06:00", "airport_iata": "ALG"}
2024-10-25 01:13:37,781 [INFO ]  [x] Sent {"date": "2024-10-24T06:00", "airport_iata": "NBO"}
2024-10-25 01:13:37,782 [INFO ]  [x] Sent {"date": "2024-10-24T06:00", "airport_iata": "SSH"}
2024-10-25 01:13:37,783 [INFO ]  [x] Sent {"date": "2024-10-24T06:00", "airport_iata": "MRU"}
2024-10-25 01:13:37,785 [INFO ]  [x] Sent {"date": "2024-10-24T06:00", "airport_iata": "ATL"}
2024-10-25 01:13:37,786 [INFO ]  [x] Sent {"date": "2024-10-24T06:00", "airport_iata": "DFW"}
2024-10-25 01:13:37,787 [INFO ]  [x] Sent {"date": "2024-10-24T06:00", "airport_iata": "DEN"}
2024-10-25 01:13:37,789 [INFO ]  [x] Sent {"date": "2024-10-24T06:00", "airport_iata": "ORD"}
2024-10-25 01:13:37,790 [INFO ]  [x] Sent {"date": "2024-10-24T06:00", "airport_iata": "LAX"}
2024-10-25 01:13:37,791 [INFO ]  [x] Sent {"date": "2024-10-24T06:00", "airport_iata": "JFK"}
2024-10-25 01:13:37,792 [INFO ]  [x] Sent {"date": "2024-10-24T06:00", "airport_iata": "LAS"}
2024-10-25 01:13:37,794 [INFO ]  [x] Sent {"date": "2024-10-24T06:00", "airport_iata": "MIA"}
2024-10-25 01:13:37,795 [INFO ]  [x] Sent {"date": "2024-10-24T06:00", "airport_iata": "MCO"}
2024-10-25 01:13:37,796 [INFO ]  [x] Sent {"date": "2024-10-24T06:00", "airport_iata": "CLT"}
2024-10-25 01:13:37,797 [INFO ]  [x] Sent {"date": "2024-10-24T06:00", "airport_iata": "MEX"}
2024-10-25 01:13:37,798 [INFO ]  [x] Sent {"date": "2024-10-24T06:00", "airport_iata": "SEA"}
2024-10-25 01:13:37,799 [INFO ]  [x] Sent {"date": "2024-10-24T06:00", "airport_iata": "EWR"}
2024-10-25 01:13:37,800 [INFO ]  [x] Sent {"date": "2024-10-24T06:00", "airport_iata": "SFO"}
2024-10-25 01:13:37,802 [INFO ]  [x] Sent {"date": "2024-10-24T06:00", "airport_iata": "BOG"}
2024-10-25 01:13:37,803 [INFO ]  [x] Sent {"date": "2024-10-24T06:00", "airport_iata": "GRU"}
2024-10-25 01:13:37,805 [INFO ]  [x] Sent {"date": "2024-10-24T06:00", "airport_iata": "FRA"}
2024-10-25 01:13:37,807 [INFO ]  [x] Sent {"date": "2024-10-24T06:00", "airport_iata": "MUC"}
2024-10-25 01:13:37,808 [INFO ]  [x] Sent {"date": "2024-10-24T06:00", "airport_iata": "BER"}
2024-10-25 01:13:37,809 [INFO ]  [x] Sent {"date": "2024-10-24T06:00", "airport_iata": "AMS"}
2024-10-25 01:13:37,811 [INFO ]  [x] Sent {"date": "2024-10-24T06:00", "airport_iata": "LHR"}
2024-10-25 01:13:37,812 [INFO ]  [x] Sent {"date": "2024-10-24T06:00", "airport_iata": "MAN"}
2024-10-25 01:13:37,814 [INFO ]  [x] Sent {"date": "2024-10-24T06:00", "airport_iata": "OSL"}
2024-10-25 01:13:37,815 [INFO ]  [x] Sent {"date": "2024-10-24T06:00", "airport_iata": "ARN"}
2024-10-25 01:13:37,817 [INFO ]  [x] Sent {"date": "2024-10-24T06:00", "airport_iata": "MAD"}
2024-10-25 01:13:37,818 [INFO ]  [x] Sent {"date": "2024-10-24T06:00", "airport_iata": "LIS"}
2024-10-25 01:13:37,820 [INFO ]  [x] Sent {"date": "2024-10-24T06:00", "airport_iata": "FCO"}
2024-10-25 01:13:37,821 [INFO ]  [x] Sent {"date": "2024-10-24T06:00", "airport_iata": "ATH"}
2024-10-25 01:13:37,822 [INFO ]  [x] Sent {"date": "2024-10-24T06:00", "airport_iata": "WAW"}
2024-10-25 01:13:37,824 [INFO ]  [x] Sent {"date": "2024-10-24T06:00", "airport_iata": "VIE"}
2024-10-25 01:13:37,825 [INFO ]  [x] Sent {"date": "2024-10-24T06:00", "airport_iata": "ZRH"}
2024-10-25 01:13:37,826 [INFO ]  [x] Sent {"date": "2024-10-24T06:00", "airport_iata": "DUB"}
2024-10-25 01:13:37,827 [INFO ]  [x] Sent {"date": "2024-10-24T06:00", "airport_iata": "NCE"}
2024-10-25 01:13:37,828 [INFO ]  [x] Sent {"date": "2024-10-24T06:00", "airport_iata": "CDG"}
2024-10-25 01:13:37,830 [INFO ]  [x] Sent {"date": "2024-10-24T10:00", "airport_iata": "DMM"}
2024-10-25 01:13:37,830 [INFO ]  [x] Sent {"date": "2024-10-24T10:00", "airport_iata": "DXB"}
2024-10-25 01:13:37,832 [INFO ]  [x] Sent {"date": "2024-10-24T10:00", "airport_iata": "PVG"}
2024-10-25 01:13:37,832 [INFO ]  [x] Sent {"date": "2024-10-24T10:00", "airport_iata": "BKK"}
2024-10-25 01:13:37,833 [INFO ]  [x] Sent {"date": "2024-10-24T10:00", "airport_iata": "IST"}
2024-10-25 01:13:37,835 [INFO ]  [x] Sent {"date": "2024-10-24T10:00", "airport_iata": "HND"}
2024-10-25 01:13:37,836 [INFO ]  [x] Sent {"date": "2024-10-24T10:00", "airport_iata": "PEK"}
2024-10-25 01:13:37,838 [INFO ]  [x] Sent {"date": "2024-10-24T10:00", "airport_iata": "DEL"}
2024-10-25 01:13:37,839 [INFO ]  [x] Sent {"date": "2024-10-24T10:00", "airport_iata": "CAI"}
2024-10-25 01:13:37,841 [INFO ]  [x] Sent {"date": "2024-10-24T10:00", "airport_iata": "CMN"}
2024-10-25 01:13:37,842 [INFO ]  [x] Sent {"date": "2024-10-24T10:00", "airport_iata": "CPT"}
2024-10-25 01:13:37,843 [INFO ]  [x] Sent {"date": "2024-10-24T10:00", "airport_iata": "LOS"}
2024-10-25 01:13:37,844 [INFO ]  [x] Sent {"date": "2024-10-24T10:00", "airport_iata": "ALG"}
2024-10-25 01:13:37,845 [INFO ]  [x] Sent {"date": "2024-10-24T10:00", "airport_iata": "NBO"}
2024-10-25 01:13:37,846 [INFO ]  [x] Sent {"date": "2024-10-24T10:00", "airport_iata": "SSH"}
2024-10-25 01:13:37,847 [INFO ]  [x] Sent {"date": "2024-10-24T10:00", "airport_iata": "MRU"}
2024-10-25 01:13:37,848 [INFO ]  [x] Sent {"date": "2024-10-24T10:00", "airport_iata": "ATL"}
2024-10-25 01:13:37,848 [INFO ]  [x] Sent {"date": "2024-10-24T10:00", "airport_iata": "DFW"}
2024-10-25 01:13:37,849 [INFO ]  [x] Sent {"date": "2024-10-24T10:00", "airport_iata": "DEN"}
2024-10-25 01:13:37,851 [INFO ]  [x] Sent {"date": "2024-10-24T10:00", "airport_iata": "ORD"}
2024-10-25 01:13:37,852 [INFO ]  [x] Sent {"date": "2024-10-24T10:00", "airport_iata": "LAX"}
2024-10-25 01:13:37,853 [INFO ]  [x] Sent {"date": "2024-10-24T10:00", "airport_iata": "JFK"}
2024-10-25 01:13:37,855 [INFO ]  [x] Sent {"date": "2024-10-24T10:00", "airport_iata": "LAS"}
2024-10-25 01:13:37,856 [INFO ]  [x] Sent {"date": "2024-10-24T10:00", "airport_iata": "MIA"}
2024-10-25 01:13:37,857 [INFO ]  [x] Sent {"date": "2024-10-24T10:00", "airport_iata": "MCO"}
2024-10-25 01:13:37,858 [INFO ]  [x] Sent {"date": "2024-10-24T10:00", "airport_iata": "CLT"}
2024-10-25 01:13:37,859 [INFO ]  [x] Sent {"date": "2024-10-24T10:00", "airport_iata": "MEX"}
2024-10-25 01:13:37,860 [INFO ]  [x] Sent {"date": "2024-10-24T10:00", "airport_iata": "SEA"}
2024-10-25 01:13:37,861 [INFO ]  [x] Sent {"date": "2024-10-24T10:00", "airport_iata": "EWR"}
2024-10-25 01:13:37,862 [INFO ]  [x] Sent {"date": "2024-10-24T10:00", "airport_iata": "SFO"}
2024-10-25 01:13:37,863 [INFO ]  [x] Sent {"date": "2024-10-24T10:00", "airport_iata": "BOG"}
2024-10-25 01:13:37,864 [INFO ]  [x] Sent {"date": "2024-10-24T10:00", "airport_iata": "GRU"}
2024-10-25 01:13:37,865 [INFO ]  [x] Sent {"date": "2024-10-24T10:00", "airport_iata": "FRA"}
2024-10-25 01:13:37,866 [INFO ]  [x] Sent {"date": "2024-10-24T10:00", "airport_iata": "MUC"}
2024-10-25 01:13:37,867 [INFO ]  [x] Sent {"date": "2024-10-24T10:00", "airport_iata": "BER"}
2024-10-25 01:13:37,868 [INFO ]  [x] Sent {"date": "2024-10-24T10:00", "airport_iata": "AMS"}
2024-10-25 01:13:37,869 [INFO ]  [x] Sent {"date": "2024-10-24T10:00", "airport_iata": "LHR"}
2024-10-25 01:13:37,871 [INFO ]  [x] Sent {"date": "2024-10-24T10:00", "airport_iata": "MAN"}
2024-10-25 01:13:37,872 [INFO ]  [x] Sent {"date": "2024-10-24T10:00", "airport_iata": "OSL"}
2024-10-25 01:13:37,873 [INFO ]  [x] Sent {"date": "2024-10-24T10:00", "airport_iata": "ARN"}
2024-10-25 01:13:37,874 [INFO ]  [x] Sent {"date": "2024-10-24T10:00", "airport_iata": "MAD"}
2024-10-25 01:13:37,875 [INFO ]  [x] Sent {"date": "2024-10-24T10:00", "airport_iata": "LIS"}
2024-10-25 01:13:37,876 [INFO ]  [x] Sent {"date": "2024-10-24T10:00", "airport_iata": "FCO"}
2024-10-25 01:13:37,877 [INFO ]  [x] Sent {"date": "2024-10-24T10:00", "airport_iata": "ATH"}
2024-10-25 01:13:37,879 [INFO ]  [x] Sent {"date": "2024-10-24T10:00", "airport_iata": "WAW"}
2024-10-25 01:13:37,880 [INFO ]  [x] Sent {"date": "2024-10-24T10:00", "airport_iata": "VIE"}
2024-10-25 01:13:37,881 [INFO ]  [x] Sent {"date": "2024-10-24T10:00", "airport_iata": "ZRH"}
2024-10-25 01:13:37,883 [INFO ]  [x] Sent {"date": "2024-10-24T10:00", "airport_iata": "DUB"}
2024-10-25 01:13:37,884 [INFO ]  [x] Sent {"date": "2024-10-24T10:00", "airport_iata": "NCE"}
2024-10-25 01:13:37,886 [INFO ]  [x] Sent {"date": "2024-10-24T10:00", "airport_iata": "CDG"}
2024-10-25 01:13:37,888 [INFO ]  [x] Sent {"date": "2024-10-24T14:00", "airport_iata": "DMM"}
2024-10-25 01:13:37,889 [INFO ]  [x] Sent {"date": "2024-10-24T14:00", "airport_iata": "DXB"}
2024-10-25 01:13:37,891 [INFO ]  [x] Sent {"date": "2024-10-24T14:00", "airport_iata": "PVG"}
2024-10-25 01:13:37,892 [INFO ]  [x] Sent {"date": "2024-10-24T14:00", "airport_iata": "BKK"}
2024-10-25 01:13:37,893 [INFO ]  [x] Sent {"date": "2024-10-24T14:00", "airport_iata": "IST"}
2024-10-25 01:13:37,894 [INFO ]  [x] Sent {"date": "2024-10-24T14:00", "airport_iata": "HND"}
2024-10-25 01:13:37,896 [INFO ]  [x] Sent {"date": "2024-10-24T14:00", "airport_iata": "PEK"}
2024-10-25 01:13:37,897 [INFO ]  [x] Sent {"date": "2024-10-24T14:00", "airport_iata": "DEL"}
2024-10-25 01:13:37,898 [INFO ]  [x] Sent {"date": "2024-10-24T14:00", "airport_iata": "CAI"}
2024-10-25 01:13:37,899 [INFO ]  [x] Sent {"date": "2024-10-24T14:00", "airport_iata": "CMN"}
2024-10-25 01:13:37,900 [INFO ]  [x] Sent {"date": "2024-10-24T14:00", "airport_iata": "CPT"}
2024-10-25 01:13:37,901 [INFO ]  [x] Sent {"date": "2024-10-24T14:00", "airport_iata": "LOS"}
2024-10-25 01:13:37,902 [INFO ]  [x] Sent {"date": "2024-10-24T14:00", "airport_iata": "ALG"}
2024-10-25 01:13:37,903 [INFO ]  [x] Sent {"date": "2024-10-24T14:00", "airport_iata": "NBO"}
2024-10-25 01:13:37,904 [INFO ]  [x] Sent {"date": "2024-10-24T14:00", "airport_iata": "SSH"}
2024-10-25 01:13:37,906 [INFO ]  [x] Sent {"date": "2024-10-24T14:00", "airport_iata": "MRU"}
2024-10-25 01:13:37,907 [INFO ]  [x] Sent {"date": "2024-10-24T14:00", "airport_iata": "ATL"}
2024-10-25 01:13:37,908 [INFO ]  [x] Sent {"date": "2024-10-24T14:00", "airport_iata": "DFW"}
2024-10-25 01:13:37,909 [INFO ]  [x] Sent {"date": "2024-10-24T14:00", "airport_iata": "DEN"}
2024-10-25 01:13:37,910 [INFO ]  [x] Sent {"date": "2024-10-24T14:00", "airport_iata": "ORD"}
2024-10-25 01:13:37,911 [INFO ]  [x] Sent {"date": "2024-10-24T14:00", "airport_iata": "LAX"}
2024-10-25 01:13:37,913 [INFO ]  [x] Sent {"date": "2024-10-24T14:00", "airport_iata": "JFK"}
2024-10-25 01:13:37,914 [INFO ]  [x] Sent {"date": "2024-10-24T14:00", "airport_iata": "LAS"}
2024-10-25 01:13:37,915 [INFO ]  [x] Sent {"date": "2024-10-24T14:00", "airport_iata": "MIA"}
2024-10-25 01:13:37,915 [INFO ]  [x] Sent {"date": "2024-10-24T14:00", "airport_iata": "MCO"}
2024-10-25 01:13:37,916 [INFO ]  [x] Sent {"date": "2024-10-24T14:00", "airport_iata": "CLT"}
2024-10-25 01:13:37,917 [INFO ]  [x] Sent {"date": "2024-10-24T14:00", "airport_iata": "MEX"}
2024-10-25 01:13:37,918 [INFO ]  [x] Sent {"date": "2024-10-24T14:00", "airport_iata": "SEA"}
2024-10-25 01:13:37,919 [INFO ]  [x] Sent {"date": "2024-10-24T14:00", "airport_iata": "EWR"}
2024-10-25 01:13:37,920 [INFO ]  [x] Sent {"date": "2024-10-24T14:00", "airport_iata": "SFO"}
2024-10-25 01:13:37,921 [INFO ]  [x] Sent {"date": "2024-10-24T14:00", "airport_iata": "BOG"}
2024-10-25 01:13:37,922 [INFO ]  [x] Sent {"date": "2024-10-24T14:00", "airport_iata": "GRU"}
2024-10-25 01:13:37,924 [INFO ]  [x] Sent {"date": "2024-10-24T14:00", "airport_iata": "FRA"}
2024-10-25 01:13:37,925 [INFO ]  [x] Sent {"date": "2024-10-24T14:00", "airport_iata": "MUC"}
2024-10-25 01:13:37,926 [INFO ]  [x] Sent {"date": "2024-10-24T14:00", "airport_iata": "BER"}
2024-10-25 01:13:37,928 [INFO ]  [x] Sent {"date": "2024-10-24T14:00", "airport_iata": "AMS"}
2024-10-25 01:13:37,929 [INFO ]  [x] Sent {"date": "2024-10-24T14:00", "airport_iata": "LHR"}
2024-10-25 01:13:37,930 [INFO ]  [x] Sent {"date": "2024-10-24T14:00", "airport_iata": "MAN"}
2024-10-25 01:13:37,931 [INFO ]  [x] Sent {"date": "2024-10-24T14:00", "airport_iata": "OSL"}
2024-10-25 01:13:37,932 [INFO ]  [x] Sent {"date": "2024-10-24T14:00", "airport_iata": "ARN"}
2024-10-25 01:13:37,934 [INFO ]  [x] Sent {"date": "2024-10-24T14:00", "airport_iata": "MAD"}
2024-10-25 01:13:37,935 [INFO ]  [x] Sent {"date": "2024-10-24T14:00", "airport_iata": "LIS"}
2024-10-25 01:13:37,937 [INFO ]  [x] Sent {"date": "2024-10-24T14:00", "airport_iata": "FCO"}
2024-10-25 01:13:37,938 [INFO ]  [x] Sent {"date": "2024-10-24T14:00", "airport_iata": "ATH"}
2024-10-25 01:13:37,940 [INFO ]  [x] Sent {"date": "2024-10-24T14:00", "airport_iata": "WAW"}
2024-10-25 01:13:37,943 [INFO ]  [x] Sent {"date": "2024-10-24T14:00", "airport_iata": "VIE"}
2024-10-25 01:13:37,945 [INFO ]  [x] Sent {"date": "2024-10-24T14:00", "airport_iata": "ZRH"}
2024-10-25 01:13:37,947 [INFO ]  [x] Sent {"date": "2024-10-24T14:00", "airport_iata": "DUB"}
2024-10-25 01:13:37,948 [INFO ]  [x] Sent {"date": "2024-10-24T14:00", "airport_iata": "NCE"}
2024-10-25 01:13:37,950 [INFO ]  [x] Sent {"date": "2024-10-24T14:00", "airport_iata": "CDG"}
2024-10-25 01:13:37,951 [INFO ]  [x] Sent {"date": "2024-10-24T18:00", "airport_iata": "DMM"}
2024-10-25 01:13:37,952 [INFO ]  [x] Sent {"date": "2024-10-24T18:00", "airport_iata": "DXB"}
2024-10-25 01:13:37,953 [INFO ]  [x] Sent {"date": "2024-10-24T18:00", "airport_iata": "PVG"}
2024-10-25 01:13:37,955 [INFO ]  [x] Sent {"date": "2024-10-24T18:00", "airport_iata": "BKK"}
2024-10-25 01:13:37,956 [INFO ]  [x] Sent {"date": "2024-10-24T18:00", "airport_iata": "IST"}
2024-10-25 01:13:37,958 [INFO ]  [x] Sent {"date": "2024-10-24T18:00", "airport_iata": "HND"}
2024-10-25 01:13:37,960 [INFO ]  [x] Sent {"date": "2024-10-24T18:00", "airport_iata": "PEK"}
2024-10-25 01:13:37,961 [INFO ]  [x] Sent {"date": "2024-10-24T18:00", "airport_iata": "DEL"}
2024-10-25 01:13:37,963 [INFO ]  [x] Sent {"date": "2024-10-24T18:00", "airport_iata": "CAI"}
2024-10-25 01:13:37,965 [INFO ]  [x] Sent {"date": "2024-10-24T18:00", "airport_iata": "CMN"}
2024-10-25 01:13:37,966 [INFO ]  [x] Sent {"date": "2024-10-24T18:00", "airport_iata": "CPT"}
2024-10-25 01:13:37,967 [INFO ]  [x] Sent {"date": "2024-10-24T18:00", "airport_iata": "LOS"}
2024-10-25 01:13:37,968 [INFO ]  [x] Sent {"date": "2024-10-24T18:00", "airport_iata": "ALG"}
2024-10-25 01:13:37,970 [INFO ]  [x] Sent {"date": "2024-10-24T18:00", "airport_iata": "NBO"}
2024-10-25 01:13:37,971 [INFO ]  [x] Sent {"date": "2024-10-24T18:00", "airport_iata": "SSH"}
2024-10-25 01:13:37,972 [INFO ]  [x] Sent {"date": "2024-10-24T18:00", "airport_iata": "MRU"}
2024-10-25 01:13:37,973 [INFO ]  [x] Sent {"date": "2024-10-24T18:00", "airport_iata": "ATL"}
2024-10-25 01:13:37,974 [INFO ]  [x] Sent {"date": "2024-10-24T18:00", "airport_iata": "DFW"}
2024-10-25 01:13:37,975 [INFO ]  [x] Sent {"date": "2024-10-24T18:00", "airport_iata": "DEN"}
2024-10-25 01:13:37,976 [INFO ]  [x] Sent {"date": "2024-10-24T18:00", "airport_iata": "ORD"}
2024-10-25 01:13:37,977 [INFO ]  [x] Sent {"date": "2024-10-24T18:00", "airport_iata": "LAX"}
2024-10-25 01:13:37,978 [INFO ]  [x] Sent {"date": "2024-10-24T18:00", "airport_iata": "JFK"}
2024-10-25 01:13:37,980 [INFO ]  [x] Sent {"date": "2024-10-24T18:00", "airport_iata": "LAS"}
2024-10-25 01:13:37,981 [INFO ]  [x] Sent {"date": "2024-10-24T18:00", "airport_iata": "MIA"}
2024-10-25 01:13:37,982 [INFO ]  [x] Sent {"date": "2024-10-24T18:00", "airport_iata": "MCO"}
2024-10-25 01:13:37,983 [INFO ]  [x] Sent {"date": "2024-10-24T18:00", "airport_iata": "CLT"}
2024-10-25 01:13:37,985 [INFO ]  [x] Sent {"date": "2024-10-24T18:00", "airport_iata": "MEX"}
2024-10-25 01:13:37,986 [INFO ]  [x] Sent {"date": "2024-10-24T18:00", "airport_iata": "SEA"}
2024-10-25 01:13:37,987 [INFO ]  [x] Sent {"date": "2024-10-24T18:00", "airport_iata": "EWR"}
2024-10-25 01:13:37,989 [INFO ]  [x] Sent {"date": "2024-10-24T18:00", "airport_iata": "SFO"}
2024-10-25 01:13:37,990 [INFO ]  [x] Sent {"date": "2024-10-24T18:00", "airport_iata": "BOG"}
2024-10-25 01:13:37,992 [INFO ]  [x] Sent {"date": "2024-10-24T18:00", "airport_iata": "GRU"}
2024-10-25 01:13:37,994 [INFO ]  [x] Sent {"date": "2024-10-24T18:00", "airport_iata": "FRA"}
2024-10-25 01:13:37,996 [INFO ]  [x] Sent {"date": "2024-10-24T18:00", "airport_iata": "MUC"}
2024-10-25 01:13:37,997 [INFO ]  [x] Sent {"date": "2024-10-24T18:00", "airport_iata": "BER"}
2024-10-25 01:13:37,999 [INFO ]  [x] Sent {"date": "2024-10-24T18:00", "airport_iata": "AMS"}
2024-10-25 01:13:38,000 [INFO ]  [x] Sent {"date": "2024-10-24T18:00", "airport_iata": "LHR"}
2024-10-25 01:13:38,002 [INFO ]  [x] Sent {"date": "2024-10-24T18:00", "airport_iata": "MAN"}
2024-10-25 01:13:38,003 [INFO ]  [x] Sent {"date": "2024-10-24T18:00", "airport_iata": "OSL"}
2024-10-25 01:13:38,005 [INFO ]  [x] Sent {"date": "2024-10-24T18:00", "airport_iata": "ARN"}
2024-10-25 01:13:38,006 [INFO ]  [x] Sent {"date": "2024-10-24T18:00", "airport_iata": "MAD"}
2024-10-25 01:13:38,007 [INFO ]  [x] Sent {"date": "2024-10-24T18:00", "airport_iata": "LIS"}
2024-10-25 01:13:38,008 [INFO ]  [x] Sent {"date": "2024-10-24T18:00", "airport_iata": "FCO"}
2024-10-25 01:13:38,009 [INFO ]  [x] Sent {"date": "2024-10-24T18:00", "airport_iata": "ATH"}
2024-10-25 01:13:38,010 [INFO ]  [x] Sent {"date": "2024-10-24T18:00", "airport_iata": "WAW"}
2024-10-25 01:13:38,011 [INFO ]  [x] Sent {"date": "2024-10-24T18:00", "airport_iata": "VIE"}
2024-10-25 01:13:38,012 [INFO ]  [x] Sent {"date": "2024-10-24T18:00", "airport_iata": "ZRH"}
2024-10-25 01:13:38,013 [INFO ]  [x] Sent {"date": "2024-10-24T18:00", "airport_iata": "DUB"}
2024-10-25 01:13:38,015 [INFO ]  [x] Sent {"date": "2024-10-24T18:00", "airport_iata": "NCE"}
2024-10-25 01:13:38,016 [INFO ]  [x] Sent {"date": "2024-10-24T18:00", "airport_iata": "CDG"}
2024-10-25 01:13:38,018 [INFO ]  [x] Sent {"date": "2024-10-24T22:00", "airport_iata": "DMM"}
2024-10-25 01:13:38,019 [INFO ]  [x] Sent {"date": "2024-10-24T22:00", "airport_iata": "DXB"}
2024-10-25 01:13:38,021 [INFO ]  [x] Sent {"date": "2024-10-24T22:00", "airport_iata": "PVG"}
2024-10-25 01:13:38,022 [INFO ]  [x] Sent {"date": "2024-10-24T22:00", "airport_iata": "BKK"}
2024-10-25 01:13:38,023 [INFO ]  [x] Sent {"date": "2024-10-24T22:00", "airport_iata": "IST"}
2024-10-25 01:13:38,025 [INFO ]  [x] Sent {"date": "2024-10-24T22:00", "airport_iata": "HND"}
2024-10-25 01:13:38,026 [INFO ]  [x] Sent {"date": "2024-10-24T22:00", "airport_iata": "PEK"}
2024-10-25 01:13:38,027 [INFO ]  [x] Sent {"date": "2024-10-24T22:00", "airport_iata": "DEL"}
2024-10-25 01:13:38,028 [INFO ]  [x] Sent {"date": "2024-10-24T22:00", "airport_iata": "CAI"}
2024-10-25 01:13:38,029 [INFO ]  [x] Sent {"date": "2024-10-24T22:00", "airport_iata": "CMN"}
2024-10-25 01:13:38,030 [INFO ]  [x] Sent {"date": "2024-10-24T22:00", "airport_iata": "CPT"}
2024-10-25 01:13:38,031 [INFO ]  [x] Sent {"date": "2024-10-24T22:00", "airport_iata": "LOS"}
2024-10-25 01:13:38,032 [INFO ]  [x] Sent {"date": "2024-10-24T22:00", "airport_iata": "ALG"}
2024-10-25 01:13:38,033 [INFO ]  [x] Sent {"date": "2024-10-24T22:00", "airport_iata": "NBO"}
2024-10-25 01:13:38,035 [INFO ]  [x] Sent {"date": "2024-10-24T22:00", "airport_iata": "SSH"}
2024-10-25 01:13:38,037 [INFO ]  [x] Sent {"date": "2024-10-24T22:00", "airport_iata": "MRU"}
2024-10-25 01:13:38,038 [INFO ]  [x] Sent {"date": "2024-10-24T22:00", "airport_iata": "ATL"}
2024-10-25 01:13:38,040 [INFO ]  [x] Sent {"date": "2024-10-24T22:00", "airport_iata": "DFW"}
2024-10-25 01:13:38,041 [INFO ]  [x] Sent {"date": "2024-10-24T22:00", "airport_iata": "DEN"}
2024-10-25 01:13:38,042 [INFO ]  [x] Sent {"date": "2024-10-24T22:00", "airport_iata": "ORD"}
2024-10-25 01:13:38,043 [INFO ]  [x] Sent {"date": "2024-10-24T22:00", "airport_iata": "LAX"}
2024-10-25 01:13:38,045 [INFO ]  [x] Sent {"date": "2024-10-24T22:00", "airport_iata": "JFK"}
2024-10-25 01:13:38,047 [INFO ]  [x] Sent {"date": "2024-10-24T22:00", "airport_iata": "LAS"}
2024-10-25 01:13:38,049 [INFO ]  [x] Sent {"date": "2024-10-24T22:00", "airport_iata": "MIA"}
2024-10-25 01:13:38,051 [INFO ]  [x] Sent {"date": "2024-10-24T22:00", "airport_iata": "MCO"}
2024-10-25 01:13:38,053 [INFO ]  [x] Sent {"date": "2024-10-24T22:00", "airport_iata": "CLT"}
2024-10-25 01:13:38,055 [INFO ]  [x] Sent {"date": "2024-10-24T22:00", "airport_iata": "MEX"}
2024-10-25 01:13:38,057 [INFO ]  [x] Sent {"date": "2024-10-24T22:00", "airport_iata": "SEA"}
2024-10-25 01:13:38,058 [INFO ]  [x] Sent {"date": "2024-10-24T22:00", "airport_iata": "EWR"}
2024-10-25 01:13:38,059 [INFO ]  [x] Sent {"date": "2024-10-24T22:00", "airport_iata": "SFO"}
2024-10-25 01:13:38,060 [INFO ]  [x] Sent {"date": "2024-10-24T22:00", "airport_iata": "BOG"}
2024-10-25 01:13:38,061 [INFO ]  [x] Sent {"date": "2024-10-24T22:00", "airport_iata": "GRU"}
2024-10-25 01:13:38,063 [INFO ]  [x] Sent {"date": "2024-10-24T22:00", "airport_iata": "FRA"}
2024-10-25 01:13:38,064 [INFO ]  [x] Sent {"date": "2024-10-24T22:00", "airport_iata": "MUC"}
2024-10-25 01:13:38,065 [INFO ]  [x] Sent {"date": "2024-10-24T22:00", "airport_iata": "BER"}
2024-10-25 01:13:38,067 [INFO ]  [x] Sent {"date": "2024-10-24T22:00", "airport_iata": "AMS"}
2024-10-25 01:13:38,068 [INFO ]  [x] Sent {"date": "2024-10-24T22:00", "airport_iata": "LHR"}
2024-10-25 01:13:38,069 [INFO ]  [x] Sent {"date": "2024-10-24T22:00", "airport_iata": "MAN"}
2024-10-25 01:13:38,070 [INFO ]  [x] Sent {"date": "2024-10-24T22:00", "airport_iata": "OSL"}
2024-10-25 01:13:38,071 [INFO ]  [x] Sent {"date": "2024-10-24T22:00", "airport_iata": "ARN"}
2024-10-25 01:13:38,072 [INFO ]  [x] Sent {"date": "2024-10-24T22:00", "airport_iata": "MAD"}
2024-10-25 01:13:38,074 [INFO ]  [x] Sent {"date": "2024-10-24T22:00", "airport_iata": "LIS"}
2024-10-25 01:13:38,075 [INFO ]  [x] Sent {"date": "2024-10-24T22:00", "airport_iata": "FCO"}
2024-10-25 01:13:38,076 [INFO ]  [x] Sent {"date": "2024-10-24T22:00", "airport_iata": "ATH"}
2024-10-25 01:13:38,077 [INFO ]  [x] Sent {"date": "2024-10-24T22:00", "airport_iata": "WAW"}
2024-10-25 01:13:38,079 [INFO ]  [x] Sent {"date": "2024-10-24T22:00", "airport_iata": "VIE"}
2024-10-25 01:13:38,080 [INFO ]  [x] Sent {"date": "2024-10-24T22:00", "airport_iata": "ZRH"}
2024-10-25 01:13:38,081 [INFO ]  [x] Sent {"date": "2024-10-24T22:00", "airport_iata": "DUB"}
2024-10-25 01:13:38,082 [INFO ]  [x] Sent {"date": "2024-10-24T22:00", "airport_iata": "NCE"}
2024-10-25 01:13:38,083 [INFO ]  [x] Sent {"date": "2024-10-24T22:00", "airport_iata": "CDG"}
2024-10-25 01:13:52,427 [INFO ]  [x] Sent {"date": "2024-10-24T02:00", "airport_iata": "DMM"}
2024-10-25 01:13:52,429 [INFO ]  [x] Sent {"date": "2024-10-24T02:00", "airport_iata": "DXB"}
2024-10-25 01:13:52,430 [INFO ]  [x] Sent {"date": "2024-10-24T02:00", "airport_iata": "PVG"}
2024-10-25 01:13:52,431 [INFO ]  [x] Sent {"date": "2024-10-24T02:00", "airport_iata": "BKK"}
2024-10-25 01:13:52,432 [INFO ]  [x] Sent {"date": "2024-10-24T02:00", "airport_iata": "IST"}
2024-10-25 01:13:52,433 [INFO ]  [x] Sent {"date": "2024-10-24T02:00", "airport_iata": "HND"}
2024-10-25 01:13:52,434 [INFO ]  [x] Sent {"date": "2024-10-24T02:00", "airport_iata": "PEK"}
2024-10-25 01:13:52,435 [INFO ]  [x] Sent {"date": "2024-10-24T02:00", "airport_iata": "DEL"}
2024-10-25 01:13:52,436 [INFO ]  [x] Sent {"date": "2024-10-24T02:00", "airport_iata": "CAI"}
2024-10-25 01:13:52,438 [INFO ]  [x] Sent {"date": "2024-10-24T02:00", "airport_iata": "CMN"}
2024-10-25 01:13:52,438 [INFO ]  [x] Sent {"date": "2024-10-24T02:00", "airport_iata": "CPT"}
2024-10-25 01:13:52,439 [INFO ]  [x] Sent {"date": "2024-10-24T02:00", "airport_iata": "LOS"}
2024-10-25 01:13:52,440 [INFO ]  [x] Sent {"date": "2024-10-24T02:00", "airport_iata": "ALG"}
2024-10-25 01:13:52,441 [INFO ]  [x] Sent {"date": "2024-10-24T02:00", "airport_iata": "NBO"}
2024-10-25 01:13:52,442 [INFO ]  [x] Sent {"date": "2024-10-24T02:00", "airport_iata": "SSH"}
2024-10-25 01:13:52,443 [INFO ]  [x] Sent {"date": "2024-10-24T02:00", "airport_iata": "MRU"}
2024-10-25 01:13:52,445 [INFO ]  [x] Sent {"date": "2024-10-24T02:00", "airport_iata": "ATL"}
2024-10-25 01:13:52,445 [INFO ]  [x] Sent {"date": "2024-10-24T02:00", "airport_iata": "DFW"}
2024-10-25 01:13:52,446 [INFO ]  [x] Sent {"date": "2024-10-24T02:00", "airport_iata": "DEN"}
2024-10-25 01:13:52,447 [INFO ]  [x] Sent {"date": "2024-10-24T02:00", "airport_iata": "ORD"}
2024-10-25 01:13:52,449 [INFO ]  [x] Sent {"date": "2024-10-24T02:00", "airport_iata": "LAX"}
2024-10-25 01:13:52,450 [INFO ]  [x] Sent {"date": "2024-10-24T02:00", "airport_iata": "JFK"}
2024-10-25 01:13:52,451 [INFO ]  [x] Sent {"date": "2024-10-24T02:00", "airport_iata": "LAS"}
2024-10-25 01:13:52,453 [INFO ]  [x] Sent {"date": "2024-10-24T02:00", "airport_iata": "MIA"}
2024-10-25 01:13:52,454 [INFO ]  [x] Sent {"date": "2024-10-24T02:00", "airport_iata": "MCO"}
2024-10-25 01:13:52,455 [INFO ]  [x] Sent {"date": "2024-10-24T02:00", "airport_iata": "CLT"}
2024-10-25 01:13:52,456 [INFO ]  [x] Sent {"date": "2024-10-24T02:00", "airport_iata": "MEX"}
2024-10-25 01:13:52,458 [INFO ]  [x] Sent {"date": "2024-10-24T02:00", "airport_iata": "SEA"}
2024-10-25 01:13:52,460 [INFO ]  [x] Sent {"date": "2024-10-24T02:00", "airport_iata": "EWR"}
2024-10-25 01:13:52,462 [INFO ]  [x] Sent {"date": "2024-10-24T02:00", "airport_iata": "SFO"}
2024-10-25 01:13:52,465 [INFO ]  [x] Sent {"date": "2024-10-24T02:00", "airport_iata": "BOG"}
2024-10-25 01:13:52,467 [INFO ]  [x] Sent {"date": "2024-10-24T02:00", "airport_iata": "GRU"}
2024-10-25 01:13:52,469 [INFO ]  [x] Sent {"date": "2024-10-24T02:00", "airport_iata": "FRA"}
2024-10-25 01:13:52,470 [INFO ]  [x] Sent {"date": "2024-10-24T02:00", "airport_iata": "MUC"}
2024-10-25 01:13:52,471 [INFO ]  [x] Sent {"date": "2024-10-24T02:00", "airport_iata": "BER"}
2024-10-25 01:13:52,472 [INFO ]  [x] Sent {"date": "2024-10-24T02:00", "airport_iata": "AMS"}
2024-10-25 01:13:52,474 [INFO ]  [x] Sent {"date": "2024-10-24T02:00", "airport_iata": "LHR"}
2024-10-25 01:13:52,476 [INFO ]  [x] Sent {"date": "2024-10-24T02:00", "airport_iata": "MAN"}
2024-10-25 01:13:52,477 [INFO ]  [x] Sent {"date": "2024-10-24T02:00", "airport_iata": "OSL"}
2024-10-25 01:13:52,481 [INFO ]  [x] Sent {"date": "2024-10-24T02:00", "airport_iata": "ARN"}
2024-10-25 01:13:52,482 [INFO ]  [x] Sent {"date": "2024-10-24T02:00", "airport_iata": "MAD"}
2024-10-25 01:13:52,484 [INFO ]  [x] Sent {"date": "2024-10-24T02:00", "airport_iata": "LIS"}
2024-10-25 01:13:52,486 [INFO ]  [x] Sent {"date": "2024-10-24T02:00", "airport_iata": "FCO"}
2024-10-25 01:13:52,488 [INFO ]  [x] Sent {"date": "2024-10-24T02:00", "airport_iata": "ATH"}
2024-10-25 01:13:52,492 [INFO ]  [x] Sent {"date": "2024-10-24T02:00", "airport_iata": "WAW"}
2024-10-25 01:13:52,495 [INFO ]  [x] Sent {"date": "2024-10-24T02:00", "airport_iata": "VIE"}
2024-10-25 01:13:52,500 [INFO ]  [x] Sent {"date": "2024-10-24T02:00", "airport_iata": "ZRH"}
2024-10-25 01:13:52,502 [INFO ]  [x] Sent {"date": "2024-10-24T02:00", "airport_iata": "DUB"}
2024-10-25 01:13:52,504 [INFO ]  [x] Sent {"date": "2024-10-24T02:00", "airport_iata": "NCE"}
2024-10-25 01:13:52,506 [INFO ]  [x] Sent {"date": "2024-10-24T02:00", "airport_iata": "CDG"}
2024-10-25 01:13:52,508 [INFO ]  [x] Sent {"date": "2024-10-24T06:00", "airport_iata": "DMM"}
2024-10-25 01:13:52,510 [INFO ]  [x] Sent {"date": "2024-10-24T06:00", "airport_iata": "DXB"}
2024-10-25 01:13:52,516 [INFO ]  [x] Sent {"date": "2024-10-24T06:00", "airport_iata": "PVG"}
2024-10-25 01:13:52,517 [INFO ]  [x] Sent {"date": "2024-10-24T06:00", "airport_iata": "BKK"}
2024-10-25 01:13:52,519 [INFO ]  [x] Sent {"date": "2024-10-24T06:00", "airport_iata": "IST"}
2024-10-25 01:13:52,521 [INFO ]  [x] Sent {"date": "2024-10-24T06:00", "airport_iata": "HND"}
2024-10-25 01:13:52,524 [INFO ]  [x] Sent {"date": "2024-10-24T06:00", "airport_iata": "PEK"}
2024-10-25 01:13:52,525 [INFO ]  [x] Sent {"date": "2024-10-24T06:00", "airport_iata": "DEL"}
2024-10-25 01:13:52,527 [INFO ]  [x] Sent {"date": "2024-10-24T06:00", "airport_iata": "CAI"}
2024-10-25 01:13:52,529 [INFO ]  [x] Sent {"date": "2024-10-24T06:00", "airport_iata": "CMN"}
2024-10-25 01:13:52,532 [INFO ]  [x] Sent {"date": "2024-10-24T06:00", "airport_iata": "CPT"}
2024-10-25 01:13:52,533 [INFO ]  [x] Sent {"date": "2024-10-24T06:00", "airport_iata": "LOS"}
2024-10-25 01:13:52,535 [INFO ]  [x] Sent {"date": "2024-10-24T06:00", "airport_iata": "ALG"}
2024-10-25 01:13:52,536 [INFO ]  [x] Sent {"date": "2024-10-24T06:00", "airport_iata": "NBO"}
2024-10-25 01:13:52,537 [INFO ]  [x] Sent {"date": "2024-10-24T06:00", "airport_iata": "SSH"}
2024-10-25 01:13:52,539 [INFO ]  [x] Sent {"date": "2024-10-24T06:00", "airport_iata": "MRU"}
2024-10-25 01:13:52,541 [INFO ]  [x] Sent {"date": "2024-10-24T06:00", "airport_iata": "ATL"}
2024-10-25 01:13:52,543 [INFO ]  [x] Sent {"date": "2024-10-24T06:00", "airport_iata": "DFW"}
2024-10-25 01:13:52,544 [INFO ]  [x] Sent {"date": "2024-10-24T06:00", "airport_iata": "DEN"}
2024-10-25 01:13:52,545 [INFO ]  [x] Sent {"date": "2024-10-24T06:00", "airport_iata": "ORD"}
2024-10-25 01:13:52,547 [INFO ]  [x] Sent {"date": "2024-10-24T06:00", "airport_iata": "LAX"}
2024-10-25 01:13:52,549 [INFO ]  [x] Sent {"date": "2024-10-24T06:00", "airport_iata": "JFK"}
2024-10-25 01:13:52,550 [INFO ]  [x] Sent {"date": "2024-10-24T06:00", "airport_iata": "LAS"}
2024-10-25 01:13:52,552 [INFO ]  [x] Sent {"date": "2024-10-24T06:00", "airport_iata": "MIA"}
2024-10-25 01:13:52,553 [INFO ]  [x] Sent {"date": "2024-10-24T06:00", "airport_iata": "MCO"}
2024-10-25 01:13:52,555 [INFO ]  [x] Sent {"date": "2024-10-24T06:00", "airport_iata": "CLT"}
2024-10-25 01:13:52,557 [INFO ]  [x] Sent {"date": "2024-10-24T06:00", "airport_iata": "MEX"}
2024-10-25 01:13:52,559 [INFO ]  [x] Sent {"date": "2024-10-24T06:00", "airport_iata": "SEA"}
2024-10-25 01:13:52,561 [INFO ]  [x] Sent {"date": "2024-10-24T06:00", "airport_iata": "EWR"}
2024-10-25 01:13:52,563 [INFO ]  [x] Sent {"date": "2024-10-24T06:00", "airport_iata": "SFO"}
2024-10-25 01:13:52,565 [INFO ]  [x] Sent {"date": "2024-10-24T06:00", "airport_iata": "BOG"}
2024-10-25 01:13:52,567 [INFO ]  [x] Sent {"date": "2024-10-24T06:00", "airport_iata": "GRU"}
2024-10-25 01:13:52,569 [INFO ]  [x] Sent {"date": "2024-10-24T06:00", "airport_iata": "FRA"}
2024-10-25 01:13:52,575 [INFO ]  [x] Sent {"date": "2024-10-24T06:00", "airport_iata": "MUC"}
2024-10-25 01:13:52,577 [INFO ]  [x] Sent {"date": "2024-10-24T06:00", "airport_iata": "BER"}
2024-10-25 01:13:52,579 [INFO ]  [x] Sent {"date": "2024-10-24T06:00", "airport_iata": "AMS"}
2024-10-25 01:13:52,580 [INFO ]  [x] Sent {"date": "2024-10-24T06:00", "airport_iata": "LHR"}
2024-10-25 01:13:52,582 [INFO ]  [x] Sent {"date": "2024-10-24T06:00", "airport_iata": "MAN"}
2024-10-25 01:13:52,587 [INFO ]  [x] Sent {"date": "2024-10-24T06:00", "airport_iata": "OSL"}
2024-10-25 01:13:52,590 [INFO ]  [x] Sent {"date": "2024-10-24T06:00", "airport_iata": "ARN"}
2024-10-25 01:13:52,591 [INFO ]  [x] Sent {"date": "2024-10-24T06:00", "airport_iata": "MAD"}
2024-10-25 01:13:52,592 [INFO ]  [x] Sent {"date": "2024-10-24T06:00", "airport_iata": "LIS"}
2024-10-25 01:13:52,594 [INFO ]  [x] Sent {"date": "2024-10-24T06:00", "airport_iata": "FCO"}
2024-10-25 01:13:52,595 [INFO ]  [x] Sent {"date": "2024-10-24T06:00", "airport_iata": "ATH"}
2024-10-25 01:13:52,597 [INFO ]  [x] Sent {"date": "2024-10-24T06:00", "airport_iata": "WAW"}
2024-10-25 01:13:52,598 [INFO ]  [x] Sent {"date": "2024-10-24T06:00", "airport_iata": "VIE"}
2024-10-25 01:13:52,601 [INFO ]  [x] Sent {"date": "2024-10-24T06:00", "airport_iata": "ZRH"}
2024-10-25 01:13:52,603 [INFO ]  [x] Sent {"date": "2024-10-24T06:00", "airport_iata": "DUB"}
2024-10-25 01:13:52,605 [INFO ]  [x] Sent {"date": "2024-10-24T06:00", "airport_iata": "NCE"}
2024-10-25 01:13:52,607 [INFO ]  [x] Sent {"date": "2024-10-24T06:00", "airport_iata": "CDG"}
2024-10-25 01:13:52,609 [INFO ]  [x] Sent {"date": "2024-10-24T10:00", "airport_iata": "DMM"}
2024-10-25 01:13:52,611 [INFO ]  [x] Sent {"date": "2024-10-24T10:00", "airport_iata": "DXB"}
2024-10-25 01:13:52,612 [INFO ]  [x] Sent {"date": "2024-10-24T10:00", "airport_iata": "PVG"}
2024-10-25 01:13:52,618 [INFO ]  [x] Sent {"date": "2024-10-24T10:00", "airport_iata": "BKK"}
2024-10-25 01:13:52,619 [INFO ]  [x] Sent {"date": "2024-10-24T10:00", "airport_iata": "IST"}
2024-10-25 01:13:52,621 [INFO ]  [x] Sent {"date": "2024-10-24T10:00", "airport_iata": "HND"}
2024-10-25 01:13:52,623 [INFO ]  [x] Sent {"date": "2024-10-24T10:00", "airport_iata": "PEK"}
2024-10-25 01:13:52,625 [INFO ]  [x] Sent {"date": "2024-10-24T10:00", "airport_iata": "DEL"}
2024-10-25 01:13:52,627 [INFO ]  [x] Sent {"date": "2024-10-24T10:00", "airport_iata": "CAI"}
2024-10-25 01:13:52,628 [INFO ]  [x] Sent {"date": "2024-10-24T10:00", "airport_iata": "CMN"}
2024-10-25 01:13:52,632 [INFO ]  [x] Sent {"date": "2024-10-24T10:00", "airport_iata": "CPT"}
2024-10-25 01:13:52,634 [INFO ]  [x] Sent {"date": "2024-10-24T10:00", "airport_iata": "LOS"}
2024-10-25 01:13:52,637 [INFO ]  [x] Sent {"date": "2024-10-24T10:00", "airport_iata": "ALG"}
2024-10-25 01:13:52,639 [INFO ]  [x] Sent {"date": "2024-10-24T10:00", "airport_iata": "NBO"}
2024-10-25 01:13:52,645 [INFO ]  [x] Sent {"date": "2024-10-24T10:00", "airport_iata": "SSH"}
2024-10-25 01:13:52,650 [INFO ]  [x] Sent {"date": "2024-10-24T10:00", "airport_iata": "MRU"}
2024-10-25 01:13:52,651 [INFO ]  [x] Sent {"date": "2024-10-24T10:00", "airport_iata": "ATL"}
2024-10-25 01:13:52,653 [INFO ]  [x] Sent {"date": "2024-10-24T10:00", "airport_iata": "DFW"}
2024-10-25 01:13:52,655 [INFO ]  [x] Sent {"date": "2024-10-24T10:00", "airport_iata": "DEN"}
2024-10-25 01:13:52,656 [INFO ]  [x] Sent {"date": "2024-10-24T10:00", "airport_iata": "ORD"}
2024-10-25 01:13:52,662 [INFO ]  [x] Sent {"date": "2024-10-24T10:00", "airport_iata": "LAX"}
2024-10-25 01:13:52,668 [INFO ]  [x] Sent {"date": "2024-10-24T10:00", "airport_iata": "JFK"}
2024-10-25 01:13:52,670 [INFO ]  [x] Sent {"date": "2024-10-24T10:00", "airport_iata": "LAS"}
2024-10-25 01:13:52,672 [INFO ]  [x] Sent {"date": "2024-10-24T10:00", "airport_iata": "MIA"}
2024-10-25 01:13:52,673 [INFO ]  [x] Sent {"date": "2024-10-24T10:00", "airport_iata": "MCO"}
2024-10-25 01:13:52,675 [INFO ]  [x] Sent {"date": "2024-10-24T10:00", "airport_iata": "CLT"}
2024-10-25 01:13:52,677 [INFO ]  [x] Sent {"date": "2024-10-24T10:00", "airport_iata": "MEX"}
2024-10-25 01:13:52,680 [INFO ]  [x] Sent {"date": "2024-10-24T10:00", "airport_iata": "SEA"}
2024-10-25 01:13:52,681 [INFO ]  [x] Sent {"date": "2024-10-24T10:00", "airport_iata": "EWR"}
2024-10-25 01:13:52,685 [INFO ]  [x] Sent {"date": "2024-10-24T10:00", "airport_iata": "SFO"}
2024-10-25 01:13:52,688 [INFO ]  [x] Sent {"date": "2024-10-24T10:00", "airport_iata": "BOG"}
2024-10-25 01:13:52,690 [INFO ]  [x] Sent {"date": "2024-10-24T10:00", "airport_iata": "GRU"}
2024-10-25 01:13:52,692 [INFO ]  [x] Sent {"date": "2024-10-24T10:00", "airport_iata": "FRA"}
2024-10-25 01:13:52,694 [INFO ]  [x] Sent {"date": "2024-10-24T10:00", "airport_iata": "MUC"}
2024-10-25 01:13:52,697 [INFO ]  [x] Sent {"date": "2024-10-24T10:00", "airport_iata": "BER"}
2024-10-25 01:13:52,702 [INFO ]  [x] Sent {"date": "2024-10-24T10:00", "airport_iata": "AMS"}
2024-10-25 01:13:52,704 [INFO ]  [x] Sent {"date": "2024-10-24T10:00", "airport_iata": "LHR"}
2024-10-25 01:13:52,705 [INFO ]  [x] Sent {"date": "2024-10-24T10:00", "airport_iata": "MAN"}
2024-10-25 01:13:52,707 [INFO ]  [x] Sent {"date": "2024-10-24T10:00", "airport_iata": "OSL"}
2024-10-25 01:13:52,708 [INFO ]  [x] Sent {"date": "2024-10-24T10:00", "airport_iata": "ARN"}
2024-10-25 01:13:52,710 [INFO ]  [x] Sent {"date": "2024-10-24T10:00", "airport_iata": "MAD"}
2024-10-25 01:13:52,711 [INFO ]  [x] Sent {"date": "2024-10-24T10:00", "airport_iata": "LIS"}
2024-10-25 01:13:52,715 [INFO ]  [x] Sent {"date": "2024-10-24T10:00", "airport_iata": "FCO"}
2024-10-25 01:13:52,718 [INFO ]  [x] Sent {"date": "2024-10-24T10:00", "airport_iata": "ATH"}
2024-10-25 01:13:52,720 [INFO ]  [x] Sent {"date": "2024-10-24T10:00", "airport_iata": "WAW"}
2024-10-25 01:13:52,722 [INFO ]  [x] Sent {"date": "2024-10-24T10:00", "airport_iata": "VIE"}
2024-10-25 01:13:52,725 [INFO ]  [x] Sent {"date": "2024-10-24T10:00", "airport_iata": "ZRH"}
2024-10-25 01:13:52,727 [INFO ]  [x] Sent {"date": "2024-10-24T10:00", "airport_iata": "DUB"}
2024-10-25 01:13:52,728 [INFO ]  [x] Sent {"date": "2024-10-24T10:00", "airport_iata": "NCE"}
2024-10-25 01:13:52,730 [INFO ]  [x] Sent {"date": "2024-10-24T10:00", "airport_iata": "CDG"}
2024-10-25 01:13:52,731 [INFO ]  [x] Sent {"date": "2024-10-24T14:00", "airport_iata": "DMM"}
2024-10-25 01:13:52,733 [INFO ]  [x] Sent {"date": "2024-10-24T14:00", "airport_iata": "DXB"}
2024-10-25 01:13:52,743 [INFO ]  [x] Sent {"date": "2024-10-24T14:00", "airport_iata": "PVG"}
2024-10-25 01:13:52,745 [INFO ]  [x] Sent {"date": "2024-10-24T14:00", "airport_iata": "BKK"}
2024-10-25 01:13:52,747 [INFO ]  [x] Sent {"date": "2024-10-24T14:00", "airport_iata": "IST"}
2024-10-25 01:13:52,749 [INFO ]  [x] Sent {"date": "2024-10-24T14:00", "airport_iata": "HND"}
2024-10-25 01:13:52,756 [INFO ]  [x] Sent {"date": "2024-10-24T14:00", "airport_iata": "PEK"}
2024-10-25 01:13:52,758 [INFO ]  [x] Sent {"date": "2024-10-24T14:00", "airport_iata": "DEL"}
2024-10-25 01:13:52,761 [INFO ]  [x] Sent {"date": "2024-10-24T14:00", "airport_iata": "CAI"}
2024-10-25 01:13:52,763 [INFO ]  [x] Sent {"date": "2024-10-24T14:00", "airport_iata": "CMN"}
2024-10-25 01:13:52,765 [INFO ]  [x] Sent {"date": "2024-10-24T14:00", "airport_iata": "CPT"}
2024-10-25 01:13:52,771 [INFO ]  [x] Sent {"date": "2024-10-24T14:00", "airport_iata": "LOS"}
2024-10-25 01:13:52,777 [INFO ]  [x] Sent {"date": "2024-10-24T14:00", "airport_iata": "ALG"}
2024-10-25 01:13:52,779 [INFO ]  [x] Sent {"date": "2024-10-24T14:00", "airport_iata": "NBO"}
2024-10-25 01:13:52,781 [INFO ]  [x] Sent {"date": "2024-10-24T14:00", "airport_iata": "SSH"}
2024-10-25 01:13:52,783 [INFO ]  [x] Sent {"date": "2024-10-24T14:00", "airport_iata": "MRU"}
2024-10-25 01:13:52,785 [INFO ]  [x] Sent {"date": "2024-10-24T14:00", "airport_iata": "ATL"}
2024-10-25 01:13:52,786 [INFO ]  [x] Sent {"date": "2024-10-24T14:00", "airport_iata": "DFW"}
2024-10-25 01:13:52,788 [INFO ]  [x] Sent {"date": "2024-10-24T14:00", "airport_iata": "DEN"}
2024-10-25 01:13:52,790 [INFO ]  [x] Sent {"date": "2024-10-24T14:00", "airport_iata": "ORD"}
2024-10-25 01:13:52,791 [INFO ]  [x] Sent {"date": "2024-10-24T14:00", "airport_iata": "LAX"}
2024-10-25 01:13:52,793 [INFO ]  [x] Sent {"date": "2024-10-24T14:00", "airport_iata": "JFK"}
2024-10-25 01:13:52,795 [INFO ]  [x] Sent {"date": "2024-10-24T14:00", "airport_iata": "LAS"}
2024-10-25 01:13:52,796 [INFO ]  [x] Sent {"date": "2024-10-24T14:00", "airport_iata": "MIA"}
2024-10-25 01:13:52,798 [INFO ]  [x] Sent {"date": "2024-10-24T14:00", "airport_iata": "MCO"}
2024-10-25 01:13:52,799 [INFO ]  [x] Sent {"date": "2024-10-24T14:00", "airport_iata": "CLT"}
2024-10-25 01:13:52,801 [INFO ]  [x] Sent {"date": "2024-10-24T14:00", "airport_iata": "MEX"}
2024-10-25 01:13:52,802 [INFO ]  [x] Sent {"date": "2024-10-24T14:00", "airport_iata": "SEA"}
2024-10-25 01:13:52,806 [INFO ]  [x] Sent {"date": "2024-10-24T14:00", "airport_iata": "EWR"}
2024-10-25 01:13:52,808 [INFO ]  [x] Sent {"date": "2024-10-24T14:00", "airport_iata": "SFO"}
2024-10-25 01:13:52,809 [INFO ]  [x] Sent {"date": "2024-10-24T14:00", "airport_iata": "BOG"}
2024-10-25 01:13:52,810 [INFO ]  [x] Sent {"date": "2024-10-24T14:00", "airport_iata": "GRU"}
2024-10-25 01:13:52,812 [INFO ]  [x] Sent {"date": "2024-10-24T14:00", "airport_iata": "FRA"}
2024-10-25 01:13:52,813 [INFO ]  [x] Sent {"date": "2024-10-24T14:00", "airport_iata": "MUC"}
2024-10-25 01:13:52,814 [INFO ]  [x] Sent {"date": "2024-10-24T14:00", "airport_iata": "BER"}
2024-10-25 01:13:52,815 [INFO ]  [x] Sent {"date": "2024-10-24T14:00", "airport_iata": "AMS"}
2024-10-25 01:13:52,817 [INFO ]  [x] Sent {"date": "2024-10-24T14:00", "airport_iata": "LHR"}
2024-10-25 01:13:52,818 [INFO ]  [x] Sent {"date": "2024-10-24T14:00", "airport_iata": "MAN"}
2024-10-25 01:13:52,819 [INFO ]  [x] Sent {"date": "2024-10-24T14:00", "airport_iata": "OSL"}
2024-10-25 01:13:52,820 [INFO ]  [x] Sent {"date": "2024-10-24T14:00", "airport_iata": "ARN"}
2024-10-25 01:13:52,822 [INFO ]  [x] Sent {"date": "2024-10-24T14:00", "airport_iata": "MAD"}
2024-10-25 01:13:52,823 [INFO ]  [x] Sent {"date": "2024-10-24T14:00", "airport_iata": "LIS"}
2024-10-25 01:13:52,824 [INFO ]  [x] Sent {"date": "2024-10-24T14:00", "airport_iata": "FCO"}
2024-10-25 01:13:52,825 [INFO ]  [x] Sent {"date": "2024-10-24T14:00", "airport_iata": "ATH"}
2024-10-25 01:13:52,827 [INFO ]  [x] Sent {"date": "2024-10-24T14:00", "airport_iata": "WAW"}
2024-10-25 01:13:52,828 [INFO ]  [x] Sent {"date": "2024-10-24T14:00", "airport_iata": "VIE"}
2024-10-25 01:13:52,830 [INFO ]  [x] Sent {"date": "2024-10-24T14:00", "airport_iata": "ZRH"}
2024-10-25 01:13:52,832 [INFO ]  [x] Sent {"date": "2024-10-24T14:00", "airport_iata": "DUB"}
2024-10-25 01:13:52,833 [INFO ]  [x] Sent {"date": "2024-10-24T14:00", "airport_iata": "NCE"}
2024-10-25 01:13:52,835 [INFO ]  [x] Sent {"date": "2024-10-24T14:00", "airport_iata": "CDG"}
2024-10-25 01:13:52,836 [INFO ]  [x] Sent {"date": "2024-10-24T18:00", "airport_iata": "DMM"}
2024-10-25 01:13:52,838 [INFO ]  [x] Sent {"date": "2024-10-24T18:00", "airport_iata": "DXB"}
2024-10-25 01:13:52,839 [INFO ]  [x] Sent {"date": "2024-10-24T18:00", "airport_iata": "PVG"}
2024-10-25 01:13:52,840 [INFO ]  [x] Sent {"date": "2024-10-24T18:00", "airport_iata": "BKK"}
2024-10-25 01:13:52,842 [INFO ]  [x] Sent {"date": "2024-10-24T18:00", "airport_iata": "IST"}
2024-10-25 01:13:52,843 [INFO ]  [x] Sent {"date": "2024-10-24T18:00", "airport_iata": "HND"}
2024-10-25 01:13:52,844 [INFO ]  [x] Sent {"date": "2024-10-24T18:00", "airport_iata": "PEK"}
2024-10-25 01:13:52,846 [INFO ]  [x] Sent {"date": "2024-10-24T18:00", "airport_iata": "DEL"}
2024-10-25 01:13:52,847 [INFO ]  [x] Sent {"date": "2024-10-24T18:00", "airport_iata": "CAI"}
2024-10-25 01:13:52,849 [INFO ]  [x] Sent {"date": "2024-10-24T18:00", "airport_iata": "CMN"}
2024-10-25 01:13:52,850 [INFO ]  [x] Sent {"date": "2024-10-24T18:00", "airport_iata": "CPT"}
2024-10-25 01:13:52,851 [INFO ]  [x] Sent {"date": "2024-10-24T18:00", "airport_iata": "LOS"}
2024-10-25 01:13:52,853 [INFO ]  [x] Sent {"date": "2024-10-24T18:00", "airport_iata": "ALG"}
2024-10-25 01:13:52,855 [INFO ]  [x] Sent {"date": "2024-10-24T18:00", "airport_iata": "NBO"}
2024-10-25 01:13:52,856 [INFO ]  [x] Sent {"date": "2024-10-24T18:00", "airport_iata": "SSH"}
2024-10-25 01:13:52,857 [INFO ]  [x] Sent {"date": "2024-10-24T18:00", "airport_iata": "MRU"}
2024-10-25 01:13:52,858 [INFO ]  [x] Sent {"date": "2024-10-24T18:00", "airport_iata": "ATL"}
2024-10-25 01:13:52,860 [INFO ]  [x] Sent {"date": "2024-10-24T18:00", "airport_iata": "DFW"}
2024-10-25 01:13:52,861 [INFO ]  [x] Sent {"date": "2024-10-24T18:00", "airport_iata": "DEN"}
2024-10-25 01:13:52,863 [INFO ]  [x] Sent {"date": "2024-10-24T18:00", "airport_iata": "ORD"}
2024-10-25 01:13:52,865 [INFO ]  [x] Sent {"date": "2024-10-24T18:00", "airport_iata": "LAX"}
2024-10-25 01:13:52,866 [INFO ]  [x] Sent {"date": "2024-10-24T18:00", "airport_iata": "JFK"}
2024-10-25 01:13:52,867 [INFO ]  [x] Sent {"date": "2024-10-24T18:00", "airport_iata": "LAS"}
2024-10-25 01:13:52,869 [INFO ]  [x] Sent {"date": "2024-10-24T18:00", "airport_iata": "MIA"}
2024-10-25 01:13:52,870 [INFO ]  [x] Sent {"date": "2024-10-24T18:00", "airport_iata": "MCO"}
2024-10-25 01:13:52,871 [INFO ]  [x] Sent {"date": "2024-10-24T18:00", "airport_iata": "CLT"}
2024-10-25 01:13:52,873 [INFO ]  [x] Sent {"date": "2024-10-24T18:00", "airport_iata": "MEX"}
2024-10-25 01:13:52,874 [INFO ]  [x] Sent {"date": "2024-10-24T18:00", "airport_iata": "SEA"}
2024-10-25 01:13:52,876 [INFO ]  [x] Sent {"date": "2024-10-24T18:00", "airport_iata": "EWR"}
2024-10-25 01:13:52,877 [INFO ]  [x] Sent {"date": "2024-10-24T18:00", "airport_iata": "SFO"}
2024-10-25 01:13:52,879 [INFO ]  [x] Sent {"date": "2024-10-24T18:00", "airport_iata": "BOG"}
2024-10-25 01:13:52,881 [INFO ]  [x] Sent {"date": "2024-10-24T18:00", "airport_iata": "GRU"}
2024-10-25 01:13:52,883 [INFO ]  [x] Sent {"date": "2024-10-24T18:00", "airport_iata": "FRA"}
2024-10-25 01:13:52,886 [INFO ]  [x] Sent {"date": "2024-10-24T18:00", "airport_iata": "MUC"}
2024-10-25 01:13:52,888 [INFO ]  [x] Sent {"date": "2024-10-24T18:00", "airport_iata": "BER"}
2024-10-25 01:13:52,889 [INFO ]  [x] Sent {"date": "2024-10-24T18:00", "airport_iata": "AMS"}
2024-10-25 01:13:52,891 [INFO ]  [x] Sent {"date": "2024-10-24T18:00", "airport_iata": "LHR"}
2024-10-25 01:13:52,892 [INFO ]  [x] Sent {"date": "2024-10-24T18:00", "airport_iata": "MAN"}
2024-10-25 01:13:52,893 [INFO ]  [x] Sent {"date": "2024-10-24T18:00", "airport_iata": "OSL"}
2024-10-25 01:13:52,895 [INFO ]  [x] Sent {"date": "2024-10-24T18:00", "airport_iata": "ARN"}
2024-10-25 01:13:52,896 [INFO ]  [x] Sent {"date": "2024-10-24T18:00", "airport_iata": "MAD"}
2024-10-25 01:13:52,898 [INFO ]  [x] Sent {"date": "2024-10-24T18:00", "airport_iata": "LIS"}
2024-10-25 01:13:52,899 [INFO ]  [x] Sent {"date": "2024-10-24T18:00", "airport_iata": "FCO"}
2024-10-25 01:13:52,901 [INFO ]  [x] Sent {"date": "2024-10-24T18:00", "airport_iata": "ATH"}
2024-10-25 01:13:52,902 [INFO ]  [x] Sent {"date": "2024-10-24T18:00", "airport_iata": "WAW"}
2024-10-25 01:13:52,904 [INFO ]  [x] Sent {"date": "2024-10-24T18:00", "airport_iata": "VIE"}
2024-10-25 01:13:52,905 [INFO ]  [x] Sent {"date": "2024-10-24T18:00", "airport_iata": "ZRH"}
2024-10-25 01:13:52,907 [INFO ]  [x] Sent {"date": "2024-10-24T18:00", "airport_iata": "DUB"}
2024-10-25 01:13:52,908 [INFO ]  [x] Sent {"date": "2024-10-24T18:00", "airport_iata": "NCE"}
2024-10-25 01:13:52,909 [INFO ]  [x] Sent {"date": "2024-10-24T18:00", "airport_iata": "CDG"}
2024-10-25 01:13:52,911 [INFO ]  [x] Sent {"date": "2024-10-24T22:00", "airport_iata": "DMM"}
2024-10-25 01:13:52,912 [INFO ]  [x] Sent {"date": "2024-10-24T22:00", "airport_iata": "DXB"}
2024-10-25 01:13:52,914 [INFO ]  [x] Sent {"date": "2024-10-24T22:00", "airport_iata": "PVG"}
2024-10-25 01:13:52,915 [INFO ]  [x] Sent {"date": "2024-10-24T22:00", "airport_iata": "BKK"}
2024-10-25 01:13:52,917 [INFO ]  [x] Sent {"date": "2024-10-24T22:00", "airport_iata": "IST"}
2024-10-25 01:13:52,919 [INFO ]  [x] Sent {"date": "2024-10-24T22:00", "airport_iata": "HND"}
2024-10-25 01:13:52,921 [INFO ]  [x] Sent {"date": "2024-10-24T22:00", "airport_iata": "PEK"}
2024-10-25 01:13:52,922 [INFO ]  [x] Sent {"date": "2024-10-24T22:00", "airport_iata": "DEL"}
2024-10-25 01:13:52,924 [INFO ]  [x] Sent {"date": "2024-10-24T22:00", "airport_iata": "CAI"}
2024-10-25 01:13:52,925 [INFO ]  [x] Sent {"date": "2024-10-24T22:00", "airport_iata": "CMN"}
2024-10-25 01:13:52,926 [INFO ]  [x] Sent {"date": "2024-10-24T22:00", "airport_iata": "CPT"}
2024-10-25 01:13:52,927 [INFO ]  [x] Sent {"date": "2024-10-24T22:00", "airport_iata": "LOS"}
2024-10-25 01:13:52,928 [INFO ]  [x] Sent {"date": "2024-10-24T22:00", "airport_iata": "ALG"}
2024-10-25 01:13:52,930 [INFO ]  [x] Sent {"date": "2024-10-24T22:00", "airport_iata": "NBO"}
2024-10-25 01:13:52,931 [INFO ]  [x] Sent {"date": "2024-10-24T22:00", "airport_iata": "SSH"}
2024-10-25 01:13:52,933 [INFO ]  [x] Sent {"date": "2024-10-24T22:00", "airport_iata": "MRU"}
2024-10-25 01:13:52,934 [INFO ]  [x] Sent {"date": "2024-10-24T22:00", "airport_iata": "ATL"}
2024-10-25 01:13:52,936 [INFO ]  [x] Sent {"date": "2024-10-24T22:00", "airport_iata": "DFW"}
2024-10-25 01:13:52,937 [INFO ]  [x] Sent {"date": "2024-10-24T22:00", "airport_iata": "DEN"}
2024-10-25 01:13:52,938 [INFO ]  [x] Sent {"date": "2024-10-24T22:00", "airport_iata": "ORD"}
2024-10-25 01:13:52,939 [INFO ]  [x] Sent {"date": "2024-10-24T22:00", "airport_iata": "LAX"}
2024-10-25 01:13:52,941 [INFO ]  [x] Sent {"date": "2024-10-24T22:00", "airport_iata": "JFK"}
2024-10-25 01:13:52,942 [INFO ]  [x] Sent {"date": "2024-10-24T22:00", "airport_iata": "LAS"}
2024-10-25 01:13:52,943 [INFO ]  [x] Sent {"date": "2024-10-24T22:00", "airport_iata": "MIA"}
2024-10-25 01:13:52,945 [INFO ]  [x] Sent {"date": "2024-10-24T22:00", "airport_iata": "MCO"}
2024-10-25 01:13:52,946 [INFO ]  [x] Sent {"date": "2024-10-24T22:00", "airport_iata": "CLT"}
2024-10-25 01:13:52,948 [INFO ]  [x] Sent {"date": "2024-10-24T22:00", "airport_iata": "MEX"}
2024-10-25 01:13:52,949 [INFO ]  [x] Sent {"date": "2024-10-24T22:00", "airport_iata": "SEA"}
2024-10-25 01:13:52,950 [INFO ]  [x] Sent {"date": "2024-10-24T22:00", "airport_iata": "EWR"}
2024-10-25 01:13:52,951 [INFO ]  [x] Sent {"date": "2024-10-24T22:00", "airport_iata": "SFO"}
2024-10-25 01:13:52,953 [INFO ]  [x] Sent {"date": "2024-10-24T22:00", "airport_iata": "BOG"}
2024-10-25 01:13:52,954 [INFO ]  [x] Sent {"date": "2024-10-24T22:00", "airport_iata": "GRU"}
2024-10-25 01:13:52,955 [INFO ]  [x] Sent {"date": "2024-10-24T22:00", "airport_iata": "FRA"}
2024-10-25 01:13:52,956 [INFO ]  [x] Sent {"date": "2024-10-24T22:00", "airport_iata": "MUC"}
2024-10-25 01:13:52,958 [INFO ]  [x] Sent {"date": "2024-10-24T22:00", "airport_iata": "BER"}
2024-10-25 01:13:52,959 [INFO ]  [x] Sent {"date": "2024-10-24T22:00", "airport_iata": "AMS"}
2024-10-25 01:13:52,960 [INFO ]  [x] Sent {"date": "2024-10-24T22:00", "airport_iata": "LHR"}
2024-10-25 01:13:52,961 [INFO ]  [x] Sent {"date": "2024-10-24T22:00", "airport_iata": "MAN"}
2024-10-25 01:13:52,963 [INFO ]  [x] Sent {"date": "2024-10-24T22:00", "airport_iata": "OSL"}
2024-10-25 01:13:52,964 [INFO ]  [x] Sent {"date": "2024-10-24T22:00", "airport_iata": "ARN"}
2024-10-25 01:13:52,966 [INFO ]  [x] Sent {"date": "2024-10-24T22:00", "airport_iata": "MAD"}
2024-10-25 01:13:52,969 [INFO ]  [x] Sent {"date": "2024-10-24T22:00", "airport_iata": "LIS"}
2024-10-25 01:13:52,971 [INFO ]  [x] Sent {"date": "2024-10-24T22:00", "airport_iata": "FCO"}
2024-10-25 01:13:52,972 [INFO ]  [x] Sent {"date": "2024-10-24T22:00", "airport_iata": "ATH"}
2024-10-25 01:13:52,974 [INFO ]  [x] Sent {"date": "2024-10-24T22:00", "airport_iata": "WAW"}
2024-10-25 01:13:52,975 [INFO ]  [x] Sent {"date": "2024-10-24T22:00", "airport_iata": "VIE"}
2024-10-25 01:13:52,976 [INFO ]  [x] Sent {"date": "2024-10-24T22:00", "airport_iata": "ZRH"}
2024-10-25 01:13:52,977 [INFO ]  [x] Sent {"date": "2024-10-24T22:00", "airport_iata": "DUB"}
2024-10-25 01:13:52,978 [INFO ]  [x] Sent {"date": "2024-10-24T22:00", "airport_iata": "NCE"}
2024-10-25 01:13:52,980 [INFO ]  [x] Sent {"date": "2024-10-24T22:00", "airport_iata": "CDG"}
