2024-10-26 01:43:32,074 [INFO ] __main__: ARRIVALS [x] Received {"date": "2024-10-24T06:00", "airport_iata": "LIS"}
2024-10-26 01:43:48,905 [INFO ] __main__: ARRIVALS  [*] Waiting for messages. To exit press CTRL+C
2024-10-26 01:43:48,911 [INFO ] __main__: ARRIVALS [x] Received {"date": "2024-10-24T06:00", "airport_iata": "LIS"}
2024-10-26 01:43:50,738 [INFO ] customer_flight_info_pipeline: ARRIVALS 1 rows were added into the database raw table.
2024-10-26 01:43:50,739 [WARNI] customer_flight_info_pipeline: ARRIVALS 0 rows couldn't be added because Exceptions.
2024-10-26 01:43:50,739 [INFO ] customer_flight_info_pipeline: ARRIVALS Connection closed to the database
2024-10-26 01:43:50,742 [INFO ] __main__: ARRIVALS [x] Done
2024-10-26 01:43:50,744 [INFO ] __main__: ARRIVALS [x] Received {"date": "2024-10-24T06:00", "airport_iata": "FCO"}
2024-10-26 01:43:52,575 [INFO ] customer_flight_info_pipeline: ARRIVALS 6 rows were added into the database raw table.
2024-10-26 01:43:52,575 [WARNI] customer_flight_info_pipeline: ARRIVALS 0 rows couldn't be added because Exceptions.
2024-10-26 01:43:52,575 [INFO ] customer_flight_info_pipeline: ARRIVALS Connection closed to the database
2024-10-26 01:43:52,578 [INFO ] __main__: ARRIVALS [x] Done
2024-10-26 01:43:52,580 [INFO ] __main__: ARRIVALS [x] Received {"date": "2024-10-24T06:00", "airport_iata": "ATH"}
2024-10-26 01:43:54,644 [INFO ] customer_flight_info_pipeline: ARRIVALS 1 rows were added into the database raw table.
2024-10-26 01:43:54,645 [WARNI] customer_flight_info_pipeline: ARRIVALS 0 rows couldn't be added because Exceptions.
2024-10-26 01:43:54,645 [INFO ] customer_flight_info_pipeline: ARRIVALS Connection closed to the database
2024-10-26 01:43:54,648 [INFO ] __main__: ARRIVALS [x] Done
2024-10-26 01:43:54,651 [INFO ] __main__: ARRIVALS [x] Received {"date": "2024-10-24T06:00", "airport_iata": "WAW"}
2024-10-26 01:43:56,558 [INFO ] customer_flight_info_pipeline: ARRIVALS 3 rows were added into the database raw table.
2024-10-26 01:43:56,558 [WARNI] customer_flight_info_pipeline: ARRIVALS 0 rows couldn't be added because Exceptions.
2024-10-26 01:43:56,558 [INFO ] customer_flight_info_pipeline: ARRIVALS Connection closed to the database
2024-10-26 01:43:56,561 [INFO ] __main__: ARRIVALS [x] Done
2024-10-26 01:43:56,563 [INFO ] __main__: ARRIVALS [x] Received {"date": "2024-10-24T06:00", "airport_iata": "VIE"}
2024-10-26 01:43:58,856 [INFO ] customer_flight_info_pipeline: ARRIVALS 47 rows were added into the database raw table.
2024-10-26 01:43:58,856 [WARNI] customer_flight_info_pipeline: ARRIVALS 0 rows couldn't be added because Exceptions.
2024-10-26 01:43:58,857 [INFO ] customer_flight_info_pipeline: ARRIVALS Connection closed to the database
2024-10-26 01:43:58,859 [INFO ] __main__: ARRIVALS [x] Done
2024-10-26 01:43:58,861 [INFO ] __main__: ARRIVALS [x] Received {"date": "2024-10-24T06:00", "airport_iata": "ZRH"}
2024-10-26 01:44:01,462 [INFO ] customer_flight_info_pipeline: ARRIVALS 50 rows were added into the database raw table.
2024-10-26 01:44:01,462 [WARNI] customer_flight_info_pipeline: ARRIVALS 0 rows couldn't be added because Exceptions.
2024-10-26 01:44:01,462 [INFO ] customer_flight_info_pipeline: ARRIVALS Connection closed to the database
2024-10-26 01:44:01,465 [INFO ] __main__: ARRIVALS [x] Done
2024-10-26 01:44:01,467 [INFO ] __main__: ARRIVALS [x] Received {"date": "2024-10-24T06:00", "airport_iata": "DUB"}
2024-10-26 01:44:04,381 [INFO ] customer_flight_info_pipeline: ARRIVALS 2 rows were added into the database raw table.
2024-10-26 01:44:04,382 [WARNI] customer_flight_info_pipeline: ARRIVALS 0 rows couldn't be added because Exceptions.
2024-10-26 01:44:04,382 [INFO ] customer_flight_info_pipeline: ARRIVALS Connection closed to the database
2024-10-26 01:44:04,384 [INFO ] __main__: ARRIVALS [x] Done
2024-10-26 01:44:04,386 [INFO ] __main__: ARRIVALS [x] Received {"date": "2024-10-24T06:00", "airport_iata": "NCE"}
2024-10-26 01:44:06,402 [INFO ] customer_flight_info_pipeline: ARRIVALS 3 rows were added into the database raw table.
2024-10-26 01:44:06,402 [WARNI] customer_flight_info_pipeline: ARRIVALS 0 rows couldn't be added because Exceptions.
2024-10-26 01:44:06,402 [INFO ] customer_flight_info_pipeline: ARRIVALS Connection closed to the database
2024-10-26 01:44:06,406 [INFO ] __main__: ARRIVALS [x] Done
2024-10-26 01:44:06,408 [INFO ] __main__: ARRIVALS [x] Received {"date": "2024-10-24T06:00", "airport_iata": "CDG"}
2024-10-26 01:44:08,705 [INFO ] customer_flight_info_pipeline: ARRIVALS 6 rows were added into the database raw table.
2024-10-26 01:44:08,705 [WARNI] customer_flight_info_pipeline: ARRIVALS 0 rows couldn't be added because Exceptions.
2024-10-26 01:44:08,706 [INFO ] customer_flight_info_pipeline: ARRIVALS Connection closed to the database
2024-10-26 01:44:08,709 [INFO ] __main__: ARRIVALS [x] Done
2024-10-26 01:44:08,711 [INFO ] __main__: ARRIVALS [x] Received {"date": "2024-10-24T10:00", "airport_iata": "DMM"}
2024-10-26 01:44:12,612 [ERROR] customer_flight_info_pipeline: ARRIVALS HTTP error 404 for endpoint https://api.lufthansa.com/v1/operations/customerflightinformation/arrivals/DMM/2024-10-24T10:00?limit=100
2024-10-26 01:44:12,616 [INFO ] __main__: ARRIVALS [x] Done
2024-10-26 01:44:12,617 [INFO ] __main__: ARRIVALS [x] Received {"date": "2024-10-24T10:00", "airport_iata": "DXB"}
2024-10-26 01:44:21,079 [ERROR] customer_flight_info_pipeline: ARRIVALS HTTP error 404 for endpoint https://api.lufthansa.com/v1/operations/customerflightinformation/arrivals/DXB/2024-10-24T10:00?limit=100
2024-10-26 01:44:21,082 [INFO ] __main__: ARRIVALS [x] Done
2024-10-26 01:44:21,084 [INFO ] __main__: ARRIVALS [x] Received {"date": "2024-10-24T10:00", "airport_iata": "PVG"}
2024-10-26 01:44:26,129 [ERROR] customer_flight_info_pipeline: ARRIVALS HTTP error 404 for endpoint https://api.lufthansa.com/v1/operations/customerflightinformation/arrivals/PVG/2024-10-24T10:00?limit=100
2024-10-26 01:44:26,132 [INFO ] __main__: ARRIVALS [x] Done
2024-10-26 01:44:26,134 [INFO ] __main__: ARRIVALS [x] Received {"date": "2024-10-24T10:00", "airport_iata": "BKK"}
2024-10-26 01:44:28,122 [INFO ] customer_flight_info_pipeline: ARRIVALS 1 rows were added into the database raw table.
2024-10-26 01:44:28,123 [WARNI] customer_flight_info_pipeline: ARRIVALS 0 rows couldn't be added because Exceptions.
2024-10-26 01:44:28,123 [INFO ] customer_flight_info_pipeline: ARRIVALS Connection closed to the database
2024-10-26 01:44:28,126 [INFO ] __main__: ARRIVALS [x] Done
2024-10-26 01:44:28,128 [INFO ] __main__: ARRIVALS [x] Received {"date": "2024-10-24T10:00", "airport_iata": "IST"}
2024-10-26 01:44:30,040 [INFO ] customer_flight_info_pipeline: ARRIVALS 1 rows were added into the database raw table.
2024-10-26 01:44:30,045 [WARNI] customer_flight_info_pipeline: ARRIVALS 0 rows couldn't be added because Exceptions.
2024-10-26 01:44:30,045 [INFO ] customer_flight_info_pipeline: ARRIVALS Connection closed to the database
2024-10-26 01:44:30,048 [INFO ] __main__: ARRIVALS [x] Done
2024-10-26 01:44:30,050 [INFO ] __main__: ARRIVALS [x] Received {"date": "2024-10-24T10:00", "airport_iata": "HND"}
2024-10-26 01:44:31,382 [INFO ] customer_flight_info_pipeline: ARRIVALS 1 rows were added into the database raw table.
2024-10-26 01:44:31,382 [WARNI] customer_flight_info_pipeline: ARRIVALS 0 rows couldn't be added because Exceptions.
2024-10-26 01:44:31,382 [INFO ] customer_flight_info_pipeline: ARRIVALS Connection closed to the database
2024-10-26 01:44:31,387 [INFO ] __main__: ARRIVALS [x] Done
2024-10-26 01:44:31,389 [INFO ] __main__: ARRIVALS [x] Received {"date": "2024-10-24T10:00", "airport_iata": "PEK"}
2024-10-26 01:44:32,801 [INFO ] customer_flight_info_pipeline: ARRIVALS 2 rows were added into the database raw table.
2024-10-26 01:44:32,801 [WARNI] customer_flight_info_pipeline: ARRIVALS 0 rows couldn't be added because Exceptions.
2024-10-26 01:44:32,801 [INFO ] customer_flight_info_pipeline: ARRIVALS Connection closed to the database
2024-10-26 01:44:32,804 [INFO ] __main__: ARRIVALS [x] Done
2024-10-26 01:44:32,805 [INFO ] __main__: ARRIVALS [x] Received {"date": "2024-10-24T10:00", "airport_iata": "DEL"}
2024-10-26 01:44:36,284 [ERROR] customer_flight_info_pipeline: ARRIVALS HTTP error 404 for endpoint https://api.lufthansa.com/v1/operations/customerflightinformation/arrivals/DEL/2024-10-24T10:00?limit=100
2024-10-26 01:44:36,287 [INFO ] __main__: ARRIVALS [x] Done
2024-10-26 01:44:36,288 [INFO ] __main__: ARRIVALS [x] Received {"date": "2024-10-24T10:00", "airport_iata": "CAI"}
2024-10-26 01:44:40,738 [ERROR] customer_flight_info_pipeline: ARRIVALS HTTP error 404 for endpoint https://api.lufthansa.com/v1/operations/customerflightinformation/arrivals/CAI/2024-10-24T10:00?limit=100
2024-10-26 01:44:40,740 [INFO ] __main__: ARRIVALS [x] Done
2024-10-26 01:44:40,742 [INFO ] __main__: ARRIVALS [x] Received {"date": "2024-10-24T10:00", "airport_iata": "CMN"}
2024-10-26 01:44:44,579 [ERROR] customer_flight_info_pipeline: ARRIVALS HTTP error 404 for endpoint https://api.lufthansa.com/v1/operations/customerflightinformation/arrivals/CMN/2024-10-24T10:00?limit=100
2024-10-26 01:44:44,581 [INFO ] __main__: ARRIVALS [x] Done
2024-10-26 01:44:44,583 [INFO ] __main__: ARRIVALS [x] Received {"date": "2024-10-24T10:00", "airport_iata": "CPT"}
2024-10-26 01:44:45,799 [INFO ] customer_flight_info_pipeline: ARRIVALS 2 rows were added into the database raw table.
2024-10-26 01:44:45,799 [WARNI] customer_flight_info_pipeline: ARRIVALS 0 rows couldn't be added because Exceptions.
2024-10-26 01:44:45,799 [INFO ] customer_flight_info_pipeline: ARRIVALS Connection closed to the database
2024-10-26 01:44:45,802 [INFO ] __main__: ARRIVALS [x] Done
2024-10-26 01:44:45,803 [INFO ] __main__: ARRIVALS [x] Received {"date": "2024-10-24T10:00", "airport_iata": "LOS"}
2024-10-26 01:44:51,311 [ERROR] customer_flight_info_pipeline: ARRIVALS HTTP error 404 for endpoint https://api.lufthansa.com/v1/operations/customerflightinformation/arrivals/LOS/2024-10-24T10:00?limit=100
2024-10-26 01:44:51,314 [INFO ] __main__: ARRIVALS [x] Done
2024-10-26 01:44:51,315 [INFO ] __main__: ARRIVALS [x] Received {"date": "2024-10-24T10:00", "airport_iata": "ALG"}
2024-10-26 01:44:55,839 [ERROR] customer_flight_info_pipeline: ARRIVALS HTTP error 404 for endpoint https://api.lufthansa.com/v1/operations/customerflightinformation/arrivals/ALG/2024-10-24T10:00?limit=100
2024-10-26 01:44:55,842 [INFO ] __main__: ARRIVALS [x] Done
2024-10-26 01:44:55,843 [INFO ] __main__: ARRIVALS [x] Received {"date": "2024-10-24T10:00", "airport_iata": "NBO"}
2024-10-26 01:44:59,893 [ERROR] customer_flight_info_pipeline: ARRIVALS HTTP error 404 for endpoint https://api.lufthansa.com/v1/operations/customerflightinformation/arrivals/NBO/2024-10-24T10:00?limit=100
2024-10-26 01:44:59,895 [INFO ] __main__: ARRIVALS [x] Done
2024-10-26 01:44:59,897 [INFO ] __main__: ARRIVALS [x] Received {"date": "2024-10-24T10:00", "airport_iata": "SSH"}
2024-10-26 01:45:03,201 [ERROR] customer_flight_info_pipeline: ARRIVALS HTTP error 404 for endpoint https://api.lufthansa.com/v1/operations/customerflightinformation/arrivals/SSH/2024-10-24T10:00?limit=100
2024-10-26 01:45:03,204 [INFO ] __main__: ARRIVALS [x] Done
2024-10-26 01:45:03,205 [INFO ] __main__: ARRIVALS [x] Received {"date": "2024-10-24T10:00", "airport_iata": "MRU"}
2024-10-26 01:45:11,542 [ERROR] customer_flight_info_pipeline: ARRIVALS HTTP error 404 for endpoint https://api.lufthansa.com/v1/operations/customerflightinformation/arrivals/MRU/2024-10-24T10:00?limit=100
2024-10-26 01:45:11,544 [INFO ] __main__: ARRIVALS [x] Done
2024-10-26 01:45:11,545 [INFO ] __main__: ARRIVALS [x] Received {"date": "2024-10-24T10:00", "airport_iata": "ATL"}
2024-10-26 01:45:15,449 [ERROR] customer_flight_info_pipeline: ARRIVALS HTTP error 404 for endpoint https://api.lufthansa.com/v1/operations/customerflightinformation/arrivals/ATL/2024-10-24T10:00?limit=100
2024-10-26 01:45:15,452 [INFO ] __main__: ARRIVALS [x] Done
2024-10-26 01:45:15,454 [INFO ] __main__: ARRIVALS [x] Received {"date": "2024-10-24T10:00", "airport_iata": "DFW"}
2024-10-26 01:45:21,277 [ERROR] customer_flight_info_pipeline: ARRIVALS HTTP error 404 for endpoint https://api.lufthansa.com/v1/operations/customerflightinformation/arrivals/DFW/2024-10-24T10:00?limit=100
2024-10-26 01:45:21,280 [INFO ] __main__: ARRIVALS [x] Done
2024-10-26 01:45:21,281 [INFO ] __main__: ARRIVALS [x] Received {"date": "2024-10-24T10:00", "airport_iata": "DEN"}
2024-10-26 01:45:24,583 [ERROR] customer_flight_info_pipeline: ARRIVALS HTTP error 404 for endpoint https://api.lufthansa.com/v1/operations/customerflightinformation/arrivals/DEN/2024-10-24T10:00?limit=100
2024-10-26 01:45:24,585 [INFO ] __main__: ARRIVALS [x] Done
2024-10-26 01:45:24,587 [INFO ] __main__: ARRIVALS [x] Received {"date": "2024-10-24T10:00", "airport_iata": "ORD"}
2024-10-26 01:45:26,265 [INFO ] customer_flight_info_pipeline: ARRIVALS 3 rows were added into the database raw table.
2024-10-26 01:45:26,265 [WARNI] customer_flight_info_pipeline: ARRIVALS 0 rows couldn't be added because Exceptions.
2024-10-26 01:45:26,266 [INFO ] customer_flight_info_pipeline: ARRIVALS Connection closed to the database
2024-10-26 01:45:26,269 [INFO ] __main__: ARRIVALS [x] Done
2024-10-26 01:45:26,272 [INFO ] __main__: ARRIVALS [x] Received {"date": "2024-10-24T10:00", "airport_iata": "LAX"}
2024-10-26 01:45:27,872 [INFO ] customer_flight_info_pipeline: ARRIVALS 2 rows were added into the database raw table.
2024-10-26 01:45:27,872 [WARNI] customer_flight_info_pipeline: ARRIVALS 0 rows couldn't be added because Exceptions.
2024-10-26 01:45:27,873 [INFO ] customer_flight_info_pipeline: ARRIVALS Connection closed to the database
2024-10-26 01:45:27,876 [INFO ] __main__: ARRIVALS [x] Done
2024-10-26 01:45:27,877 [INFO ] __main__: ARRIVALS [x] Received {"date": "2024-10-24T10:00", "airport_iata": "JFK"}
2024-10-26 01:45:29,365 [INFO ] customer_flight_info_pipeline: ARRIVALS 3 rows were added into the database raw table.
2024-10-26 01:45:29,366 [WARNI] customer_flight_info_pipeline: ARRIVALS 0 rows couldn't be added because Exceptions.
2024-10-26 01:45:29,366 [INFO ] customer_flight_info_pipeline: ARRIVALS Connection closed to the database
2024-10-26 01:45:29,370 [INFO ] __main__: ARRIVALS [x] Done
2024-10-26 01:45:29,371 [INFO ] __main__: ARRIVALS [x] Received {"date": "2024-10-24T10:00", "airport_iata": "LAS"}
2024-10-26 01:45:32,728 [ERROR] customer_flight_info_pipeline: ARRIVALS HTTP error 404 for endpoint https://api.lufthansa.com/v1/operations/customerflightinformation/arrivals/LAS/2024-10-24T10:00?limit=100
2024-10-26 01:45:32,731 [INFO ] __main__: ARRIVALS [x] Done
2024-10-26 01:45:32,733 [INFO ] __main__: ARRIVALS [x] Received {"date": "2024-10-24T10:00", "airport_iata": "MIA"}
2024-10-26 01:45:36,697 [ERROR] customer_flight_info_pipeline: ARRIVALS HTTP error 404 for endpoint https://api.lufthansa.com/v1/operations/customerflightinformation/arrivals/MIA/2024-10-24T10:00?limit=100
2024-10-26 01:45:36,699 [INFO ] __main__: ARRIVALS [x] Done
2024-10-26 01:45:36,700 [INFO ] __main__: ARRIVALS [x] Received {"date": "2024-10-24T10:00", "airport_iata": "MCO"}
2024-10-26 01:45:39,679 [ERROR] customer_flight_info_pipeline: ARRIVALS HTTP error 404 for endpoint https://api.lufthansa.com/v1/operations/customerflightinformation/arrivals/MCO/2024-10-24T10:00?limit=100
2024-10-26 01:45:39,682 [INFO ] __main__: ARRIVALS [x] Done
2024-10-26 01:45:39,685 [INFO ] __main__: ARRIVALS [x] Received {"date": "2024-10-24T10:00", "airport_iata": "CLT"}
2024-10-26 01:45:43,610 [ERROR] customer_flight_info_pipeline: ARRIVALS HTTP error 404 for endpoint https://api.lufthansa.com/v1/operations/customerflightinformation/arrivals/CLT/2024-10-24T10:00?limit=100
2024-10-26 01:45:43,613 [INFO ] __main__: ARRIVALS [x] Done
2024-10-26 01:45:43,614 [INFO ] __main__: ARRIVALS [x] Received {"date": "2024-10-24T10:00", "airport_iata": "MEX"}
2024-10-26 01:45:47,395 [ERROR] customer_flight_info_pipeline: ARRIVALS HTTP error 404 for endpoint https://api.lufthansa.com/v1/operations/customerflightinformation/arrivals/MEX/2024-10-24T10:00?limit=100
2024-10-26 01:45:47,398 [INFO ] __main__: ARRIVALS [x] Done
2024-10-26 01:45:47,399 [INFO ] __main__: ARRIVALS [x] Received {"date": "2024-10-24T10:00", "airport_iata": "SEA"}
2024-10-26 01:45:48,532 [INFO ] customer_flight_info_pipeline: ARRIVALS 1 rows were added into the database raw table.
2024-10-26 01:45:48,533 [WARNI] customer_flight_info_pipeline: ARRIVALS 0 rows couldn't be added because Exceptions.
2024-10-26 01:45:48,533 [INFO ] customer_flight_info_pipeline: ARRIVALS Connection closed to the database
2024-10-26 01:45:48,535 [INFO ] __main__: ARRIVALS [x] Done
2024-10-26 01:45:48,537 [INFO ] __main__: ARRIVALS [x] Received {"date": "2024-10-24T10:00", "airport_iata": "EWR"}
2024-10-26 01:45:49,788 [INFO ] customer_flight_info_pipeline: ARRIVALS 1 rows were added into the database raw table.
2024-10-26 01:45:49,789 [WARNI] customer_flight_info_pipeline: ARRIVALS 0 rows couldn't be added because Exceptions.
2024-10-26 01:45:49,789 [INFO ] customer_flight_info_pipeline: ARRIVALS Connection closed to the database
2024-10-26 01:45:49,792 [INFO ] __main__: ARRIVALS [x] Done
2024-10-26 01:45:49,794 [INFO ] __main__: ARRIVALS [x] Received {"date": "2024-10-24T10:00", "airport_iata": "SFO"}
2024-10-26 01:45:51,188 [INFO ] customer_flight_info_pipeline: ARRIVALS 1 rows were added into the database raw table.
2024-10-26 01:45:51,188 [WARNI] customer_flight_info_pipeline: ARRIVALS 0 rows couldn't be added because Exceptions.
2024-10-26 01:45:51,188 [INFO ] customer_flight_info_pipeline: ARRIVALS Connection closed to the database
2024-10-26 01:45:51,191 [INFO ] __main__: ARRIVALS [x] Done
2024-10-26 01:45:51,195 [INFO ] __main__: ARRIVALS [x] Received {"date": "2024-10-24T10:00", "airport_iata": "BOG"}
2024-10-26 01:45:56,679 [ERROR] customer_flight_info_pipeline: ARRIVALS HTTP error 404 for endpoint https://api.lufthansa.com/v1/operations/customerflightinformation/arrivals/BOG/2024-10-24T10:00?limit=100
2024-10-26 01:45:56,682 [INFO ] __main__: ARRIVALS [x] Done
2024-10-26 01:45:56,684 [INFO ] __main__: ARRIVALS [x] Received {"date": "2024-10-24T10:00", "airport_iata": "GRU"}
2024-10-26 01:46:00,838 [ERROR] customer_flight_info_pipeline: ARRIVALS HTTP error 404 for endpoint https://api.lufthansa.com/v1/operations/customerflightinformation/arrivals/GRU/2024-10-24T10:00?limit=100
2024-10-26 01:46:00,842 [INFO ] __main__: ARRIVALS [x] Done
2024-10-26 01:46:00,844 [INFO ] __main__: ARRIVALS [x] Received {"date": "2024-10-24T10:00", "airport_iata": "FRA"}
2024-10-26 01:46:04,970 [INFO ] customer_flight_info_pipeline: ARRIVALS 50 rows were added into the database raw table.
2024-10-26 01:46:04,971 [WARNI] customer_flight_info_pipeline: ARRIVALS 0 rows couldn't be added because Exceptions.
2024-10-26 01:46:04,971 [INFO ] customer_flight_info_pipeline: ARRIVALS Connection closed to the database
2024-10-26 01:46:04,974 [INFO ] __main__: ARRIVALS [x] Done
2024-10-26 01:46:04,976 [INFO ] __main__: ARRIVALS [x] Received {"date": "2024-10-24T10:00", "airport_iata": "MUC"}
2024-10-26 01:46:09,442 [INFO ] customer_flight_info_pipeline: ARRIVALS 50 rows were added into the database raw table.
2024-10-26 01:46:09,442 [WARNI] customer_flight_info_pipeline: ARRIVALS 0 rows couldn't be added because Exceptions.
2024-10-26 01:46:09,442 [INFO ] customer_flight_info_pipeline: ARRIVALS Connection closed to the database
2024-10-26 01:46:09,445 [INFO ] __main__: ARRIVALS [x] Done
2024-10-26 01:46:09,446 [INFO ] __main__: ARRIVALS [x] Received {"date": "2024-10-24T10:00", "airport_iata": "BER"}
2024-10-26 01:46:12,400 [INFO ] customer_flight_info_pipeline: ARRIVALS 15 rows were added into the database raw table.
2024-10-26 01:46:12,401 [WARNI] customer_flight_info_pipeline: ARRIVALS 0 rows couldn't be added because Exceptions.
2024-10-26 01:46:12,401 [INFO ] customer_flight_info_pipeline: ARRIVALS Connection closed to the database
2024-10-26 01:46:12,404 [INFO ] __main__: ARRIVALS [x] Done
2024-10-26 01:46:12,405 [INFO ] __main__: ARRIVALS [x] Received {"date": "2024-10-24T10:00", "airport_iata": "AMS"}
2024-10-26 01:46:14,209 [INFO ] customer_flight_info_pipeline: ARRIVALS 5 rows were added into the database raw table.
2024-10-26 01:46:14,210 [WARNI] customer_flight_info_pipeline: ARRIVALS 0 rows couldn't be added because Exceptions.
2024-10-26 01:46:14,210 [INFO ] customer_flight_info_pipeline: ARRIVALS Connection closed to the database
2024-10-26 01:46:14,212 [INFO ] __main__: ARRIVALS [x] Done
2024-10-26 01:46:14,214 [INFO ] __main__: ARRIVALS [x] Received {"date": "2024-10-24T10:00", "airport_iata": "LHR"}
2024-10-26 01:46:15,988 [INFO ] customer_flight_info_pipeline: ARRIVALS 11 rows were added into the database raw table.
2024-10-26 01:46:15,988 [WARNI] customer_flight_info_pipeline: ARRIVALS 0 rows couldn't be added because Exceptions.
2024-10-26 01:46:15,988 [INFO ] customer_flight_info_pipeline: ARRIVALS Connection closed to the database
2024-10-26 01:46:15,992 [INFO ] __main__: ARRIVALS [x] Done
2024-10-26 01:46:15,993 [INFO ] __main__: ARRIVALS [x] Received {"date": "2024-10-24T10:00", "airport_iata": "MAN"}
2024-10-26 01:46:17,879 [INFO ] customer_flight_info_pipeline: ARRIVALS 3 rows were added into the database raw table.
2024-10-26 01:46:17,879 [WARNI] customer_flight_info_pipeline: ARRIVALS 0 rows couldn't be added because Exceptions.
2024-10-26 01:46:17,879 [INFO ] customer_flight_info_pipeline: ARRIVALS Connection closed to the database
2024-10-26 01:46:17,883 [INFO ] __main__: ARRIVALS [x] Done
2024-10-26 01:46:17,884 [INFO ] __main__: ARRIVALS [x] Received {"date": "2024-10-24T10:00", "airport_iata": "OSL"}
2024-10-26 01:46:19,288 [INFO ] customer_flight_info_pipeline: ARRIVALS 2 rows were added into the database raw table.
2024-10-26 01:46:19,289 [WARNI] customer_flight_info_pipeline: ARRIVALS 0 rows couldn't be added because Exceptions.
2024-10-26 01:46:19,289 [INFO ] customer_flight_info_pipeline: ARRIVALS Connection closed to the database
2024-10-26 01:46:19,291 [INFO ] __main__: ARRIVALS [x] Done
2024-10-26 01:46:19,293 [INFO ] __main__: ARRIVALS [x] Received {"date": "2024-10-24T10:00", "airport_iata": "ARN"}
2024-10-26 01:46:21,066 [INFO ] customer_flight_info_pipeline: ARRIVALS 6 rows were added into the database raw table.
2024-10-26 01:46:21,066 [WARNI] customer_flight_info_pipeline: ARRIVALS 0 rows couldn't be added because Exceptions.
2024-10-26 01:46:21,067 [INFO ] customer_flight_info_pipeline: ARRIVALS Connection closed to the database
2024-10-26 01:46:21,070 [INFO ] __main__: ARRIVALS [x] Done
2024-10-26 01:46:21,073 [INFO ] __main__: ARRIVALS [x] Received {"date": "2024-10-24T10:00", "airport_iata": "MAD"}
2024-10-26 01:46:23,322 [INFO ] customer_flight_info_pipeline: ARRIVALS 3 rows were added into the database raw table.
2024-10-26 01:46:23,322 [WARNI] customer_flight_info_pipeline: ARRIVALS 0 rows couldn't be added because Exceptions.
2024-10-26 01:46:23,322 [INFO ] customer_flight_info_pipeline: ARRIVALS Connection closed to the database
2024-10-26 01:46:23,325 [INFO ] __main__: ARRIVALS [x] Done
2024-10-26 01:46:23,327 [INFO ] __main__: ARRIVALS [x] Received {"date": "2024-10-24T10:00", "airport_iata": "LIS"}
2024-10-26 01:46:24,626 [INFO ] customer_flight_info_pipeline: ARRIVALS 5 rows were added into the database raw table.
2024-10-26 01:46:24,626 [WARNI] customer_flight_info_pipeline: ARRIVALS 0 rows couldn't be added because Exceptions.
2024-10-26 01:46:24,627 [INFO ] customer_flight_info_pipeline: ARRIVALS Connection closed to the database
2024-10-26 01:46:24,630 [INFO ] __main__: ARRIVALS [x] Done
2024-10-26 01:46:24,631 [INFO ] __main__: ARRIVALS [x] Received {"date": "2024-10-24T10:00", "airport_iata": "FCO"}
2024-10-26 01:46:26,061 [INFO ] customer_flight_info_pipeline: ARRIVALS 7 rows were added into the database raw table.
2024-10-26 01:46:26,062 [WARNI] customer_flight_info_pipeline: ARRIVALS 0 rows couldn't be added because Exceptions.
2024-10-26 01:46:26,062 [INFO ] customer_flight_info_pipeline: ARRIVALS Connection closed to the database
2024-10-26 01:46:26,065 [INFO ] __main__: ARRIVALS [x] Done
2024-10-26 01:46:26,066 [INFO ] __main__: ARRIVALS [x] Received {"date": "2024-10-24T10:00", "airport_iata": "ATH"}
2024-10-26 01:46:27,624 [INFO ] customer_flight_info_pipeline: ARRIVALS 5 rows were added into the database raw table.
2024-10-26 01:46:27,624 [WARNI] customer_flight_info_pipeline: ARRIVALS 0 rows couldn't be added because Exceptions.
2024-10-26 01:46:27,624 [INFO ] customer_flight_info_pipeline: ARRIVALS Connection closed to the database
2024-10-26 01:46:27,627 [INFO ] __main__: ARRIVALS [x] Done
2024-10-26 01:46:27,629 [INFO ] __main__: ARRIVALS [x] Received {"date": "2024-10-24T10:00", "airport_iata": "WAW"}
2024-10-26 01:46:28,998 [INFO ] customer_flight_info_pipeline: ARRIVALS 2 rows were added into the database raw table.
2024-10-26 01:46:28,998 [WARNI] customer_flight_info_pipeline: ARRIVALS 0 rows couldn't be added because Exceptions.
2024-10-26 01:46:28,998 [INFO ] customer_flight_info_pipeline: ARRIVALS Connection closed to the database
2024-10-26 01:46:29,002 [INFO ] __main__: ARRIVALS [x] Done
2024-10-26 01:46:29,003 [INFO ] __main__: ARRIVALS [x] Received {"date": "2024-10-24T10:00", "airport_iata": "VIE"}
2024-10-26 01:46:32,772 [INFO ] customer_flight_info_pipeline: ARRIVALS 45 rows were added into the database raw table.
2024-10-26 01:46:32,772 [WARNI] customer_flight_info_pipeline: ARRIVALS 0 rows couldn't be added because Exceptions.
2024-10-26 01:46:32,773 [INFO ] customer_flight_info_pipeline: ARRIVALS Connection closed to the database
2024-10-26 01:46:32,775 [INFO ] __main__: ARRIVALS [x] Done
2024-10-26 01:46:32,776 [INFO ] __main__: ARRIVALS [x] Received {"date": "2024-10-24T10:00", "airport_iata": "ZRH"}
2024-10-26 01:46:35,333 [INFO ] customer_flight_info_pipeline: ARRIVALS 50 rows were added into the database raw table.
2024-10-26 01:46:35,333 [WARNI] customer_flight_info_pipeline: ARRIVALS 0 rows couldn't be added because Exceptions.
2024-10-26 01:46:35,333 [INFO ] customer_flight_info_pipeline: ARRIVALS Connection closed to the database
2024-10-26 01:46:35,336 [INFO ] __main__: ARRIVALS [x] Done
2024-10-26 01:46:35,338 [INFO ] __main__: ARRIVALS [x] Received {"date": "2024-10-24T10:00", "airport_iata": "DUB"}
2024-10-26 01:46:36,902 [INFO ] customer_flight_info_pipeline: ARRIVALS 1 rows were added into the database raw table.
2024-10-26 01:46:36,903 [WARNI] customer_flight_info_pipeline: ARRIVALS 0 rows couldn't be added because Exceptions.
2024-10-26 01:46:36,903 [INFO ] customer_flight_info_pipeline: ARRIVALS Connection closed to the database
2024-10-26 01:46:36,906 [INFO ] __main__: ARRIVALS [x] Done
2024-10-26 01:46:36,908 [INFO ] __main__: ARRIVALS [x] Received {"date": "2024-10-24T10:00", "airport_iata": "NCE"}
2024-10-26 01:46:38,310 [INFO ] customer_flight_info_pipeline: ARRIVALS 5 rows were added into the database raw table.
2024-10-26 01:46:38,310 [WARNI] customer_flight_info_pipeline: ARRIVALS 0 rows couldn't be added because Exceptions.
2024-10-26 01:46:38,310 [INFO ] customer_flight_info_pipeline: ARRIVALS Connection closed to the database
2024-10-26 01:46:38,313 [INFO ] __main__: ARRIVALS [x] Done
2024-10-26 01:46:38,314 [INFO ] __main__: ARRIVALS [x] Received {"date": "2024-10-24T10:00", "airport_iata": "CDG"}
2024-10-26 01:46:39,712 [INFO ] customer_flight_info_pipeline: ARRIVALS 4 rows were added into the database raw table.
2024-10-26 01:46:39,712 [WARNI] customer_flight_info_pipeline: ARRIVALS 0 rows couldn't be added because Exceptions.
2024-10-26 01:46:39,713 [INFO ] customer_flight_info_pipeline: ARRIVALS Connection closed to the database
2024-10-26 01:46:39,715 [INFO ] __main__: ARRIVALS [x] Done
2024-10-26 01:46:39,717 [INFO ] __main__: ARRIVALS [x] Received {"date": "2024-10-24T14:00", "airport_iata": "DMM"}
2024-10-26 01:46:44,687 [ERROR] customer_flight_info_pipeline: ARRIVALS HTTP error 404 for endpoint https://api.lufthansa.com/v1/operations/customerflightinformation/arrivals/DMM/2024-10-24T14:00?limit=100
2024-10-26 01:46:44,690 [INFO ] __main__: ARRIVALS [x] Done
2024-10-26 01:46:44,692 [INFO ] __main__: ARRIVALS [x] Received {"date": "2024-10-24T14:00", "airport_iata": "DXB"}
2024-10-26 01:46:50,660 [ERROR] customer_flight_info_pipeline: ARRIVALS HTTP error 404 for endpoint https://api.lufthansa.com/v1/operations/customerflightinformation/arrivals/DXB/2024-10-24T14:00?limit=100
2024-10-26 01:46:50,662 [INFO ] __main__: ARRIVALS [x] Done
2024-10-26 01:46:50,664 [INFO ] __main__: ARRIVALS [x] Received {"date": "2024-10-24T14:00", "airport_iata": "PVG"}
2024-10-26 01:46:52,041 [INFO ] customer_flight_info_pipeline: ARRIVALS 2 rows were added into the database raw table.
2024-10-26 01:46:52,041 [WARNI] customer_flight_info_pipeline: ARRIVALS 0 rows couldn't be added because Exceptions.
2024-10-26 01:46:52,042 [INFO ] customer_flight_info_pipeline: ARRIVALS Connection closed to the database
2024-10-26 01:46:52,045 [INFO ] __main__: ARRIVALS [x] Done
2024-10-26 01:46:52,048 [INFO ] __main__: ARRIVALS [x] Received {"date": "2024-10-24T14:00", "airport_iata": "BKK"}
2024-10-26 01:46:53,785 [INFO ] customer_flight_info_pipeline: ARRIVALS 2 rows were added into the database raw table.
2024-10-26 01:46:53,785 [WARNI] customer_flight_info_pipeline: ARRIVALS 0 rows couldn't be added because Exceptions.
2024-10-26 01:46:53,785 [INFO ] customer_flight_info_pipeline: ARRIVALS Connection closed to the database
2024-10-26 01:46:53,789 [INFO ] __main__: ARRIVALS [x] Done
2024-10-26 01:46:53,791 [INFO ] __main__: ARRIVALS [x] Received {"date": "2024-10-24T14:00", "airport_iata": "IST"}
2024-10-26 01:46:55,427 [INFO ] customer_flight_info_pipeline: ARRIVALS 1 rows were added into the database raw table.
2024-10-26 01:46:55,427 [WARNI] customer_flight_info_pipeline: ARRIVALS 0 rows couldn't be added because Exceptions.
2024-10-26 01:46:55,428 [INFO ] customer_flight_info_pipeline: ARRIVALS Connection closed to the database
2024-10-26 01:46:55,431 [INFO ] __main__: ARRIVALS [x] Done
2024-10-26 01:46:55,432 [INFO ] __main__: ARRIVALS [x] Received {"date": "2024-10-24T14:00", "airport_iata": "HND"}
2024-10-26 01:46:59,281 [ERROR] customer_flight_info_pipeline: ARRIVALS HTTP error 404 for endpoint https://api.lufthansa.com/v1/operations/customerflightinformation/arrivals/HND/2024-10-24T14:00?limit=100
2024-10-26 01:46:59,284 [INFO ] __main__: ARRIVALS [x] Done
2024-10-26 01:46:59,286 [INFO ] __main__: ARRIVALS [x] Received {"date": "2024-10-24T14:00", "airport_iata": "PEK"}
2024-10-26 01:47:03,376 [ERROR] customer_flight_info_pipeline: ARRIVALS HTTP error 404 for endpoint https://api.lufthansa.com/v1/operations/customerflightinformation/arrivals/PEK/2024-10-24T14:00?limit=100
2024-10-26 01:47:03,378 [INFO ] __main__: ARRIVALS [x] Done
2024-10-26 01:47:03,380 [INFO ] __main__: ARRIVALS [x] Received {"date": "2024-10-24T14:00", "airport_iata": "DEL"}
2024-10-26 01:47:07,537 [ERROR] customer_flight_info_pipeline: ARRIVALS HTTP error 404 for endpoint https://api.lufthansa.com/v1/operations/customerflightinformation/arrivals/DEL/2024-10-24T14:00?limit=100
2024-10-26 01:47:07,540 [INFO ] __main__: ARRIVALS [x] Done
2024-10-26 01:47:07,541 [INFO ] __main__: ARRIVALS [x] Received {"date": "2024-10-24T14:00", "airport_iata": "CAI"}
2024-10-26 01:47:08,887 [INFO ] customer_flight_info_pipeline: ARRIVALS 2 rows were added into the database raw table.
2024-10-26 01:47:08,887 [WARNI] customer_flight_info_pipeline: ARRIVALS 0 rows couldn't be added because Exceptions.
2024-10-26 01:47:08,888 [INFO ] customer_flight_info_pipeline: ARRIVALS Connection closed to the database
2024-10-26 01:47:08,890 [INFO ] __main__: ARRIVALS [x] Done
2024-10-26 01:47:08,892 [INFO ] __main__: ARRIVALS [x] Received {"date": "2024-10-24T14:00", "airport_iata": "CMN"}
2024-10-26 01:47:12,543 [ERROR] customer_flight_info_pipeline: ARRIVALS HTTP error 404 for endpoint https://api.lufthansa.com/v1/operations/customerflightinformation/arrivals/CMN/2024-10-24T14:00?limit=100
2024-10-26 01:47:12,545 [INFO ] __main__: ARRIVALS [x] Done
2024-10-26 01:47:12,547 [INFO ] __main__: ARRIVALS [x] Received {"date": "2024-10-24T14:00", "airport_iata": "CPT"}
2024-10-26 01:47:15,880 [ERROR] customer_flight_info_pipeline: ARRIVALS HTTP error 404 for endpoint https://api.lufthansa.com/v1/operations/customerflightinformation/arrivals/CPT/2024-10-24T14:00?limit=100
2024-10-26 01:47:15,883 [INFO ] __main__: ARRIVALS [x] Done
2024-10-26 01:47:15,885 [INFO ] __main__: ARRIVALS [x] Received {"date": "2024-10-24T14:00", "airport_iata": "LOS"}
2024-10-26 01:47:20,029 [ERROR] customer_flight_info_pipeline: ARRIVALS HTTP error 404 for endpoint https://api.lufthansa.com/v1/operations/customerflightinformation/arrivals/LOS/2024-10-24T14:00?limit=100
2024-10-26 01:47:20,032 [INFO ] __main__: ARRIVALS [x] Done
2024-10-26 01:47:20,033 [INFO ] __main__: ARRIVALS [x] Received {"date": "2024-10-24T14:00", "airport_iata": "ALG"}
2024-10-26 01:47:26,110 [ERROR] customer_flight_info_pipeline: ARRIVALS HTTP error 404 for endpoint https://api.lufthansa.com/v1/operations/customerflightinformation/arrivals/ALG/2024-10-24T14:00?limit=100
2024-10-26 01:47:26,113 [INFO ] __main__: ARRIVALS [x] Done
2024-10-26 01:47:26,115 [INFO ] __main__: ARRIVALS [x] Received {"date": "2024-10-24T14:00", "airport_iata": "NBO"}
2024-10-26 01:47:29,771 [ERROR] customer_flight_info_pipeline: ARRIVALS HTTP error 404 for endpoint https://api.lufthansa.com/v1/operations/customerflightinformation/arrivals/NBO/2024-10-24T14:00?limit=100
2024-10-26 01:47:29,774 [INFO ] __main__: ARRIVALS [x] Done
2024-10-26 01:47:29,775 [INFO ] __main__: ARRIVALS [x] Received {"date": "2024-10-24T14:00", "airport_iata": "SSH"}
2024-10-26 01:47:29,938 [WARNI] __main__: ARRIVALS Coudln't get the Token
2024-10-26 01:47:29,939 [WARNI] __main__: ARRIVALS Sleeping for 30 minutes  ZZZZZZZZZZZZZ
