2024-10-25 07:20:42,596 [INFO ]  [x] Sent to customer_flight_informations_arrivals {"date": "2024-10-24T02:00", "airport_iata": "DMM"}
2024-10-25 07:20:42,598 [INFO ]  [x] Sent to customer_flight_informations_arrivals {"date": "2024-10-24T02:00", "airport_iata": "DXB"}
2024-10-25 07:20:42,599 [INFO ]  [x] Sent to customer_flight_informations_arrivals {"date": "2024-10-24T02:00", "airport_iata": "PVG"}
2024-10-25 07:20:42,600 [INFO ]  [x] Sent to customer_flight_informations_arrivals {"date": "2024-10-24T02:00", "airport_iata": "BKK"}
2024-10-25 07:20:42,601 [INFO ]  [x] Sent to customer_flight_informations_arrivals {"date": "2024-10-24T02:00", "airport_iata": "IST"}
2024-10-25 07:20:42,602 [INFO ]  [x] Sent to customer_flight_informations_arrivals {"date": "2024-10-24T02:00", "airport_iata": "HND"}
2024-10-25 07:20:42,603 [INFO ]  [x] Sent to customer_flight_informations_arrivals {"date": "2024-10-24T02:00", "airport_iata": "PEK"}
2024-10-25 07:20:42,603 [INFO ]  [x] Sent to customer_flight_informations_arrivals {"date": "2024-10-24T02:00", "airport_iata": "DEL"}
2024-10-25 07:20:42,604 [INFO ]  [x] Sent to customer_flight_informations_arrivals {"date": "2024-10-24T02:00", "airport_iata": "CAI"}
2024-10-25 07:20:42,605 [INFO ]  [x] Sent to customer_flight_informations_arrivals {"date": "2024-10-24T02:00", "airport_iata": "CMN"}
2024-10-25 07:20:42,606 [INFO ]  [x] Sent to customer_flight_informations_arrivals {"date": "2024-10-24T02:00", "airport_iata": "CPT"}
2024-10-25 07:20:42,607 [INFO ]  [x] Sent to customer_flight_informations_arrivals {"date": "2024-10-24T02:00", "airport_iata": "LOS"}
2024-10-25 07:20:42,608 [INFO ]  [x] Sent to customer_flight_informations_arrivals {"date": "2024-10-24T02:00", "airport_iata": "ALG"}
2024-10-25 07:20:42,608 [INFO ]  [x] Sent to customer_flight_informations_arrivals {"date": "2024-10-24T02:00", "airport_iata": "NBO"}
2024-10-25 07:20:42,609 [INFO ]  [x] Sent to customer_flight_informations_arrivals {"date": "2024-10-24T02:00", "airport_iata": "SSH"}
2024-10-25 07:20:42,609 [INFO ]  [x] Sent to customer_flight_informations_arrivals {"date": "2024-10-24T02:00", "airport_iata": "MRU"}
2024-10-25 07:20:42,610 [INFO ]  [x] Sent to customer_flight_informations_arrivals {"date": "2024-10-24T02:00", "airport_iata": "ATL"}
2024-10-25 07:20:42,610 [INFO ]  [x] Sent to customer_flight_informations_arrivals {"date": "2024-10-24T02:00", "airport_iata": "DFW"}
2024-10-25 07:20:42,611 [INFO ]  [x] Sent to customer_flight_informations_arrivals {"date": "2024-10-24T02:00", "airport_iata": "DEN"}
2024-10-25 07:20:42,612 [INFO ]  [x] Sent to customer_flight_informations_arrivals {"date": "2024-10-24T02:00", "airport_iata": "ORD"}
2024-10-25 07:20:42,612 [INFO ]  [x] Sent to customer_flight_informations_arrivals {"date": "2024-10-24T02:00", "airport_iata": "LAX"}
2024-10-25 07:20:42,613 [INFO ]  [x] Sent to customer_flight_informations_arrivals {"date": "2024-10-24T02:00", "airport_iata": "JFK"}
2024-10-25 07:20:42,613 [INFO ]  [x] Sent to customer_flight_informations_arrivals {"date": "2024-10-24T02:00", "airport_iata": "LAS"}
2024-10-25 07:20:42,614 [INFO ]  [x] Sent to customer_flight_informations_arrivals {"date": "2024-10-24T02:00", "airport_iata": "MIA"}
2024-10-25 07:20:42,614 [INFO ]  [x] Sent to customer_flight_informations_arrivals {"date": "2024-10-24T02:00", "airport_iata": "MCO"}
2024-10-25 07:20:42,615 [INFO ]  [x] Sent to customer_flight_informations_arrivals {"date": "2024-10-24T02:00", "airport_iata": "CLT"}
2024-10-25 07:20:42,616 [INFO ]  [x] Sent to customer_flight_informations_arrivals {"date": "2024-10-24T02:00", "airport_iata": "MEX"}
2024-10-25 07:20:42,617 [INFO ]  [x] Sent to customer_flight_informations_arrivals {"date": "2024-10-24T02:00", "airport_iata": "SEA"}
2024-10-25 07:20:42,618 [INFO ]  [x] Sent to customer_flight_informations_arrivals {"date": "2024-10-24T02:00", "airport_iata": "EWR"}
2024-10-25 07:20:42,618 [INFO ]  [x] Sent to customer_flight_informations_arrivals {"date": "2024-10-24T02:00", "airport_iata": "SFO"}
2024-10-25 07:20:42,619 [INFO ]  [x] Sent to customer_flight_informations_arrivals {"date": "2024-10-24T02:00", "airport_iata": "BOG"}
2024-10-25 07:20:42,620 [INFO ]  [x] Sent to customer_flight_informations_arrivals {"date": "2024-10-24T02:00", "airport_iata": "GRU"}
2024-10-25 07:20:42,621 [INFO ]  [x] Sent to customer_flight_informations_arrivals {"date": "2024-10-24T02:00", "airport_iata": "FRA"}
2024-10-25 07:20:42,622 [INFO ]  [x] Sent to customer_flight_informations_arrivals {"date": "2024-10-24T02:00", "airport_iata": "MUC"}
2024-10-25 07:20:42,622 [INFO ]  [x] Sent to customer_flight_informations_arrivals {"date": "2024-10-24T02:00", "airport_iata": "BER"}
2024-10-25 07:20:42,624 [INFO ]  [x] Sent to customer_flight_informations_arrivals {"date": "2024-10-24T02:00", "airport_iata": "AMS"}
2024-10-25 07:20:42,625 [INFO ]  [x] Sent to customer_flight_informations_arrivals {"date": "2024-10-24T02:00", "airport_iata": "LHR"}
2024-10-25 07:20:42,625 [INFO ]  [x] Sent to customer_flight_informations_arrivals {"date": "2024-10-24T02:00", "airport_iata": "MAN"}
2024-10-25 07:20:42,626 [INFO ]  [x] Sent to customer_flight_informations_arrivals {"date": "2024-10-24T02:00", "airport_iata": "OSL"}
2024-10-25 07:20:42,627 [INFO ]  [x] Sent to customer_flight_informations_arrivals {"date": "2024-10-24T02:00", "airport_iata": "ARN"}
2024-10-25 07:20:42,627 [INFO ]  [x] Sent to customer_flight_informations_arrivals {"date": "2024-10-24T02:00", "airport_iata": "MAD"}
2024-10-25 07:20:42,628 [INFO ]  [x] Sent to customer_flight_informations_arrivals {"date": "2024-10-24T02:00", "airport_iata": "LIS"}
2024-10-25 07:20:42,629 [INFO ]  [x] Sent to customer_flight_informations_arrivals {"date": "2024-10-24T02:00", "airport_iata": "FCO"}
2024-10-25 07:20:42,629 [INFO ]  [x] Sent to customer_flight_informations_arrivals {"date": "2024-10-24T02:00", "airport_iata": "ATH"}
2024-10-25 07:20:42,630 [INFO ]  [x] Sent to customer_flight_informations_arrivals {"date": "2024-10-24T02:00", "airport_iata": "WAW"}
2024-10-25 07:20:42,630 [INFO ]  [x] Sent to customer_flight_informations_arrivals {"date": "2024-10-24T02:00", "airport_iata": "VIE"}
2024-10-25 07:20:42,631 [INFO ]  [x] Sent to customer_flight_informations_arrivals {"date": "2024-10-24T02:00", "airport_iata": "ZRH"}
2024-10-25 07:20:42,632 [INFO ]  [x] Sent to customer_flight_informations_arrivals {"date": "2024-10-24T02:00", "airport_iata": "DUB"}
2024-10-25 07:20:42,632 [INFO ]  [x] Sent to customer_flight_informations_arrivals {"date": "2024-10-24T02:00", "airport_iata": "NCE"}
2024-10-25 07:20:42,633 [INFO ]  [x] Sent to customer_flight_informations_arrivals {"date": "2024-10-24T02:00", "airport_iata": "CDG"}
2024-10-25 07:20:42,634 [INFO ]  [x] Sent to customer_flight_informations_arrivals {"date": "2024-10-24T06:00", "airport_iata": "DMM"}
2024-10-25 07:20:42,634 [INFO ]  [x] Sent to customer_flight_informations_arrivals {"date": "2024-10-24T06:00", "airport_iata": "DXB"}
2024-10-25 07:20:42,635 [INFO ]  [x] Sent to customer_flight_informations_arrivals {"date": "2024-10-24T06:00", "airport_iata": "PVG"}
2024-10-25 07:20:42,636 [INFO ]  [x] Sent to customer_flight_informations_arrivals {"date": "2024-10-24T06:00", "airport_iata": "BKK"}
2024-10-25 07:20:42,636 [INFO ]  [x] Sent to customer_flight_informations_arrivals {"date": "2024-10-24T06:00", "airport_iata": "IST"}
2024-10-25 07:20:42,637 [INFO ]  [x] Sent to customer_flight_informations_arrivals {"date": "2024-10-24T06:00", "airport_iata": "HND"}
2024-10-25 07:20:42,638 [INFO ]  [x] Sent to customer_flight_informations_arrivals {"date": "2024-10-24T06:00", "airport_iata": "PEK"}
2024-10-25 07:20:42,638 [INFO ]  [x] Sent to customer_flight_informations_arrivals {"date": "2024-10-24T06:00", "airport_iata": "DEL"}
2024-10-25 07:20:42,639 [INFO ]  [x] Sent to customer_flight_informations_arrivals {"date": "2024-10-24T06:00", "airport_iata": "CAI"}
2024-10-25 07:20:42,641 [INFO ]  [x] Sent to customer_flight_informations_arrivals {"date": "2024-10-24T06:00", "airport_iata": "CMN"}
2024-10-25 07:20:42,642 [INFO ]  [x] Sent to customer_flight_informations_arrivals {"date": "2024-10-24T06:00", "airport_iata": "CPT"}
2024-10-25 07:20:42,644 [INFO ]  [x] Sent to customer_flight_informations_arrivals {"date": "2024-10-24T06:00", "airport_iata": "LOS"}
2024-10-25 07:20:42,645 [INFO ]  [x] Sent to customer_flight_informations_arrivals {"date": "2024-10-24T06:00", "airport_iata": "ALG"}
2024-10-25 07:20:42,646 [INFO ]  [x] Sent to customer_flight_informations_arrivals {"date": "2024-10-24T06:00", "airport_iata": "NBO"}
2024-10-25 07:20:42,646 [INFO ]  [x] Sent to customer_flight_informations_arrivals {"date": "2024-10-24T06:00", "airport_iata": "SSH"}
2024-10-25 07:20:42,647 [INFO ]  [x] Sent to customer_flight_informations_arrivals {"date": "2024-10-24T06:00", "airport_iata": "MRU"}
2024-10-25 07:20:42,648 [INFO ]  [x] Sent to customer_flight_informations_arrivals {"date": "2024-10-24T06:00", "airport_iata": "ATL"}
2024-10-25 07:20:42,648 [INFO ]  [x] Sent to customer_flight_informations_arrivals {"date": "2024-10-24T06:00", "airport_iata": "DFW"}
2024-10-25 07:20:42,649 [INFO ]  [x] Sent to customer_flight_informations_arrivals {"date": "2024-10-24T06:00", "airport_iata": "DEN"}
2024-10-25 07:20:42,649 [INFO ]  [x] Sent to customer_flight_informations_arrivals {"date": "2024-10-24T06:00", "airport_iata": "ORD"}
2024-10-25 07:20:42,650 [INFO ]  [x] Sent to customer_flight_informations_arrivals {"date": "2024-10-24T06:00", "airport_iata": "LAX"}
2024-10-25 07:20:42,651 [INFO ]  [x] Sent to customer_flight_informations_arrivals {"date": "2024-10-24T06:00", "airport_iata": "JFK"}
2024-10-25 07:20:42,651 [INFO ]  [x] Sent to customer_flight_informations_arrivals {"date": "2024-10-24T06:00", "airport_iata": "LAS"}
2024-10-25 07:20:42,652 [INFO ]  [x] Sent to customer_flight_informations_arrivals {"date": "2024-10-24T06:00", "airport_iata": "MIA"}
2024-10-25 07:20:42,652 [INFO ]  [x] Sent to customer_flight_informations_arrivals {"date": "2024-10-24T06:00", "airport_iata": "MCO"}
2024-10-25 07:20:42,653 [INFO ]  [x] Sent to customer_flight_informations_arrivals {"date": "2024-10-24T06:00", "airport_iata": "CLT"}
2024-10-25 07:20:42,654 [INFO ]  [x] Sent to customer_flight_informations_arrivals {"date": "2024-10-24T06:00", "airport_iata": "MEX"}
2024-10-25 07:20:42,657 [INFO ]  [x] Sent to customer_flight_informations_arrivals {"date": "2024-10-24T06:00", "airport_iata": "SEA"}
2024-10-25 07:20:42,659 [INFO ]  [x] Sent to customer_flight_informations_arrivals {"date": "2024-10-24T06:00", "airport_iata": "EWR"}
2024-10-25 07:20:42,660 [INFO ]  [x] Sent to customer_flight_informations_arrivals {"date": "2024-10-24T06:00", "airport_iata": "SFO"}
2024-10-25 07:20:42,660 [INFO ]  [x] Sent to customer_flight_informations_arrivals {"date": "2024-10-24T06:00", "airport_iata": "BOG"}
2024-10-25 07:20:42,661 [INFO ]  [x] Sent to customer_flight_informations_arrivals {"date": "2024-10-24T06:00", "airport_iata": "GRU"}
2024-10-25 07:20:42,662 [INFO ]  [x] Sent to customer_flight_informations_arrivals {"date": "2024-10-24T06:00", "airport_iata": "FRA"}
2024-10-25 07:20:42,662 [INFO ]  [x] Sent to customer_flight_informations_arrivals {"date": "2024-10-24T06:00", "airport_iata": "MUC"}
2024-10-25 07:20:42,663 [INFO ]  [x] Sent to customer_flight_informations_arrivals {"date": "2024-10-24T06:00", "airport_iata": "BER"}
2024-10-25 07:20:42,664 [INFO ]  [x] Sent to customer_flight_informations_arrivals {"date": "2024-10-24T06:00", "airport_iata": "AMS"}
2024-10-25 07:20:42,664 [INFO ]  [x] Sent to customer_flight_informations_arrivals {"date": "2024-10-24T06:00", "airport_iata": "LHR"}
2024-10-25 07:20:42,665 [INFO ]  [x] Sent to customer_flight_informations_arrivals {"date": "2024-10-24T06:00", "airport_iata": "MAN"}
2024-10-25 07:20:42,665 [INFO ]  [x] Sent to customer_flight_informations_arrivals {"date": "2024-10-24T06:00", "airport_iata": "OSL"}
2024-10-25 07:20:42,666 [INFO ]  [x] Sent to customer_flight_informations_arrivals {"date": "2024-10-24T06:00", "airport_iata": "ARN"}
2024-10-25 07:20:42,666 [INFO ]  [x] Sent to customer_flight_informations_arrivals {"date": "2024-10-24T06:00", "airport_iata": "MAD"}
2024-10-25 07:20:42,667 [INFO ]  [x] Sent to customer_flight_informations_arrivals {"date": "2024-10-24T06:00", "airport_iata": "LIS"}
2024-10-25 07:20:42,667 [INFO ]  [x] Sent to customer_flight_informations_arrivals {"date": "2024-10-24T06:00", "airport_iata": "FCO"}
2024-10-25 07:20:42,668 [INFO ]  [x] Sent to customer_flight_informations_arrivals {"date": "2024-10-24T06:00", "airport_iata": "ATH"}
2024-10-25 07:20:42,669 [INFO ]  [x] Sent to customer_flight_informations_arrivals {"date": "2024-10-24T06:00", "airport_iata": "WAW"}
2024-10-25 07:20:42,669 [INFO ]  [x] Sent to customer_flight_informations_arrivals {"date": "2024-10-24T06:00", "airport_iata": "VIE"}
2024-10-25 07:20:42,670 [INFO ]  [x] Sent to customer_flight_informations_arrivals {"date": "2024-10-24T06:00", "airport_iata": "ZRH"}
2024-10-25 07:20:42,670 [INFO ]  [x] Sent to customer_flight_informations_arrivals {"date": "2024-10-24T06:00", "airport_iata": "DUB"}
2024-10-25 07:20:42,671 [INFO ]  [x] Sent to customer_flight_informations_arrivals {"date": "2024-10-24T06:00", "airport_iata": "NCE"}
2024-10-25 07:20:42,671 [INFO ]  [x] Sent to customer_flight_informations_arrivals {"date": "2024-10-24T06:00", "airport_iata": "CDG"}
2024-10-25 07:20:42,672 [INFO ]  [x] Sent to customer_flight_informations_arrivals {"date": "2024-10-24T10:00", "airport_iata": "DMM"}
2024-10-25 07:20:42,673 [INFO ]  [x] Sent to customer_flight_informations_arrivals {"date": "2024-10-24T10:00", "airport_iata": "DXB"}
2024-10-25 07:20:42,674 [INFO ]  [x] Sent to customer_flight_informations_arrivals {"date": "2024-10-24T10:00", "airport_iata": "PVG"}
2024-10-25 07:20:42,675 [INFO ]  [x] Sent to customer_flight_informations_arrivals {"date": "2024-10-24T10:00", "airport_iata": "BKK"}
2024-10-25 07:20:42,676 [INFO ]  [x] Sent to customer_flight_informations_arrivals {"date": "2024-10-24T10:00", "airport_iata": "IST"}
2024-10-25 07:20:42,676 [INFO ]  [x] Sent to customer_flight_informations_arrivals {"date": "2024-10-24T10:00", "airport_iata": "HND"}
2024-10-25 07:20:42,677 [INFO ]  [x] Sent to customer_flight_informations_arrivals {"date": "2024-10-24T10:00", "airport_iata": "PEK"}
2024-10-25 07:20:42,678 [INFO ]  [x] Sent to customer_flight_informations_arrivals {"date": "2024-10-24T10:00", "airport_iata": "DEL"}
2024-10-25 07:20:42,678 [INFO ]  [x] Sent to customer_flight_informations_arrivals {"date": "2024-10-24T10:00", "airport_iata": "CAI"}
2024-10-25 07:20:42,679 [INFO ]  [x] Sent to customer_flight_informations_arrivals {"date": "2024-10-24T10:00", "airport_iata": "CMN"}
2024-10-25 07:20:42,679 [INFO ]  [x] Sent to customer_flight_informations_arrivals {"date": "2024-10-24T10:00", "airport_iata": "CPT"}
2024-10-25 07:20:42,680 [INFO ]  [x] Sent to customer_flight_informations_arrivals {"date": "2024-10-24T10:00", "airport_iata": "LOS"}
2024-10-25 07:20:42,680 [INFO ]  [x] Sent to customer_flight_informations_arrivals {"date": "2024-10-24T10:00", "airport_iata": "ALG"}
2024-10-25 07:20:42,681 [INFO ]  [x] Sent to customer_flight_informations_arrivals {"date": "2024-10-24T10:00", "airport_iata": "NBO"}
2024-10-25 07:20:42,682 [INFO ]  [x] Sent to customer_flight_informations_arrivals {"date": "2024-10-24T10:00", "airport_iata": "SSH"}
2024-10-25 07:20:42,682 [INFO ]  [x] Sent to customer_flight_informations_arrivals {"date": "2024-10-24T10:00", "airport_iata": "MRU"}
2024-10-25 07:20:42,683 [INFO ]  [x] Sent to customer_flight_informations_arrivals {"date": "2024-10-24T10:00", "airport_iata": "ATL"}
2024-10-25 07:20:42,683 [INFO ]  [x] Sent to customer_flight_informations_arrivals {"date": "2024-10-24T10:00", "airport_iata": "DFW"}
2024-10-25 07:20:42,684 [INFO ]  [x] Sent to customer_flight_informations_arrivals {"date": "2024-10-24T10:00", "airport_iata": "DEN"}
2024-10-25 07:20:42,684 [INFO ]  [x] Sent to customer_flight_informations_arrivals {"date": "2024-10-24T10:00", "airport_iata": "ORD"}
2024-10-25 07:20:42,685 [INFO ]  [x] Sent to customer_flight_informations_arrivals {"date": "2024-10-24T10:00", "airport_iata": "LAX"}
2024-10-25 07:20:42,685 [INFO ]  [x] Sent to customer_flight_informations_arrivals {"date": "2024-10-24T10:00", "airport_iata": "JFK"}
2024-10-25 07:20:42,686 [INFO ]  [x] Sent to customer_flight_informations_arrivals {"date": "2024-10-24T10:00", "airport_iata": "LAS"}
2024-10-25 07:20:42,687 [INFO ]  [x] Sent to customer_flight_informations_arrivals {"date": "2024-10-24T10:00", "airport_iata": "MIA"}
2024-10-25 07:20:42,687 [INFO ]  [x] Sent to customer_flight_informations_arrivals {"date": "2024-10-24T10:00", "airport_iata": "MCO"}
2024-10-25 07:20:42,688 [INFO ]  [x] Sent to customer_flight_informations_arrivals {"date": "2024-10-24T10:00", "airport_iata": "CLT"}
2024-10-25 07:20:42,688 [INFO ]  [x] Sent to customer_flight_informations_arrivals {"date": "2024-10-24T10:00", "airport_iata": "MEX"}
2024-10-25 07:20:42,689 [INFO ]  [x] Sent to customer_flight_informations_arrivals {"date": "2024-10-24T10:00", "airport_iata": "SEA"}
2024-10-25 07:20:42,691 [INFO ]  [x] Sent to customer_flight_informations_arrivals {"date": "2024-10-24T10:00", "airport_iata": "EWR"}
2024-10-25 07:20:42,691 [INFO ]  [x] Sent to customer_flight_informations_arrivals {"date": "2024-10-24T10:00", "airport_iata": "SFO"}
2024-10-25 07:20:42,692 [INFO ]  [x] Sent to customer_flight_informations_arrivals {"date": "2024-10-24T10:00", "airport_iata": "BOG"}
2024-10-25 07:20:42,692 [INFO ]  [x] Sent to customer_flight_informations_arrivals {"date": "2024-10-24T10:00", "airport_iata": "GRU"}
2024-10-25 07:20:42,693 [INFO ]  [x] Sent to customer_flight_informations_arrivals {"date": "2024-10-24T10:00", "airport_iata": "FRA"}
2024-10-25 07:20:42,693 [INFO ]  [x] Sent to customer_flight_informations_arrivals {"date": "2024-10-24T10:00", "airport_iata": "MUC"}
2024-10-25 07:20:42,694 [INFO ]  [x] Sent to customer_flight_informations_arrivals {"date": "2024-10-24T10:00", "airport_iata": "BER"}
2024-10-25 07:20:42,695 [INFO ]  [x] Sent to customer_flight_informations_arrivals {"date": "2024-10-24T10:00", "airport_iata": "AMS"}
2024-10-25 07:20:42,695 [INFO ]  [x] Sent to customer_flight_informations_arrivals {"date": "2024-10-24T10:00", "airport_iata": "LHR"}
2024-10-25 07:20:42,696 [INFO ]  [x] Sent to customer_flight_informations_arrivals {"date": "2024-10-24T10:00", "airport_iata": "MAN"}
2024-10-25 07:20:42,697 [INFO ]  [x] Sent to customer_flight_informations_arrivals {"date": "2024-10-24T10:00", "airport_iata": "OSL"}
2024-10-25 07:20:42,697 [INFO ]  [x] Sent to customer_flight_informations_arrivals {"date": "2024-10-24T10:00", "airport_iata": "ARN"}
2024-10-25 07:20:42,698 [INFO ]  [x] Sent to customer_flight_informations_arrivals {"date": "2024-10-24T10:00", "airport_iata": "MAD"}
2024-10-25 07:20:42,699 [INFO ]  [x] Sent to customer_flight_informations_arrivals {"date": "2024-10-24T10:00", "airport_iata": "LIS"}
2024-10-25 07:20:42,699 [INFO ]  [x] Sent to customer_flight_informations_arrivals {"date": "2024-10-24T10:00", "airport_iata": "FCO"}
2024-10-25 07:20:42,700 [INFO ]  [x] Sent to customer_flight_informations_arrivals {"date": "2024-10-24T10:00", "airport_iata": "ATH"}
2024-10-25 07:20:42,700 [INFO ]  [x] Sent to customer_flight_informations_arrivals {"date": "2024-10-24T10:00", "airport_iata": "WAW"}
2024-10-25 07:20:42,701 [INFO ]  [x] Sent to customer_flight_informations_arrivals {"date": "2024-10-24T10:00", "airport_iata": "VIE"}
2024-10-25 07:20:42,702 [INFO ]  [x] Sent to customer_flight_informations_arrivals {"date": "2024-10-24T10:00", "airport_iata": "ZRH"}
2024-10-25 07:20:42,702 [INFO ]  [x] Sent to customer_flight_informations_arrivals {"date": "2024-10-24T10:00", "airport_iata": "DUB"}
2024-10-25 07:20:42,703 [INFO ]  [x] Sent to customer_flight_informations_arrivals {"date": "2024-10-24T10:00", "airport_iata": "NCE"}
2024-10-25 07:20:42,704 [INFO ]  [x] Sent to customer_flight_informations_arrivals {"date": "2024-10-24T10:00", "airport_iata": "CDG"}
2024-10-25 07:20:42,705 [INFO ]  [x] Sent to customer_flight_informations_arrivals {"date": "2024-10-24T14:00", "airport_iata": "DMM"}
2024-10-25 07:20:42,706 [INFO ]  [x] Sent to customer_flight_informations_arrivals {"date": "2024-10-24T14:00", "airport_iata": "DXB"}
2024-10-25 07:20:42,707 [INFO ]  [x] Sent to customer_flight_informations_arrivals {"date": "2024-10-24T14:00", "airport_iata": "PVG"}
2024-10-25 07:20:42,708 [INFO ]  [x] Sent to customer_flight_informations_arrivals {"date": "2024-10-24T14:00", "airport_iata": "BKK"}
2024-10-25 07:20:42,708 [INFO ]  [x] Sent to customer_flight_informations_arrivals {"date": "2024-10-24T14:00", "airport_iata": "IST"}
2024-10-25 07:20:42,709 [INFO ]  [x] Sent to customer_flight_informations_arrivals {"date": "2024-10-24T14:00", "airport_iata": "HND"}
2024-10-25 07:20:42,710 [INFO ]  [x] Sent to customer_flight_informations_arrivals {"date": "2024-10-24T14:00", "airport_iata": "PEK"}
2024-10-25 07:20:42,710 [INFO ]  [x] Sent to customer_flight_informations_arrivals {"date": "2024-10-24T14:00", "airport_iata": "DEL"}
2024-10-25 07:20:42,711 [INFO ]  [x] Sent to customer_flight_informations_arrivals {"date": "2024-10-24T14:00", "airport_iata": "CAI"}
2024-10-25 07:20:42,711 [INFO ]  [x] Sent to customer_flight_informations_arrivals {"date": "2024-10-24T14:00", "airport_iata": "CMN"}
2024-10-25 07:20:42,712 [INFO ]  [x] Sent to customer_flight_informations_arrivals {"date": "2024-10-24T14:00", "airport_iata": "CPT"}
2024-10-25 07:20:42,712 [INFO ]  [x] Sent to customer_flight_informations_arrivals {"date": "2024-10-24T14:00", "airport_iata": "LOS"}
2024-10-25 07:20:42,713 [INFO ]  [x] Sent to customer_flight_informations_arrivals {"date": "2024-10-24T14:00", "airport_iata": "ALG"}
2024-10-25 07:20:42,714 [INFO ]  [x] Sent to customer_flight_informations_arrivals {"date": "2024-10-24T14:00", "airport_iata": "NBO"}
2024-10-25 07:20:42,714 [INFO ]  [x] Sent to customer_flight_informations_arrivals {"date": "2024-10-24T14:00", "airport_iata": "SSH"}
2024-10-25 07:20:42,715 [INFO ]  [x] Sent to customer_flight_informations_arrivals {"date": "2024-10-24T14:00", "airport_iata": "MRU"}
2024-10-25 07:20:42,715 [INFO ]  [x] Sent to customer_flight_informations_arrivals {"date": "2024-10-24T14:00", "airport_iata": "ATL"}
2024-10-25 07:20:42,716 [INFO ]  [x] Sent to customer_flight_informations_arrivals {"date": "2024-10-24T14:00", "airport_iata": "DFW"}
2024-10-25 07:20:42,717 [INFO ]  [x] Sent to customer_flight_informations_arrivals {"date": "2024-10-24T14:00", "airport_iata": "DEN"}
2024-10-25 07:20:42,717 [INFO ]  [x] Sent to customer_flight_informations_arrivals {"date": "2024-10-24T14:00", "airport_iata": "ORD"}
2024-10-25 07:20:42,718 [INFO ]  [x] Sent to customer_flight_informations_arrivals {"date": "2024-10-24T14:00", "airport_iata": "LAX"}
2024-10-25 07:20:42,718 [INFO ]  [x] Sent to customer_flight_informations_arrivals {"date": "2024-10-24T14:00", "airport_iata": "JFK"}
2024-10-25 07:20:42,719 [INFO ]  [x] Sent to customer_flight_informations_arrivals {"date": "2024-10-24T14:00", "airport_iata": "LAS"}
2024-10-25 07:20:42,719 [INFO ]  [x] Sent to customer_flight_informations_arrivals {"date": "2024-10-24T14:00", "airport_iata": "MIA"}
2024-10-25 07:20:42,720 [INFO ]  [x] Sent to customer_flight_informations_arrivals {"date": "2024-10-24T14:00", "airport_iata": "MCO"}
2024-10-25 07:20:42,720 [INFO ]  [x] Sent to customer_flight_informations_arrivals {"date": "2024-10-24T14:00", "airport_iata": "CLT"}
2024-10-25 07:20:42,721 [INFO ]  [x] Sent to customer_flight_informations_arrivals {"date": "2024-10-24T14:00", "airport_iata": "MEX"}
2024-10-25 07:20:42,721 [INFO ]  [x] Sent to customer_flight_informations_arrivals {"date": "2024-10-24T14:00", "airport_iata": "SEA"}
2024-10-25 07:20:42,722 [INFO ]  [x] Sent to customer_flight_informations_arrivals {"date": "2024-10-24T14:00", "airport_iata": "EWR"}
2024-10-25 07:20:42,723 [INFO ]  [x] Sent to customer_flight_informations_arrivals {"date": "2024-10-24T14:00", "airport_iata": "SFO"}
2024-10-25 07:20:42,724 [INFO ]  [x] Sent to customer_flight_informations_arrivals {"date": "2024-10-24T14:00", "airport_iata": "BOG"}
2024-10-25 07:20:42,724 [INFO ]  [x] Sent to customer_flight_informations_arrivals {"date": "2024-10-24T14:00", "airport_iata": "GRU"}
2024-10-25 07:20:42,725 [INFO ]  [x] Sent to customer_flight_informations_arrivals {"date": "2024-10-24T14:00", "airport_iata": "FRA"}
2024-10-25 07:20:42,725 [INFO ]  [x] Sent to customer_flight_informations_arrivals {"date": "2024-10-24T14:00", "airport_iata": "MUC"}
2024-10-25 07:20:42,726 [INFO ]  [x] Sent to customer_flight_informations_arrivals {"date": "2024-10-24T14:00", "airport_iata": "BER"}
2024-10-25 07:20:42,726 [INFO ]  [x] Sent to customer_flight_informations_arrivals {"date": "2024-10-24T14:00", "airport_iata": "AMS"}
2024-10-25 07:20:42,727 [INFO ]  [x] Sent to customer_flight_informations_arrivals {"date": "2024-10-24T14:00", "airport_iata": "LHR"}
2024-10-25 07:20:42,728 [INFO ]  [x] Sent to customer_flight_informations_arrivals {"date": "2024-10-24T14:00", "airport_iata": "MAN"}
2024-10-25 07:20:42,728 [INFO ]  [x] Sent to customer_flight_informations_arrivals {"date": "2024-10-24T14:00", "airport_iata": "OSL"}
2024-10-25 07:20:42,729 [INFO ]  [x] Sent to customer_flight_informations_arrivals {"date": "2024-10-24T14:00", "airport_iata": "ARN"}
2024-10-25 07:20:42,729 [INFO ]  [x] Sent to customer_flight_informations_arrivals {"date": "2024-10-24T14:00", "airport_iata": "MAD"}
2024-10-25 07:20:42,730 [INFO ]  [x] Sent to customer_flight_informations_arrivals {"date": "2024-10-24T14:00", "airport_iata": "LIS"}
2024-10-25 07:20:42,730 [INFO ]  [x] Sent to customer_flight_informations_arrivals {"date": "2024-10-24T14:00", "airport_iata": "FCO"}
2024-10-25 07:20:42,731 [INFO ]  [x] Sent to customer_flight_informations_arrivals {"date": "2024-10-24T14:00", "airport_iata": "ATH"}
2024-10-25 07:20:42,732 [INFO ]  [x] Sent to customer_flight_informations_arrivals {"date": "2024-10-24T14:00", "airport_iata": "WAW"}
2024-10-25 07:20:42,732 [INFO ]  [x] Sent to customer_flight_informations_arrivals {"date": "2024-10-24T14:00", "airport_iata": "VIE"}
2024-10-25 07:20:42,733 [INFO ]  [x] Sent to customer_flight_informations_arrivals {"date": "2024-10-24T14:00", "airport_iata": "ZRH"}
2024-10-25 07:20:42,733 [INFO ]  [x] Sent to customer_flight_informations_arrivals {"date": "2024-10-24T14:00", "airport_iata": "DUB"}
2024-10-25 07:20:42,734 [INFO ]  [x] Sent to customer_flight_informations_arrivals {"date": "2024-10-24T14:00", "airport_iata": "NCE"}
2024-10-25 07:20:42,735 [INFO ]  [x] Sent to customer_flight_informations_arrivals {"date": "2024-10-24T14:00", "airport_iata": "CDG"}
2024-10-25 07:20:42,735 [INFO ]  [x] Sent to customer_flight_informations_arrivals {"date": "2024-10-24T18:00", "airport_iata": "DMM"}
2024-10-25 07:20:42,736 [INFO ]  [x] Sent to customer_flight_informations_arrivals {"date": "2024-10-24T18:00", "airport_iata": "DXB"}
2024-10-25 07:20:42,736 [INFO ]  [x] Sent to customer_flight_informations_arrivals {"date": "2024-10-24T18:00", "airport_iata": "PVG"}
2024-10-25 07:20:42,737 [INFO ]  [x] Sent to customer_flight_informations_arrivals {"date": "2024-10-24T18:00", "airport_iata": "BKK"}
2024-10-25 07:20:42,738 [INFO ]  [x] Sent to customer_flight_informations_arrivals {"date": "2024-10-24T18:00", "airport_iata": "IST"}
2024-10-25 07:20:42,738 [INFO ]  [x] Sent to customer_flight_informations_arrivals {"date": "2024-10-24T18:00", "airport_iata": "HND"}
2024-10-25 07:20:42,739 [INFO ]  [x] Sent to customer_flight_informations_arrivals {"date": "2024-10-24T18:00", "airport_iata": "PEK"}
2024-10-25 07:20:42,740 [INFO ]  [x] Sent to customer_flight_informations_arrivals {"date": "2024-10-24T18:00", "airport_iata": "DEL"}
2024-10-25 07:20:42,741 [INFO ]  [x] Sent to customer_flight_informations_arrivals {"date": "2024-10-24T18:00", "airport_iata": "CAI"}
2024-10-25 07:20:42,741 [INFO ]  [x] Sent to customer_flight_informations_arrivals {"date": "2024-10-24T18:00", "airport_iata": "CMN"}
2024-10-25 07:20:42,742 [INFO ]  [x] Sent to customer_flight_informations_arrivals {"date": "2024-10-24T18:00", "airport_iata": "CPT"}
2024-10-25 07:20:42,742 [INFO ]  [x] Sent to customer_flight_informations_arrivals {"date": "2024-10-24T18:00", "airport_iata": "LOS"}
2024-10-25 07:20:42,743 [INFO ]  [x] Sent to customer_flight_informations_arrivals {"date": "2024-10-24T18:00", "airport_iata": "ALG"}
2024-10-25 07:20:42,743 [INFO ]  [x] Sent to customer_flight_informations_arrivals {"date": "2024-10-24T18:00", "airport_iata": "NBO"}
2024-10-25 07:20:42,744 [INFO ]  [x] Sent to customer_flight_informations_arrivals {"date": "2024-10-24T18:00", "airport_iata": "SSH"}
2024-10-25 07:20:42,745 [INFO ]  [x] Sent to customer_flight_informations_arrivals {"date": "2024-10-24T18:00", "airport_iata": "MRU"}
2024-10-25 07:20:42,746 [INFO ]  [x] Sent to customer_flight_informations_arrivals {"date": "2024-10-24T18:00", "airport_iata": "ATL"}
2024-10-25 07:20:42,747 [INFO ]  [x] Sent to customer_flight_informations_arrivals {"date": "2024-10-24T18:00", "airport_iata": "DFW"}
2024-10-25 07:20:42,747 [INFO ]  [x] Sent to customer_flight_informations_arrivals {"date": "2024-10-24T18:00", "airport_iata": "DEN"}
2024-10-25 07:20:42,748 [INFO ]  [x] Sent to customer_flight_informations_arrivals {"date": "2024-10-24T18:00", "airport_iata": "ORD"}
2024-10-25 07:20:42,749 [INFO ]  [x] Sent to customer_flight_informations_arrivals {"date": "2024-10-24T18:00", "airport_iata": "LAX"}
2024-10-25 07:20:42,750 [INFO ]  [x] Sent to customer_flight_informations_arrivals {"date": "2024-10-24T18:00", "airport_iata": "JFK"}
2024-10-25 07:20:42,750 [INFO ]  [x] Sent to customer_flight_informations_arrivals {"date": "2024-10-24T18:00", "airport_iata": "LAS"}
2024-10-25 07:20:42,751 [INFO ]  [x] Sent to customer_flight_informations_arrivals {"date": "2024-10-24T18:00", "airport_iata": "MIA"}
2024-10-25 07:20:42,752 [INFO ]  [x] Sent to customer_flight_informations_arrivals {"date": "2024-10-24T18:00", "airport_iata": "MCO"}
2024-10-25 07:20:42,752 [INFO ]  [x] Sent to customer_flight_informations_arrivals {"date": "2024-10-24T18:00", "airport_iata": "CLT"}
2024-10-25 07:20:42,753 [INFO ]  [x] Sent to customer_flight_informations_arrivals {"date": "2024-10-24T18:00", "airport_iata": "MEX"}
2024-10-25 07:20:42,754 [INFO ]  [x] Sent to customer_flight_informations_arrivals {"date": "2024-10-24T18:00", "airport_iata": "SEA"}
2024-10-25 07:20:42,755 [INFO ]  [x] Sent to customer_flight_informations_arrivals {"date": "2024-10-24T18:00", "airport_iata": "EWR"}
2024-10-25 07:20:42,755 [INFO ]  [x] Sent to customer_flight_informations_arrivals {"date": "2024-10-24T18:00", "airport_iata": "SFO"}
2024-10-25 07:20:42,756 [INFO ]  [x] Sent to customer_flight_informations_arrivals {"date": "2024-10-24T18:00", "airport_iata": "BOG"}
2024-10-25 07:20:42,757 [INFO ]  [x] Sent to customer_flight_informations_arrivals {"date": "2024-10-24T18:00", "airport_iata": "GRU"}
2024-10-25 07:20:42,757 [INFO ]  [x] Sent to customer_flight_informations_arrivals {"date": "2024-10-24T18:00", "airport_iata": "FRA"}
2024-10-25 07:20:42,758 [INFO ]  [x] Sent to customer_flight_informations_arrivals {"date": "2024-10-24T18:00", "airport_iata": "MUC"}
2024-10-25 07:20:42,759 [INFO ]  [x] Sent to customer_flight_informations_arrivals {"date": "2024-10-24T18:00", "airport_iata": "BER"}
2024-10-25 07:20:42,760 [INFO ]  [x] Sent to customer_flight_informations_arrivals {"date": "2024-10-24T18:00", "airport_iata": "AMS"}
2024-10-25 07:20:42,761 [INFO ]  [x] Sent to customer_flight_informations_arrivals {"date": "2024-10-24T18:00", "airport_iata": "LHR"}
2024-10-25 07:20:42,761 [INFO ]  [x] Sent to customer_flight_informations_arrivals {"date": "2024-10-24T18:00", "airport_iata": "MAN"}
2024-10-25 07:20:42,762 [INFO ]  [x] Sent to customer_flight_informations_arrivals {"date": "2024-10-24T18:00", "airport_iata": "OSL"}
2024-10-25 07:20:42,762 [INFO ]  [x] Sent to customer_flight_informations_arrivals {"date": "2024-10-24T18:00", "airport_iata": "ARN"}
2024-10-25 07:20:42,763 [INFO ]  [x] Sent to customer_flight_informations_arrivals {"date": "2024-10-24T18:00", "airport_iata": "MAD"}
2024-10-25 07:20:42,764 [INFO ]  [x] Sent to customer_flight_informations_arrivals {"date": "2024-10-24T18:00", "airport_iata": "LIS"}
2024-10-25 07:20:42,764 [INFO ]  [x] Sent to customer_flight_informations_arrivals {"date": "2024-10-24T18:00", "airport_iata": "FCO"}
2024-10-25 07:20:42,765 [INFO ]  [x] Sent to customer_flight_informations_arrivals {"date": "2024-10-24T18:00", "airport_iata": "ATH"}
2024-10-25 07:20:42,765 [INFO ]  [x] Sent to customer_flight_informations_arrivals {"date": "2024-10-24T18:00", "airport_iata": "WAW"}
2024-10-25 07:20:42,766 [INFO ]  [x] Sent to customer_flight_informations_arrivals {"date": "2024-10-24T18:00", "airport_iata": "VIE"}
2024-10-25 07:20:42,767 [INFO ]  [x] Sent to customer_flight_informations_arrivals {"date": "2024-10-24T18:00", "airport_iata": "ZRH"}
2024-10-25 07:20:42,767 [INFO ]  [x] Sent to customer_flight_informations_arrivals {"date": "2024-10-24T18:00", "airport_iata": "DUB"}
2024-10-25 07:20:42,768 [INFO ]  [x] Sent to customer_flight_informations_arrivals {"date": "2024-10-24T18:00", "airport_iata": "NCE"}
2024-10-25 07:20:42,768 [INFO ]  [x] Sent to customer_flight_informations_arrivals {"date": "2024-10-24T18:00", "airport_iata": "CDG"}
2024-10-25 07:20:42,769 [INFO ]  [x] Sent to customer_flight_informations_arrivals {"date": "2024-10-24T22:00", "airport_iata": "DMM"}
2024-10-25 07:20:42,770 [INFO ]  [x] Sent to customer_flight_informations_arrivals {"date": "2024-10-24T22:00", "airport_iata": "DXB"}
2024-10-25 07:20:42,770 [INFO ]  [x] Sent to customer_flight_informations_arrivals {"date": "2024-10-24T22:00", "airport_iata": "PVG"}
2024-10-25 07:20:42,771 [INFO ]  [x] Sent to customer_flight_informations_arrivals {"date": "2024-10-24T22:00", "airport_iata": "BKK"}
2024-10-25 07:20:42,771 [INFO ]  [x] Sent to customer_flight_informations_arrivals {"date": "2024-10-24T22:00", "airport_iata": "IST"}
2024-10-25 07:20:42,772 [INFO ]  [x] Sent to customer_flight_informations_arrivals {"date": "2024-10-24T22:00", "airport_iata": "HND"}
2024-10-25 07:20:42,773 [INFO ]  [x] Sent to customer_flight_informations_arrivals {"date": "2024-10-24T22:00", "airport_iata": "PEK"}
2024-10-25 07:20:42,773 [INFO ]  [x] Sent to customer_flight_informations_arrivals {"date": "2024-10-24T22:00", "airport_iata": "DEL"}
2024-10-25 07:20:42,774 [INFO ]  [x] Sent to customer_flight_informations_arrivals {"date": "2024-10-24T22:00", "airport_iata": "CAI"}
2024-10-25 07:20:42,775 [INFO ]  [x] Sent to customer_flight_informations_arrivals {"date": "2024-10-24T22:00", "airport_iata": "CMN"}
2024-10-25 07:20:42,775 [INFO ]  [x] Sent to customer_flight_informations_arrivals {"date": "2024-10-24T22:00", "airport_iata": "CPT"}
2024-10-25 07:20:42,776 [INFO ]  [x] Sent to customer_flight_informations_arrivals {"date": "2024-10-24T22:00", "airport_iata": "LOS"}
2024-10-25 07:20:42,776 [INFO ]  [x] Sent to customer_flight_informations_arrivals {"date": "2024-10-24T22:00", "airport_iata": "ALG"}
2024-10-25 07:20:42,777 [INFO ]  [x] Sent to customer_flight_informations_arrivals {"date": "2024-10-24T22:00", "airport_iata": "NBO"}
2024-10-25 07:20:42,777 [INFO ]  [x] Sent to customer_flight_informations_arrivals {"date": "2024-10-24T22:00", "airport_iata": "SSH"}
2024-10-25 07:20:42,778 [INFO ]  [x] Sent to customer_flight_informations_arrivals {"date": "2024-10-24T22:00", "airport_iata": "MRU"}
2024-10-25 07:20:42,779 [INFO ]  [x] Sent to customer_flight_informations_arrivals {"date": "2024-10-24T22:00", "airport_iata": "ATL"}
2024-10-25 07:20:42,779 [INFO ]  [x] Sent to customer_flight_informations_arrivals {"date": "2024-10-24T22:00", "airport_iata": "DFW"}
2024-10-25 07:20:42,780 [INFO ]  [x] Sent to customer_flight_informations_arrivals {"date": "2024-10-24T22:00", "airport_iata": "DEN"}
2024-10-25 07:20:42,780 [INFO ]  [x] Sent to customer_flight_informations_arrivals {"date": "2024-10-24T22:00", "airport_iata": "ORD"}
2024-10-25 07:20:42,781 [INFO ]  [x] Sent to customer_flight_informations_arrivals {"date": "2024-10-24T22:00", "airport_iata": "LAX"}
2024-10-25 07:20:42,781 [INFO ]  [x] Sent to customer_flight_informations_arrivals {"date": "2024-10-24T22:00", "airport_iata": "JFK"}
2024-10-25 07:20:42,782 [INFO ]  [x] Sent to customer_flight_informations_arrivals {"date": "2024-10-24T22:00", "airport_iata": "LAS"}
2024-10-25 07:20:42,782 [INFO ]  [x] Sent to customer_flight_informations_arrivals {"date": "2024-10-24T22:00", "airport_iata": "MIA"}
2024-10-25 07:20:42,783 [INFO ]  [x] Sent to customer_flight_informations_arrivals {"date": "2024-10-24T22:00", "airport_iata": "MCO"}
2024-10-25 07:20:42,784 [INFO ]  [x] Sent to customer_flight_informations_arrivals {"date": "2024-10-24T22:00", "airport_iata": "CLT"}
2024-10-25 07:20:42,784 [INFO ]  [x] Sent to customer_flight_informations_arrivals {"date": "2024-10-24T22:00", "airport_iata": "MEX"}
2024-10-25 07:20:42,785 [INFO ]  [x] Sent to customer_flight_informations_arrivals {"date": "2024-10-24T22:00", "airport_iata": "SEA"}
2024-10-25 07:20:42,785 [INFO ]  [x] Sent to customer_flight_informations_arrivals {"date": "2024-10-24T22:00", "airport_iata": "EWR"}
2024-10-25 07:20:42,786 [INFO ]  [x] Sent to customer_flight_informations_arrivals {"date": "2024-10-24T22:00", "airport_iata": "SFO"}
2024-10-25 07:20:42,786 [INFO ]  [x] Sent to customer_flight_informations_arrivals {"date": "2024-10-24T22:00", "airport_iata": "BOG"}
2024-10-25 07:20:42,787 [INFO ]  [x] Sent to customer_flight_informations_arrivals {"date": "2024-10-24T22:00", "airport_iata": "GRU"}
2024-10-25 07:20:42,788 [INFO ]  [x] Sent to customer_flight_informations_arrivals {"date": "2024-10-24T22:00", "airport_iata": "FRA"}
2024-10-25 07:20:42,788 [INFO ]  [x] Sent to customer_flight_informations_arrivals {"date": "2024-10-24T22:00", "airport_iata": "MUC"}
2024-10-25 07:20:42,789 [INFO ]  [x] Sent to customer_flight_informations_arrivals {"date": "2024-10-24T22:00", "airport_iata": "BER"}
2024-10-25 07:20:42,790 [INFO ]  [x] Sent to customer_flight_informations_arrivals {"date": "2024-10-24T22:00", "airport_iata": "AMS"}
2024-10-25 07:20:42,790 [INFO ]  [x] Sent to customer_flight_informations_arrivals {"date": "2024-10-24T22:00", "airport_iata": "LHR"}
2024-10-25 07:20:42,791 [INFO ]  [x] Sent to customer_flight_informations_arrivals {"date": "2024-10-24T22:00", "airport_iata": "MAN"}
2024-10-25 07:20:42,791 [INFO ]  [x] Sent to customer_flight_informations_arrivals {"date": "2024-10-24T22:00", "airport_iata": "OSL"}
2024-10-25 07:20:42,792 [INFO ]  [x] Sent to customer_flight_informations_arrivals {"date": "2024-10-24T22:00", "airport_iata": "ARN"}
2024-10-25 07:20:42,792 [INFO ]  [x] Sent to customer_flight_informations_arrivals {"date": "2024-10-24T22:00", "airport_iata": "MAD"}
2024-10-25 07:20:42,793 [INFO ]  [x] Sent to customer_flight_informations_arrivals {"date": "2024-10-24T22:00", "airport_iata": "LIS"}
2024-10-25 07:20:42,794 [INFO ]  [x] Sent to customer_flight_informations_arrivals {"date": "2024-10-24T22:00", "airport_iata": "FCO"}
2024-10-25 07:20:42,794 [INFO ]  [x] Sent to customer_flight_informations_arrivals {"date": "2024-10-24T22:00", "airport_iata": "ATH"}
2024-10-25 07:20:42,795 [INFO ]  [x] Sent to customer_flight_informations_arrivals {"date": "2024-10-24T22:00", "airport_iata": "WAW"}
2024-10-25 07:20:42,795 [INFO ]  [x] Sent to customer_flight_informations_arrivals {"date": "2024-10-24T22:00", "airport_iata": "VIE"}
2024-10-25 07:20:42,796 [INFO ]  [x] Sent to customer_flight_informations_arrivals {"date": "2024-10-24T22:00", "airport_iata": "ZRH"}
2024-10-25 07:20:42,796 [INFO ]  [x] Sent to customer_flight_informations_arrivals {"date": "2024-10-24T22:00", "airport_iata": "DUB"}
2024-10-25 07:20:42,797 [INFO ]  [x] Sent to customer_flight_informations_arrivals {"date": "2024-10-24T22:00", "airport_iata": "NCE"}
2024-10-25 07:20:42,797 [INFO ]  [x] Sent to customer_flight_informations_arrivals {"date": "2024-10-24T22:00", "airport_iata": "CDG"}
2024-10-25 07:20:42,806 [INFO ]  [x] Sent to customer_flight_informations_departures {"date": "2024-10-24T02:00", "airport_iata": "DMM"}
2024-10-25 07:20:42,807 [INFO ]  [x] Sent to customer_flight_informations_departures {"date": "2024-10-24T02:00", "airport_iata": "DXB"}
2024-10-25 07:20:42,808 [INFO ]  [x] Sent to customer_flight_informations_departures {"date": "2024-10-24T02:00", "airport_iata": "PVG"}
2024-10-25 07:20:42,808 [INFO ]  [x] Sent to customer_flight_informations_departures {"date": "2024-10-24T02:00", "airport_iata": "BKK"}
2024-10-25 07:20:42,809 [INFO ]  [x] Sent to customer_flight_informations_departures {"date": "2024-10-24T02:00", "airport_iata": "IST"}
2024-10-25 07:20:42,809 [INFO ]  [x] Sent to customer_flight_informations_departures {"date": "2024-10-24T02:00", "airport_iata": "HND"}
2024-10-25 07:20:42,810 [INFO ]  [x] Sent to customer_flight_informations_departures {"date": "2024-10-24T02:00", "airport_iata": "PEK"}
2024-10-25 07:20:42,811 [INFO ]  [x] Sent to customer_flight_informations_departures {"date": "2024-10-24T02:00", "airport_iata": "DEL"}
2024-10-25 07:20:42,811 [INFO ]  [x] Sent to customer_flight_informations_departures {"date": "2024-10-24T02:00", "airport_iata": "CAI"}
2024-10-25 07:20:42,813 [INFO ]  [x] Sent to customer_flight_informations_departures {"date": "2024-10-24T02:00", "airport_iata": "CMN"}
2024-10-25 07:20:42,813 [INFO ]  [x] Sent to customer_flight_informations_departures {"date": "2024-10-24T02:00", "airport_iata": "CPT"}
2024-10-25 07:20:42,814 [INFO ]  [x] Sent to customer_flight_informations_departures {"date": "2024-10-24T02:00", "airport_iata": "LOS"}
2024-10-25 07:20:42,815 [INFO ]  [x] Sent to customer_flight_informations_departures {"date": "2024-10-24T02:00", "airport_iata": "ALG"}
2024-10-25 07:20:42,815 [INFO ]  [x] Sent to customer_flight_informations_departures {"date": "2024-10-24T02:00", "airport_iata": "NBO"}
2024-10-25 07:20:42,816 [INFO ]  [x] Sent to customer_flight_informations_departures {"date": "2024-10-24T02:00", "airport_iata": "SSH"}
2024-10-25 07:20:42,816 [INFO ]  [x] Sent to customer_flight_informations_departures {"date": "2024-10-24T02:00", "airport_iata": "MRU"}
2024-10-25 07:20:42,817 [INFO ]  [x] Sent to customer_flight_informations_departures {"date": "2024-10-24T02:00", "airport_iata": "ATL"}
2024-10-25 07:20:42,817 [INFO ]  [x] Sent to customer_flight_informations_departures {"date": "2024-10-24T02:00", "airport_iata": "DFW"}
2024-10-25 07:20:42,818 [INFO ]  [x] Sent to customer_flight_informations_departures {"date": "2024-10-24T02:00", "airport_iata": "DEN"}
2024-10-25 07:20:42,818 [INFO ]  [x] Sent to customer_flight_informations_departures {"date": "2024-10-24T02:00", "airport_iata": "ORD"}
2024-10-25 07:20:42,819 [INFO ]  [x] Sent to customer_flight_informations_departures {"date": "2024-10-24T02:00", "airport_iata": "LAX"}
2024-10-25 07:20:42,819 [INFO ]  [x] Sent to customer_flight_informations_departures {"date": "2024-10-24T02:00", "airport_iata": "JFK"}
2024-10-25 07:20:42,819 [INFO ]  [x] Sent to customer_flight_informations_departures {"date": "2024-10-24T02:00", "airport_iata": "LAS"}
2024-10-25 07:20:42,820 [INFO ]  [x] Sent to customer_flight_informations_departures {"date": "2024-10-24T02:00", "airport_iata": "MIA"}
2024-10-25 07:20:42,820 [INFO ]  [x] Sent to customer_flight_informations_departures {"date": "2024-10-24T02:00", "airport_iata": "MCO"}
2024-10-25 07:20:42,821 [INFO ]  [x] Sent to customer_flight_informations_departures {"date": "2024-10-24T02:00", "airport_iata": "CLT"}
2024-10-25 07:20:42,822 [INFO ]  [x] Sent to customer_flight_informations_departures {"date": "2024-10-24T02:00", "airport_iata": "MEX"}
2024-10-25 07:20:42,823 [INFO ]  [x] Sent to customer_flight_informations_departures {"date": "2024-10-24T02:00", "airport_iata": "SEA"}
2024-10-25 07:20:42,824 [INFO ]  [x] Sent to customer_flight_informations_departures {"date": "2024-10-24T02:00", "airport_iata": "EWR"}
2024-10-25 07:20:42,824 [INFO ]  [x] Sent to customer_flight_informations_departures {"date": "2024-10-24T02:00", "airport_iata": "SFO"}
2024-10-25 07:20:42,825 [INFO ]  [x] Sent to customer_flight_informations_departures {"date": "2024-10-24T02:00", "airport_iata": "BOG"}
2024-10-25 07:20:42,825 [INFO ]  [x] Sent to customer_flight_informations_departures {"date": "2024-10-24T02:00", "airport_iata": "GRU"}
2024-10-25 07:20:42,826 [INFO ]  [x] Sent to customer_flight_informations_departures {"date": "2024-10-24T02:00", "airport_iata": "FRA"}
2024-10-25 07:20:42,827 [INFO ]  [x] Sent to customer_flight_informations_departures {"date": "2024-10-24T02:00", "airport_iata": "MUC"}
2024-10-25 07:20:42,827 [INFO ]  [x] Sent to customer_flight_informations_departures {"date": "2024-10-24T02:00", "airport_iata": "BER"}
2024-10-25 07:20:42,828 [INFO ]  [x] Sent to customer_flight_informations_departures {"date": "2024-10-24T02:00", "airport_iata": "AMS"}
2024-10-25 07:20:42,828 [INFO ]  [x] Sent to customer_flight_informations_departures {"date": "2024-10-24T02:00", "airport_iata": "LHR"}
2024-10-25 07:20:42,829 [INFO ]  [x] Sent to customer_flight_informations_departures {"date": "2024-10-24T02:00", "airport_iata": "MAN"}
2024-10-25 07:20:42,829 [INFO ]  [x] Sent to customer_flight_informations_departures {"date": "2024-10-24T02:00", "airport_iata": "OSL"}
2024-10-25 07:20:42,830 [INFO ]  [x] Sent to customer_flight_informations_departures {"date": "2024-10-24T02:00", "airport_iata": "ARN"}
2024-10-25 07:20:42,830 [INFO ]  [x] Sent to customer_flight_informations_departures {"date": "2024-10-24T02:00", "airport_iata": "MAD"}
2024-10-25 07:20:42,831 [INFO ]  [x] Sent to customer_flight_informations_departures {"date": "2024-10-24T02:00", "airport_iata": "LIS"}
2024-10-25 07:20:42,831 [INFO ]  [x] Sent to customer_flight_informations_departures {"date": "2024-10-24T02:00", "airport_iata": "FCO"}
2024-10-25 07:20:42,832 [INFO ]  [x] Sent to customer_flight_informations_departures {"date": "2024-10-24T02:00", "airport_iata": "ATH"}
2024-10-25 07:20:42,832 [INFO ]  [x] Sent to customer_flight_informations_departures {"date": "2024-10-24T02:00", "airport_iata": "WAW"}
2024-10-25 07:20:42,833 [INFO ]  [x] Sent to customer_flight_informations_departures {"date": "2024-10-24T02:00", "airport_iata": "VIE"}
2024-10-25 07:20:42,833 [INFO ]  [x] Sent to customer_flight_informations_departures {"date": "2024-10-24T02:00", "airport_iata": "ZRH"}
2024-10-25 07:20:42,834 [INFO ]  [x] Sent to customer_flight_informations_departures {"date": "2024-10-24T02:00", "airport_iata": "DUB"}
2024-10-25 07:20:42,834 [INFO ]  [x] Sent to customer_flight_informations_departures {"date": "2024-10-24T02:00", "airport_iata": "NCE"}
2024-10-25 07:20:42,835 [INFO ]  [x] Sent to customer_flight_informations_departures {"date": "2024-10-24T02:00", "airport_iata": "CDG"}
2024-10-25 07:20:42,836 [INFO ]  [x] Sent to customer_flight_informations_departures {"date": "2024-10-24T06:00", "airport_iata": "DMM"}
2024-10-25 07:20:42,836 [INFO ]  [x] Sent to customer_flight_informations_departures {"date": "2024-10-24T06:00", "airport_iata": "DXB"}
2024-10-25 07:20:42,837 [INFO ]  [x] Sent to customer_flight_informations_departures {"date": "2024-10-24T06:00", "airport_iata": "PVG"}
2024-10-25 07:20:42,837 [INFO ]  [x] Sent to customer_flight_informations_departures {"date": "2024-10-24T06:00", "airport_iata": "BKK"}
2024-10-25 07:20:42,837 [INFO ]  [x] Sent to customer_flight_informations_departures {"date": "2024-10-24T06:00", "airport_iata": "IST"}
2024-10-25 07:20:42,838 [INFO ]  [x] Sent to customer_flight_informations_departures {"date": "2024-10-24T06:00", "airport_iata": "HND"}
2024-10-25 07:20:42,839 [INFO ]  [x] Sent to customer_flight_informations_departures {"date": "2024-10-24T06:00", "airport_iata": "PEK"}
2024-10-25 07:20:42,840 [INFO ]  [x] Sent to customer_flight_informations_departures {"date": "2024-10-24T06:00", "airport_iata": "DEL"}
2024-10-25 07:20:42,840 [INFO ]  [x] Sent to customer_flight_informations_departures {"date": "2024-10-24T06:00", "airport_iata": "CAI"}
2024-10-25 07:20:42,841 [INFO ]  [x] Sent to customer_flight_informations_departures {"date": "2024-10-24T06:00", "airport_iata": "CMN"}
2024-10-25 07:20:42,842 [INFO ]  [x] Sent to customer_flight_informations_departures {"date": "2024-10-24T06:00", "airport_iata": "CPT"}
2024-10-25 07:20:42,842 [INFO ]  [x] Sent to customer_flight_informations_departures {"date": "2024-10-24T06:00", "airport_iata": "LOS"}
2024-10-25 07:20:42,843 [INFO ]  [x] Sent to customer_flight_informations_departures {"date": "2024-10-24T06:00", "airport_iata": "ALG"}
2024-10-25 07:20:42,843 [INFO ]  [x] Sent to customer_flight_informations_departures {"date": "2024-10-24T06:00", "airport_iata": "NBO"}
2024-10-25 07:20:42,844 [INFO ]  [x] Sent to customer_flight_informations_departures {"date": "2024-10-24T06:00", "airport_iata": "SSH"}
2024-10-25 07:20:42,844 [INFO ]  [x] Sent to customer_flight_informations_departures {"date": "2024-10-24T06:00", "airport_iata": "MRU"}
2024-10-25 07:20:42,845 [INFO ]  [x] Sent to customer_flight_informations_departures {"date": "2024-10-24T06:00", "airport_iata": "ATL"}
2024-10-25 07:20:42,845 [INFO ]  [x] Sent to customer_flight_informations_departures {"date": "2024-10-24T06:00", "airport_iata": "DFW"}
2024-10-25 07:20:42,846 [INFO ]  [x] Sent to customer_flight_informations_departures {"date": "2024-10-24T06:00", "airport_iata": "DEN"}
2024-10-25 07:20:42,847 [INFO ]  [x] Sent to customer_flight_informations_departures {"date": "2024-10-24T06:00", "airport_iata": "ORD"}
2024-10-25 07:20:42,847 [INFO ]  [x] Sent to customer_flight_informations_departures {"date": "2024-10-24T06:00", "airport_iata": "LAX"}
2024-10-25 07:20:42,848 [INFO ]  [x] Sent to customer_flight_informations_departures {"date": "2024-10-24T06:00", "airport_iata": "JFK"}
2024-10-25 07:20:42,848 [INFO ]  [x] Sent to customer_flight_informations_departures {"date": "2024-10-24T06:00", "airport_iata": "LAS"}
2024-10-25 07:20:42,849 [INFO ]  [x] Sent to customer_flight_informations_departures {"date": "2024-10-24T06:00", "airport_iata": "MIA"}
2024-10-25 07:20:42,850 [INFO ]  [x] Sent to customer_flight_informations_departures {"date": "2024-10-24T06:00", "airport_iata": "MCO"}
2024-10-25 07:20:42,850 [INFO ]  [x] Sent to customer_flight_informations_departures {"date": "2024-10-24T06:00", "airport_iata": "CLT"}
2024-10-25 07:20:42,851 [INFO ]  [x] Sent to customer_flight_informations_departures {"date": "2024-10-24T06:00", "airport_iata": "MEX"}
2024-10-25 07:20:42,851 [INFO ]  [x] Sent to customer_flight_informations_departures {"date": "2024-10-24T06:00", "airport_iata": "SEA"}
2024-10-25 07:20:42,852 [INFO ]  [x] Sent to customer_flight_informations_departures {"date": "2024-10-24T06:00", "airport_iata": "EWR"}
2024-10-25 07:20:42,852 [INFO ]  [x] Sent to customer_flight_informations_departures {"date": "2024-10-24T06:00", "airport_iata": "SFO"}
2024-10-25 07:20:42,853 [INFO ]  [x] Sent to customer_flight_informations_departures {"date": "2024-10-24T06:00", "airport_iata": "BOG"}
2024-10-25 07:20:42,853 [INFO ]  [x] Sent to customer_flight_informations_departures {"date": "2024-10-24T06:00", "airport_iata": "GRU"}
2024-10-25 07:20:42,854 [INFO ]  [x] Sent to customer_flight_informations_departures {"date": "2024-10-24T06:00", "airport_iata": "FRA"}
2024-10-25 07:20:42,854 [INFO ]  [x] Sent to customer_flight_informations_departures {"date": "2024-10-24T06:00", "airport_iata": "MUC"}
2024-10-25 07:20:42,856 [INFO ]  [x] Sent to customer_flight_informations_departures {"date": "2024-10-24T06:00", "airport_iata": "BER"}
2024-10-25 07:20:42,856 [INFO ]  [x] Sent to customer_flight_informations_departures {"date": "2024-10-24T06:00", "airport_iata": "AMS"}
2024-10-25 07:20:42,857 [INFO ]  [x] Sent to customer_flight_informations_departures {"date": "2024-10-24T06:00", "airport_iata": "LHR"}
2024-10-25 07:20:42,858 [INFO ]  [x] Sent to customer_flight_informations_departures {"date": "2024-10-24T06:00", "airport_iata": "MAN"}
2024-10-25 07:20:42,858 [INFO ]  [x] Sent to customer_flight_informations_departures {"date": "2024-10-24T06:00", "airport_iata": "OSL"}
2024-10-25 07:20:42,859 [INFO ]  [x] Sent to customer_flight_informations_departures {"date": "2024-10-24T06:00", "airport_iata": "ARN"}
2024-10-25 07:20:42,860 [INFO ]  [x] Sent to customer_flight_informations_departures {"date": "2024-10-24T06:00", "airport_iata": "MAD"}
2024-10-25 07:20:42,860 [INFO ]  [x] Sent to customer_flight_informations_departures {"date": "2024-10-24T06:00", "airport_iata": "LIS"}
2024-10-25 07:20:42,861 [INFO ]  [x] Sent to customer_flight_informations_departures {"date": "2024-10-24T06:00", "airport_iata": "FCO"}
2024-10-25 07:20:42,861 [INFO ]  [x] Sent to customer_flight_informations_departures {"date": "2024-10-24T06:00", "airport_iata": "ATH"}
2024-10-25 07:20:42,862 [INFO ]  [x] Sent to customer_flight_informations_departures {"date": "2024-10-24T06:00", "airport_iata": "WAW"}
2024-10-25 07:20:42,863 [INFO ]  [x] Sent to customer_flight_informations_departures {"date": "2024-10-24T06:00", "airport_iata": "VIE"}
2024-10-25 07:20:42,863 [INFO ]  [x] Sent to customer_flight_informations_departures {"date": "2024-10-24T06:00", "airport_iata": "ZRH"}
2024-10-25 07:20:42,864 [INFO ]  [x] Sent to customer_flight_informations_departures {"date": "2024-10-24T06:00", "airport_iata": "DUB"}
2024-10-25 07:20:42,864 [INFO ]  [x] Sent to customer_flight_informations_departures {"date": "2024-10-24T06:00", "airport_iata": "NCE"}
2024-10-25 07:20:42,865 [INFO ]  [x] Sent to customer_flight_informations_departures {"date": "2024-10-24T06:00", "airport_iata": "CDG"}
2024-10-25 07:20:42,866 [INFO ]  [x] Sent to customer_flight_informations_departures {"date": "2024-10-24T10:00", "airport_iata": "DMM"}
2024-10-25 07:20:42,866 [INFO ]  [x] Sent to customer_flight_informations_departures {"date": "2024-10-24T10:00", "airport_iata": "DXB"}
2024-10-25 07:20:42,867 [INFO ]  [x] Sent to customer_flight_informations_departures {"date": "2024-10-24T10:00", "airport_iata": "PVG"}
2024-10-25 07:20:42,868 [INFO ]  [x] Sent to customer_flight_informations_departures {"date": "2024-10-24T10:00", "airport_iata": "BKK"}
2024-10-25 07:20:42,868 [INFO ]  [x] Sent to customer_flight_informations_departures {"date": "2024-10-24T10:00", "airport_iata": "IST"}
2024-10-25 07:20:42,869 [INFO ]  [x] Sent to customer_flight_informations_departures {"date": "2024-10-24T10:00", "airport_iata": "HND"}
2024-10-25 07:20:42,870 [INFO ]  [x] Sent to customer_flight_informations_departures {"date": "2024-10-24T10:00", "airport_iata": "PEK"}
2024-10-25 07:20:42,870 [INFO ]  [x] Sent to customer_flight_informations_departures {"date": "2024-10-24T10:00", "airport_iata": "DEL"}
2024-10-25 07:20:42,871 [INFO ]  [x] Sent to customer_flight_informations_departures {"date": "2024-10-24T10:00", "airport_iata": "CAI"}
2024-10-25 07:20:42,871 [INFO ]  [x] Sent to customer_flight_informations_departures {"date": "2024-10-24T10:00", "airport_iata": "CMN"}
2024-10-25 07:20:42,872 [INFO ]  [x] Sent to customer_flight_informations_departures {"date": "2024-10-24T10:00", "airport_iata": "CPT"}
2024-10-25 07:20:42,873 [INFO ]  [x] Sent to customer_flight_informations_departures {"date": "2024-10-24T10:00", "airport_iata": "LOS"}
2024-10-25 07:20:42,874 [INFO ]  [x] Sent to customer_flight_informations_departures {"date": "2024-10-24T10:00", "airport_iata": "ALG"}
2024-10-25 07:20:42,874 [INFO ]  [x] Sent to customer_flight_informations_departures {"date": "2024-10-24T10:00", "airport_iata": "NBO"}
2024-10-25 07:20:42,875 [INFO ]  [x] Sent to customer_flight_informations_departures {"date": "2024-10-24T10:00", "airport_iata": "SSH"}
2024-10-25 07:20:42,875 [INFO ]  [x] Sent to customer_flight_informations_departures {"date": "2024-10-24T10:00", "airport_iata": "MRU"}
2024-10-25 07:20:42,876 [INFO ]  [x] Sent to customer_flight_informations_departures {"date": "2024-10-24T10:00", "airport_iata": "ATL"}
2024-10-25 07:20:42,877 [INFO ]  [x] Sent to customer_flight_informations_departures {"date": "2024-10-24T10:00", "airport_iata": "DFW"}
2024-10-25 07:20:42,877 [INFO ]  [x] Sent to customer_flight_informations_departures {"date": "2024-10-24T10:00", "airport_iata": "DEN"}
2024-10-25 07:20:42,878 [INFO ]  [x] Sent to customer_flight_informations_departures {"date": "2024-10-24T10:00", "airport_iata": "ORD"}
2024-10-25 07:20:42,878 [INFO ]  [x] Sent to customer_flight_informations_departures {"date": "2024-10-24T10:00", "airport_iata": "LAX"}
2024-10-25 07:20:42,879 [INFO ]  [x] Sent to customer_flight_informations_departures {"date": "2024-10-24T10:00", "airport_iata": "JFK"}
2024-10-25 07:20:42,879 [INFO ]  [x] Sent to customer_flight_informations_departures {"date": "2024-10-24T10:00", "airport_iata": "LAS"}
2024-10-25 07:20:42,880 [INFO ]  [x] Sent to customer_flight_informations_departures {"date": "2024-10-24T10:00", "airport_iata": "MIA"}
2024-10-25 07:20:42,880 [INFO ]  [x] Sent to customer_flight_informations_departures {"date": "2024-10-24T10:00", "airport_iata": "MCO"}
2024-10-25 07:20:42,881 [INFO ]  [x] Sent to customer_flight_informations_departures {"date": "2024-10-24T10:00", "airport_iata": "CLT"}
2024-10-25 07:20:42,881 [INFO ]  [x] Sent to customer_flight_informations_departures {"date": "2024-10-24T10:00", "airport_iata": "MEX"}
2024-10-25 07:20:42,882 [INFO ]  [x] Sent to customer_flight_informations_departures {"date": "2024-10-24T10:00", "airport_iata": "SEA"}
2024-10-25 07:20:42,882 [INFO ]  [x] Sent to customer_flight_informations_departures {"date": "2024-10-24T10:00", "airport_iata": "EWR"}
2024-10-25 07:20:42,883 [INFO ]  [x] Sent to customer_flight_informations_departures {"date": "2024-10-24T10:00", "airport_iata": "SFO"}
2024-10-25 07:20:42,884 [INFO ]  [x] Sent to customer_flight_informations_departures {"date": "2024-10-24T10:00", "airport_iata": "BOG"}
2024-10-25 07:20:42,884 [INFO ]  [x] Sent to customer_flight_informations_departures {"date": "2024-10-24T10:00", "airport_iata": "GRU"}
2024-10-25 07:20:42,885 [INFO ]  [x] Sent to customer_flight_informations_departures {"date": "2024-10-24T10:00", "airport_iata": "FRA"}
2024-10-25 07:20:42,885 [INFO ]  [x] Sent to customer_flight_informations_departures {"date": "2024-10-24T10:00", "airport_iata": "MUC"}
2024-10-25 07:20:42,886 [INFO ]  [x] Sent to customer_flight_informations_departures {"date": "2024-10-24T10:00", "airport_iata": "BER"}
2024-10-25 07:20:42,887 [INFO ]  [x] Sent to customer_flight_informations_departures {"date": "2024-10-24T10:00", "airport_iata": "AMS"}
2024-10-25 07:20:42,888 [INFO ]  [x] Sent to customer_flight_informations_departures {"date": "2024-10-24T10:00", "airport_iata": "LHR"}
2024-10-25 07:20:42,889 [INFO ]  [x] Sent to customer_flight_informations_departures {"date": "2024-10-24T10:00", "airport_iata": "MAN"}
2024-10-25 07:20:42,890 [INFO ]  [x] Sent to customer_flight_informations_departures {"date": "2024-10-24T10:00", "airport_iata": "OSL"}
2024-10-25 07:20:42,891 [INFO ]  [x] Sent to customer_flight_informations_departures {"date": "2024-10-24T10:00", "airport_iata": "ARN"}
2024-10-25 07:20:42,892 [INFO ]  [x] Sent to customer_flight_informations_departures {"date": "2024-10-24T10:00", "airport_iata": "MAD"}
2024-10-25 07:20:42,892 [INFO ]  [x] Sent to customer_flight_informations_departures {"date": "2024-10-24T10:00", "airport_iata": "LIS"}
2024-10-25 07:20:42,893 [INFO ]  [x] Sent to customer_flight_informations_departures {"date": "2024-10-24T10:00", "airport_iata": "FCO"}
2024-10-25 07:20:42,894 [INFO ]  [x] Sent to customer_flight_informations_departures {"date": "2024-10-24T10:00", "airport_iata": "ATH"}
2024-10-25 07:20:42,894 [INFO ]  [x] Sent to customer_flight_informations_departures {"date": "2024-10-24T10:00", "airport_iata": "WAW"}
2024-10-25 07:20:42,895 [INFO ]  [x] Sent to customer_flight_informations_departures {"date": "2024-10-24T10:00", "airport_iata": "VIE"}
2024-10-25 07:20:42,896 [INFO ]  [x] Sent to customer_flight_informations_departures {"date": "2024-10-24T10:00", "airport_iata": "ZRH"}
2024-10-25 07:20:42,896 [INFO ]  [x] Sent to customer_flight_informations_departures {"date": "2024-10-24T10:00", "airport_iata": "DUB"}
2024-10-25 07:20:42,897 [INFO ]  [x] Sent to customer_flight_informations_departures {"date": "2024-10-24T10:00", "airport_iata": "NCE"}
2024-10-25 07:20:42,897 [INFO ]  [x] Sent to customer_flight_informations_departures {"date": "2024-10-24T10:00", "airport_iata": "CDG"}
2024-10-25 07:20:42,898 [INFO ]  [x] Sent to customer_flight_informations_departures {"date": "2024-10-24T14:00", "airport_iata": "DMM"}
2024-10-25 07:20:42,899 [INFO ]  [x] Sent to customer_flight_informations_departures {"date": "2024-10-24T14:00", "airport_iata": "DXB"}
2024-10-25 07:20:42,899 [INFO ]  [x] Sent to customer_flight_informations_departures {"date": "2024-10-24T14:00", "airport_iata": "PVG"}
2024-10-25 07:20:42,900 [INFO ]  [x] Sent to customer_flight_informations_departures {"date": "2024-10-24T14:00", "airport_iata": "BKK"}
2024-10-25 07:20:42,901 [INFO ]  [x] Sent to customer_flight_informations_departures {"date": "2024-10-24T14:00", "airport_iata": "IST"}
2024-10-25 07:20:42,901 [INFO ]  [x] Sent to customer_flight_informations_departures {"date": "2024-10-24T14:00", "airport_iata": "HND"}
2024-10-25 07:20:42,902 [INFO ]  [x] Sent to customer_flight_informations_departures {"date": "2024-10-24T14:00", "airport_iata": "PEK"}
2024-10-25 07:20:42,903 [INFO ]  [x] Sent to customer_flight_informations_departures {"date": "2024-10-24T14:00", "airport_iata": "DEL"}
2024-10-25 07:20:42,903 [INFO ]  [x] Sent to customer_flight_informations_departures {"date": "2024-10-24T14:00", "airport_iata": "CAI"}
2024-10-25 07:20:42,904 [INFO ]  [x] Sent to customer_flight_informations_departures {"date": "2024-10-24T14:00", "airport_iata": "CMN"}
2024-10-25 07:20:42,904 [INFO ]  [x] Sent to customer_flight_informations_departures {"date": "2024-10-24T14:00", "airport_iata": "CPT"}
2024-10-25 07:20:42,905 [INFO ]  [x] Sent to customer_flight_informations_departures {"date": "2024-10-24T14:00", "airport_iata": "LOS"}
2024-10-25 07:20:42,906 [INFO ]  [x] Sent to customer_flight_informations_departures {"date": "2024-10-24T14:00", "airport_iata": "ALG"}
2024-10-25 07:20:42,907 [INFO ]  [x] Sent to customer_flight_informations_departures {"date": "2024-10-24T14:00", "airport_iata": "NBO"}
2024-10-25 07:20:42,907 [INFO ]  [x] Sent to customer_flight_informations_departures {"date": "2024-10-24T14:00", "airport_iata": "SSH"}
2024-10-25 07:20:42,908 [INFO ]  [x] Sent to customer_flight_informations_departures {"date": "2024-10-24T14:00", "airport_iata": "MRU"}
2024-10-25 07:20:42,909 [INFO ]  [x] Sent to customer_flight_informations_departures {"date": "2024-10-24T14:00", "airport_iata": "ATL"}
2024-10-25 07:20:42,909 [INFO ]  [x] Sent to customer_flight_informations_departures {"date": "2024-10-24T14:00", "airport_iata": "DFW"}
2024-10-25 07:20:42,910 [INFO ]  [x] Sent to customer_flight_informations_departures {"date": "2024-10-24T14:00", "airport_iata": "DEN"}
2024-10-25 07:20:42,911 [INFO ]  [x] Sent to customer_flight_informations_departures {"date": "2024-10-24T14:00", "airport_iata": "ORD"}
2024-10-25 07:20:42,911 [INFO ]  [x] Sent to customer_flight_informations_departures {"date": "2024-10-24T14:00", "airport_iata": "LAX"}
2024-10-25 07:20:42,912 [INFO ]  [x] Sent to customer_flight_informations_departures {"date": "2024-10-24T14:00", "airport_iata": "JFK"}
2024-10-25 07:20:42,913 [INFO ]  [x] Sent to customer_flight_informations_departures {"date": "2024-10-24T14:00", "airport_iata": "LAS"}
2024-10-25 07:20:42,913 [INFO ]  [x] Sent to customer_flight_informations_departures {"date": "2024-10-24T14:00", "airport_iata": "MIA"}
2024-10-25 07:20:42,914 [INFO ]  [x] Sent to customer_flight_informations_departures {"date": "2024-10-24T14:00", "airport_iata": "MCO"}
2024-10-25 07:20:42,915 [INFO ]  [x] Sent to customer_flight_informations_departures {"date": "2024-10-24T14:00", "airport_iata": "CLT"}
2024-10-25 07:20:42,916 [INFO ]  [x] Sent to customer_flight_informations_departures {"date": "2024-10-24T14:00", "airport_iata": "MEX"}
2024-10-25 07:20:42,916 [INFO ]  [x] Sent to customer_flight_informations_departures {"date": "2024-10-24T14:00", "airport_iata": "SEA"}
2024-10-25 07:20:42,917 [INFO ]  [x] Sent to customer_flight_informations_departures {"date": "2024-10-24T14:00", "airport_iata": "EWR"}
2024-10-25 07:20:42,918 [INFO ]  [x] Sent to customer_flight_informations_departures {"date": "2024-10-24T14:00", "airport_iata": "SFO"}
2024-10-25 07:20:42,918 [INFO ]  [x] Sent to customer_flight_informations_departures {"date": "2024-10-24T14:00", "airport_iata": "BOG"}
2024-10-25 07:20:42,919 [INFO ]  [x] Sent to customer_flight_informations_departures {"date": "2024-10-24T14:00", "airport_iata": "GRU"}
2024-10-25 07:20:42,920 [INFO ]  [x] Sent to customer_flight_informations_departures {"date": "2024-10-24T14:00", "airport_iata": "FRA"}
2024-10-25 07:20:42,920 [INFO ]  [x] Sent to customer_flight_informations_departures {"date": "2024-10-24T14:00", "airport_iata": "MUC"}
2024-10-25 07:20:42,921 [INFO ]  [x] Sent to customer_flight_informations_departures {"date": "2024-10-24T14:00", "airport_iata": "BER"}
2024-10-25 07:20:42,922 [INFO ]  [x] Sent to customer_flight_informations_departures {"date": "2024-10-24T14:00", "airport_iata": "AMS"}
2024-10-25 07:20:42,922 [INFO ]  [x] Sent to customer_flight_informations_departures {"date": "2024-10-24T14:00", "airport_iata": "LHR"}
2024-10-25 07:20:42,923 [INFO ]  [x] Sent to customer_flight_informations_departures {"date": "2024-10-24T14:00", "airport_iata": "MAN"}
2024-10-25 07:20:42,924 [INFO ]  [x] Sent to customer_flight_informations_departures {"date": "2024-10-24T14:00", "airport_iata": "OSL"}
2024-10-25 07:20:42,924 [INFO ]  [x] Sent to customer_flight_informations_departures {"date": "2024-10-24T14:00", "airport_iata": "ARN"}
2024-10-25 07:20:42,925 [INFO ]  [x] Sent to customer_flight_informations_departures {"date": "2024-10-24T14:00", "airport_iata": "MAD"}
2024-10-25 07:20:42,926 [INFO ]  [x] Sent to customer_flight_informations_departures {"date": "2024-10-24T14:00", "airport_iata": "LIS"}
2024-10-25 07:20:42,926 [INFO ]  [x] Sent to customer_flight_informations_departures {"date": "2024-10-24T14:00", "airport_iata": "FCO"}
2024-10-25 07:20:42,927 [INFO ]  [x] Sent to customer_flight_informations_departures {"date": "2024-10-24T14:00", "airport_iata": "ATH"}
2024-10-25 07:20:42,928 [INFO ]  [x] Sent to customer_flight_informations_departures {"date": "2024-10-24T14:00", "airport_iata": "WAW"}
2024-10-25 07:20:42,928 [INFO ]  [x] Sent to customer_flight_informations_departures {"date": "2024-10-24T14:00", "airport_iata": "VIE"}
2024-10-25 07:20:42,929 [INFO ]  [x] Sent to customer_flight_informations_departures {"date": "2024-10-24T14:00", "airport_iata": "ZRH"}
2024-10-25 07:20:42,930 [INFO ]  [x] Sent to customer_flight_informations_departures {"date": "2024-10-24T14:00", "airport_iata": "DUB"}
2024-10-25 07:20:42,930 [INFO ]  [x] Sent to customer_flight_informations_departures {"date": "2024-10-24T14:00", "airport_iata": "NCE"}
2024-10-25 07:20:42,931 [INFO ]  [x] Sent to customer_flight_informations_departures {"date": "2024-10-24T14:00", "airport_iata": "CDG"}
2024-10-25 07:20:42,932 [INFO ]  [x] Sent to customer_flight_informations_departures {"date": "2024-10-24T18:00", "airport_iata": "DMM"}
2024-10-25 07:20:42,933 [INFO ]  [x] Sent to customer_flight_informations_departures {"date": "2024-10-24T18:00", "airport_iata": "DXB"}
2024-10-25 07:20:42,934 [INFO ]  [x] Sent to customer_flight_informations_departures {"date": "2024-10-24T18:00", "airport_iata": "PVG"}
2024-10-25 07:20:42,934 [INFO ]  [x] Sent to customer_flight_informations_departures {"date": "2024-10-24T18:00", "airport_iata": "BKK"}
2024-10-25 07:20:42,935 [INFO ]  [x] Sent to customer_flight_informations_departures {"date": "2024-10-24T18:00", "airport_iata": "IST"}
2024-10-25 07:20:42,936 [INFO ]  [x] Sent to customer_flight_informations_departures {"date": "2024-10-24T18:00", "airport_iata": "HND"}
2024-10-25 07:20:42,936 [INFO ]  [x] Sent to customer_flight_informations_departures {"date": "2024-10-24T18:00", "airport_iata": "PEK"}
2024-10-25 07:20:42,937 [INFO ]  [x] Sent to customer_flight_informations_departures {"date": "2024-10-24T18:00", "airport_iata": "DEL"}
2024-10-25 07:20:42,938 [INFO ]  [x] Sent to customer_flight_informations_departures {"date": "2024-10-24T18:00", "airport_iata": "CAI"}
2024-10-25 07:20:42,939 [INFO ]  [x] Sent to customer_flight_informations_departures {"date": "2024-10-24T18:00", "airport_iata": "CMN"}
2024-10-25 07:20:42,939 [INFO ]  [x] Sent to customer_flight_informations_departures {"date": "2024-10-24T18:00", "airport_iata": "CPT"}
2024-10-25 07:20:42,940 [INFO ]  [x] Sent to customer_flight_informations_departures {"date": "2024-10-24T18:00", "airport_iata": "LOS"}
2024-10-25 07:20:42,941 [INFO ]  [x] Sent to customer_flight_informations_departures {"date": "2024-10-24T18:00", "airport_iata": "ALG"}
2024-10-25 07:20:42,941 [INFO ]  [x] Sent to customer_flight_informations_departures {"date": "2024-10-24T18:00", "airport_iata": "NBO"}
2024-10-25 07:20:42,942 [INFO ]  [x] Sent to customer_flight_informations_departures {"date": "2024-10-24T18:00", "airport_iata": "SSH"}
2024-10-25 07:20:42,942 [INFO ]  [x] Sent to customer_flight_informations_departures {"date": "2024-10-24T18:00", "airport_iata": "MRU"}
2024-10-25 07:20:42,943 [INFO ]  [x] Sent to customer_flight_informations_departures {"date": "2024-10-24T18:00", "airport_iata": "ATL"}
2024-10-25 07:20:42,943 [INFO ]  [x] Sent to customer_flight_informations_departures {"date": "2024-10-24T18:00", "airport_iata": "DFW"}
2024-10-25 07:20:42,944 [INFO ]  [x] Sent to customer_flight_informations_departures {"date": "2024-10-24T18:00", "airport_iata": "DEN"}
2024-10-25 07:20:42,944 [INFO ]  [x] Sent to customer_flight_informations_departures {"date": "2024-10-24T18:00", "airport_iata": "ORD"}
2024-10-25 07:20:42,945 [INFO ]  [x] Sent to customer_flight_informations_departures {"date": "2024-10-24T18:00", "airport_iata": "LAX"}
2024-10-25 07:20:42,945 [INFO ]  [x] Sent to customer_flight_informations_departures {"date": "2024-10-24T18:00", "airport_iata": "JFK"}
2024-10-25 07:20:42,946 [INFO ]  [x] Sent to customer_flight_informations_departures {"date": "2024-10-24T18:00", "airport_iata": "LAS"}
2024-10-25 07:20:42,947 [INFO ]  [x] Sent to customer_flight_informations_departures {"date": "2024-10-24T18:00", "airport_iata": "MIA"}
2024-10-25 07:20:42,948 [INFO ]  [x] Sent to customer_flight_informations_departures {"date": "2024-10-24T18:00", "airport_iata": "MCO"}
2024-10-25 07:20:42,948 [INFO ]  [x] Sent to customer_flight_informations_departures {"date": "2024-10-24T18:00", "airport_iata": "CLT"}
2024-10-25 07:20:42,949 [INFO ]  [x] Sent to customer_flight_informations_departures {"date": "2024-10-24T18:00", "airport_iata": "MEX"}
2024-10-25 07:20:42,950 [INFO ]  [x] Sent to customer_flight_informations_departures {"date": "2024-10-24T18:00", "airport_iata": "SEA"}
2024-10-25 07:20:42,951 [INFO ]  [x] Sent to customer_flight_informations_departures {"date": "2024-10-24T18:00", "airport_iata": "EWR"}
2024-10-25 07:20:42,951 [INFO ]  [x] Sent to customer_flight_informations_departures {"date": "2024-10-24T18:00", "airport_iata": "SFO"}
2024-10-25 07:20:42,952 [INFO ]  [x] Sent to customer_flight_informations_departures {"date": "2024-10-24T18:00", "airport_iata": "BOG"}
2024-10-25 07:20:42,952 [INFO ]  [x] Sent to customer_flight_informations_departures {"date": "2024-10-24T18:00", "airport_iata": "GRU"}
2024-10-25 07:20:42,953 [INFO ]  [x] Sent to customer_flight_informations_departures {"date": "2024-10-24T18:00", "airport_iata": "FRA"}
2024-10-25 07:20:42,954 [INFO ]  [x] Sent to customer_flight_informations_departures {"date": "2024-10-24T18:00", "airport_iata": "MUC"}
2024-10-25 07:20:42,955 [INFO ]  [x] Sent to customer_flight_informations_departures {"date": "2024-10-24T18:00", "airport_iata": "BER"}
2024-10-25 07:20:42,956 [INFO ]  [x] Sent to customer_flight_informations_departures {"date": "2024-10-24T18:00", "airport_iata": "AMS"}
2024-10-25 07:20:42,957 [INFO ]  [x] Sent to customer_flight_informations_departures {"date": "2024-10-24T18:00", "airport_iata": "LHR"}
2024-10-25 07:20:42,958 [INFO ]  [x] Sent to customer_flight_informations_departures {"date": "2024-10-24T18:00", "airport_iata": "MAN"}
2024-10-25 07:20:42,958 [INFO ]  [x] Sent to customer_flight_informations_departures {"date": "2024-10-24T18:00", "airport_iata": "OSL"}
2024-10-25 07:20:42,959 [INFO ]  [x] Sent to customer_flight_informations_departures {"date": "2024-10-24T18:00", "airport_iata": "ARN"}
2024-10-25 07:20:42,959 [INFO ]  [x] Sent to customer_flight_informations_departures {"date": "2024-10-24T18:00", "airport_iata": "MAD"}
2024-10-25 07:20:42,960 [INFO ]  [x] Sent to customer_flight_informations_departures {"date": "2024-10-24T18:00", "airport_iata": "LIS"}
2024-10-25 07:20:42,961 [INFO ]  [x] Sent to customer_flight_informations_departures {"date": "2024-10-24T18:00", "airport_iata": "FCO"}
2024-10-25 07:20:42,962 [INFO ]  [x] Sent to customer_flight_informations_departures {"date": "2024-10-24T18:00", "airport_iata": "ATH"}
2024-10-25 07:20:42,962 [INFO ]  [x] Sent to customer_flight_informations_departures {"date": "2024-10-24T18:00", "airport_iata": "WAW"}
2024-10-25 07:20:42,963 [INFO ]  [x] Sent to customer_flight_informations_departures {"date": "2024-10-24T18:00", "airport_iata": "VIE"}
2024-10-25 07:20:42,963 [INFO ]  [x] Sent to customer_flight_informations_departures {"date": "2024-10-24T18:00", "airport_iata": "ZRH"}
2024-10-25 07:20:42,964 [INFO ]  [x] Sent to customer_flight_informations_departures {"date": "2024-10-24T18:00", "airport_iata": "DUB"}
2024-10-25 07:20:42,965 [INFO ]  [x] Sent to customer_flight_informations_departures {"date": "2024-10-24T18:00", "airport_iata": "NCE"}
2024-10-25 07:20:42,965 [INFO ]  [x] Sent to customer_flight_informations_departures {"date": "2024-10-24T18:00", "airport_iata": "CDG"}
2024-10-25 07:20:42,966 [INFO ]  [x] Sent to customer_flight_informations_departures {"date": "2024-10-24T22:00", "airport_iata": "DMM"}
2024-10-25 07:20:42,967 [INFO ]  [x] Sent to customer_flight_informations_departures {"date": "2024-10-24T22:00", "airport_iata": "DXB"}
2024-10-25 07:20:42,968 [INFO ]  [x] Sent to customer_flight_informations_departures {"date": "2024-10-24T22:00", "airport_iata": "PVG"}
2024-10-25 07:20:42,968 [INFO ]  [x] Sent to customer_flight_informations_departures {"date": "2024-10-24T22:00", "airport_iata": "BKK"}
2024-10-25 07:20:42,969 [INFO ]  [x] Sent to customer_flight_informations_departures {"date": "2024-10-24T22:00", "airport_iata": "IST"}
2024-10-25 07:20:42,970 [INFO ]  [x] Sent to customer_flight_informations_departures {"date": "2024-10-24T22:00", "airport_iata": "HND"}
2024-10-25 07:20:42,970 [INFO ]  [x] Sent to customer_flight_informations_departures {"date": "2024-10-24T22:00", "airport_iata": "PEK"}
2024-10-25 07:20:42,972 [INFO ]  [x] Sent to customer_flight_informations_departures {"date": "2024-10-24T22:00", "airport_iata": "DEL"}
2024-10-25 07:20:42,972 [INFO ]  [x] Sent to customer_flight_informations_departures {"date": "2024-10-24T22:00", "airport_iata": "CAI"}
2024-10-25 07:20:42,973 [INFO ]  [x] Sent to customer_flight_informations_departures {"date": "2024-10-24T22:00", "airport_iata": "CMN"}
2024-10-25 07:20:42,974 [INFO ]  [x] Sent to customer_flight_informations_departures {"date": "2024-10-24T22:00", "airport_iata": "CPT"}
2024-10-25 07:20:42,974 [INFO ]  [x] Sent to customer_flight_informations_departures {"date": "2024-10-24T22:00", "airport_iata": "LOS"}
2024-10-25 07:20:42,975 [INFO ]  [x] Sent to customer_flight_informations_departures {"date": "2024-10-24T22:00", "airport_iata": "ALG"}
2024-10-25 07:20:42,975 [INFO ]  [x] Sent to customer_flight_informations_departures {"date": "2024-10-24T22:00", "airport_iata": "NBO"}
2024-10-25 07:20:42,976 [INFO ]  [x] Sent to customer_flight_informations_departures {"date": "2024-10-24T22:00", "airport_iata": "SSH"}
2024-10-25 07:20:42,977 [INFO ]  [x] Sent to customer_flight_informations_departures {"date": "2024-10-24T22:00", "airport_iata": "MRU"}
2024-10-25 07:20:42,978 [INFO ]  [x] Sent to customer_flight_informations_departures {"date": "2024-10-24T22:00", "airport_iata": "ATL"}
2024-10-25 07:20:42,978 [INFO ]  [x] Sent to customer_flight_informations_departures {"date": "2024-10-24T22:00", "airport_iata": "DFW"}
2024-10-25 07:20:42,979 [INFO ]  [x] Sent to customer_flight_informations_departures {"date": "2024-10-24T22:00", "airport_iata": "DEN"}
2024-10-25 07:20:42,979 [INFO ]  [x] Sent to customer_flight_informations_departures {"date": "2024-10-24T22:00", "airport_iata": "ORD"}
2024-10-25 07:20:42,980 [INFO ]  [x] Sent to customer_flight_informations_departures {"date": "2024-10-24T22:00", "airport_iata": "LAX"}
2024-10-25 07:20:42,981 [INFO ]  [x] Sent to customer_flight_informations_departures {"date": "2024-10-24T22:00", "airport_iata": "JFK"}
2024-10-25 07:20:42,981 [INFO ]  [x] Sent to customer_flight_informations_departures {"date": "2024-10-24T22:00", "airport_iata": "LAS"}
2024-10-25 07:20:42,982 [INFO ]  [x] Sent to customer_flight_informations_departures {"date": "2024-10-24T22:00", "airport_iata": "MIA"}
2024-10-25 07:20:42,983 [INFO ]  [x] Sent to customer_flight_informations_departures {"date": "2024-10-24T22:00", "airport_iata": "MCO"}
2024-10-25 07:20:42,983 [INFO ]  [x] Sent to customer_flight_informations_departures {"date": "2024-10-24T22:00", "airport_iata": "CLT"}
2024-10-25 07:20:42,984 [INFO ]  [x] Sent to customer_flight_informations_departures {"date": "2024-10-24T22:00", "airport_iata": "MEX"}
2024-10-25 07:20:42,984 [INFO ]  [x] Sent to customer_flight_informations_departures {"date": "2024-10-24T22:00", "airport_iata": "SEA"}
2024-10-25 07:20:42,985 [INFO ]  [x] Sent to customer_flight_informations_departures {"date": "2024-10-24T22:00", "airport_iata": "EWR"}
2024-10-25 07:20:42,986 [INFO ]  [x] Sent to customer_flight_informations_departures {"date": "2024-10-24T22:00", "airport_iata": "SFO"}
2024-10-25 07:20:42,986 [INFO ]  [x] Sent to customer_flight_informations_departures {"date": "2024-10-24T22:00", "airport_iata": "BOG"}
2024-10-25 07:20:42,987 [INFO ]  [x] Sent to customer_flight_informations_departures {"date": "2024-10-24T22:00", "airport_iata": "GRU"}
2024-10-25 07:20:42,988 [INFO ]  [x] Sent to customer_flight_informations_departures {"date": "2024-10-24T22:00", "airport_iata": "FRA"}
2024-10-25 07:20:42,989 [INFO ]  [x] Sent to customer_flight_informations_departures {"date": "2024-10-24T22:00", "airport_iata": "MUC"}
2024-10-25 07:20:42,990 [INFO ]  [x] Sent to customer_flight_informations_departures {"date": "2024-10-24T22:00", "airport_iata": "BER"}
2024-10-25 07:20:42,990 [INFO ]  [x] Sent to customer_flight_informations_departures {"date": "2024-10-24T22:00", "airport_iata": "AMS"}
2024-10-25 07:20:42,991 [INFO ]  [x] Sent to customer_flight_informations_departures {"date": "2024-10-24T22:00", "airport_iata": "LHR"}
2024-10-25 07:20:42,992 [INFO ]  [x] Sent to customer_flight_informations_departures {"date": "2024-10-24T22:00", "airport_iata": "MAN"}
2024-10-25 07:20:42,992 [INFO ]  [x] Sent to customer_flight_informations_departures {"date": "2024-10-24T22:00", "airport_iata": "OSL"}
2024-10-25 07:20:42,993 [INFO ]  [x] Sent to customer_flight_informations_departures {"date": "2024-10-24T22:00", "airport_iata": "ARN"}
2024-10-25 07:20:42,994 [INFO ]  [x] Sent to customer_flight_informations_departures {"date": "2024-10-24T22:00", "airport_iata": "MAD"}
2024-10-25 07:20:42,994 [INFO ]  [x] Sent to customer_flight_informations_departures {"date": "2024-10-24T22:00", "airport_iata": "LIS"}
2024-10-25 07:20:42,995 [INFO ]  [x] Sent to customer_flight_informations_departures {"date": "2024-10-24T22:00", "airport_iata": "FCO"}
2024-10-25 07:20:42,996 [INFO ]  [x] Sent to customer_flight_informations_departures {"date": "2024-10-24T22:00", "airport_iata": "ATH"}
2024-10-25 07:20:42,997 [INFO ]  [x] Sent to customer_flight_informations_departures {"date": "2024-10-24T22:00", "airport_iata": "WAW"}
2024-10-25 07:20:42,997 [INFO ]  [x] Sent to customer_flight_informations_departures {"date": "2024-10-24T22:00", "airport_iata": "VIE"}
2024-10-25 07:20:42,998 [INFO ]  [x] Sent to customer_flight_informations_departures {"date": "2024-10-24T22:00", "airport_iata": "ZRH"}
2024-10-25 07:20:42,998 [INFO ]  [x] Sent to customer_flight_informations_departures {"date": "2024-10-24T22:00", "airport_iata": "DUB"}
2024-10-25 07:20:42,999 [INFO ]  [x] Sent to customer_flight_informations_departures {"date": "2024-10-24T22:00", "airport_iata": "NCE"}
2024-10-25 07:20:43,000 [INFO ]  [x] Sent to customer_flight_informations_departures {"date": "2024-10-24T22:00", "airport_iata": "CDG"}
